[ 2016-02-03T18:33:00+08:00 ] 127.0.0.1 /SuperCourseServer/index.php/Home/Index/index4ios/
INFO: [ app_init ] --START--
INFO: Run Behavior\BuildLiteBehavior [ RunTime:0.000014s ]
INFO: [ app_init ] --END-- [ RunTime:0.000410s ]
INFO: [ app_begin ] --START--
INFO: Run Behavior\ReadHtmlCacheBehavior [ RunTime:0.000452s ]
INFO: [ app_begin ] --END-- [ RunTime:0.000485s ]
NOTIC: [2048] call_user_func_array() expects parameter 1 to be a valid callback, non-static method Api::VideoList() should not be called statically /Applications/XAMPP/xamppfiles/htdocs/SuperCourseServer/Application/Home/Controller/IndexController.class.php 第 20 行.
SQL: SHOW COLUMNS FROM `sc_les_grouping` [ RunTime:0.0031s ]
SQL: SHOW COLUMNS FROM `sc_les_sections` [ RunTime:0.0012s ]
SQL: SHOW COLUMNS FROM `sc_les_baseinfo` [ RunTime:0.0013s ]
SQL: SELECT * FROM `sc_les_grouping`  [ RunTime:0.0010s ]
NOTIC: [8] Undefined variable: datagrouping /Applications/XAMPP/xamppfiles/htdocs/SuperCourseServer/ThinkPHP/Library/SC/VideoList/VideoList.class.php 第 66 行.
SQL: SELECT * FROM `sc_les_sections` WHERE `lesgrouping_id` = '0000'  [ RunTime:0.0013s ]
SQL: SELECT * FROM `sc_les_baseinfo` WHERE `lessections_id` = '0000'  [ RunTime:0.0009s ]
SQL: SELECT * FROM `sc_les_baseinfo` WHERE `lessections_id` = '0001'  [ RunTime:0.0001s ]
SQL: SELECT * FROM `sc_les_sections` WHERE `lesgrouping_id` = '0001'  [ RunTime:0.0001s ]
SQL: SELECT * FROM `sc_les_baseinfo` WHERE `lessections_id` = '0003'  [ RunTime:0.0001s ]
INFO: [ app_end ] --START--
INFO: Run Behavior\ShowPageTraceBehavior [ RunTime:0.000494s ]
INFO: [ app_end ] --END-- [ RunTime:0.000526s ]

[ 2016-02-03T18:33:01+08:00 ] 127.0.0.1 /SuperCourseServer/index.php/Home/Index/index4ios/
INFO: [ app_init ] --START--
INFO: Run Behavior\BuildLiteBehavior [ RunTime:0.000007s ]
INFO: [ app_init ] --END-- [ RunTime:0.000168s ]
INFO: [ app_begin ] --START--
INFO: Run Behavior\ReadHtmlCacheBehavior [ RunTime:0.000204s ]
INFO: [ app_begin ] --END-- [ RunTime:0.000228s ]
NOTIC: [2048] call_user_func_array() expects parameter 1 to be a valid callback, non-static method Api::LoadVideoInfo() should not be called statically /Applications/XAMPP/xamppfiles/htdocs/SuperCourseServer/Application/Home/Controller/IndexController.class.php 第 20 行.
SQL: SHOW COLUMNS FROM `sc_les_baseinfo` [ RunTime:0.0009s ]
SQL: SELECT * FROM `sc_les_baseinfo` WHERE `les_id` = '0001'  [ RunTime:0.0002s ]
SQL: SHOW COLUMNS FROM `sc_les_hotpoint` [ RunTime:0.0017s ]
NOTIC: [8] Use of undefined constant les_id - assumed 'les_id' /Applications/XAMPP/xamppfiles/htdocs/SuperCourseServer/ThinkPHP/Library/SC/VideoInfo/LoadVideoInfo.class.php 第 29 行.
SQL: SELECT * FROM `sc_les_hotpoint` WHERE `les_id` = '0001'  [ RunTime:0.0002s ]
SQL: SHOW COLUMNS FROM `sc_les_subtitle` [ RunTime:0.0013s ]
NOTIC: [8] Use of undefined constant les_id - assumed 'les_id' /Applications/XAMPP/xamppfiles/htdocs/SuperCourseServer/ThinkPHP/Library/SC/VideoInfo/LoadVideoInfo.class.php 第 34 行.
SQL: SELECT * FROM `sc_les_subtitle` WHERE `les_id` = '0001'  [ RunTime:0.0002s ]
INFO: [ app_end ] --START--
INFO: Run Behavior\ShowPageTraceBehavior [ RunTime:0.000311s ]
INFO: [ app_end ] --END-- [ RunTime:0.000342s ]

[ 2016-02-03T18:33:04+08:00 ] 127.0.0.1 /SuperCourseServer/index.php/Home/Index/index4ios/
INFO: [ app_init ] --START--
INFO: Run Behavior\BuildLiteBehavior [ RunTime:0.000010s ]
INFO: [ app_init ] --END-- [ RunTime:0.000209s ]
INFO: [ app_begin ] --START--
INFO: Run Behavior\ReadHtmlCacheBehavior [ RunTime:0.000294s ]
INFO: [ app_begin ] --END-- [ RunTime:0.000323s ]
NOTIC: [2048] call_user_func_array() expects parameter 1 to be a valid callback, non-static method Api::AddStudentStopTime() should not be called statically /Applications/XAMPP/xamppfiles/htdocs/SuperCourseServer/Application/Home/Controller/IndexController.class.php 第 20 行.
SQL: SHOW COLUMNS FROM `sc_stu_lesrecord` [ RunTime:0.0014s ]
SQL: SELECT MAX(num) AS tp_max FROM `sc_stu_lesrecord` WHERE `stu_id` = 'UnLoginUserSession' AND `les_id` = '0001' LIMIT 1   [ RunTime:0.0018s ]
SQL: INSERT INTO `sc_stu_lesrecord` (`stu_id`,`les_id`,`oversty_time`,`num`) VALUES ('UnLoginUserSession','0001','102.4156','7') [ RunTime:0.0009s ]
INFO: [ app_end ] --START--
INFO: Run Behavior\ShowPageTraceBehavior [ RunTime:0.000289s ]
INFO: [ app_end ] --END-- [ RunTime:0.000320s ]

[ 2016-02-03T21:01:24+08:00 ] 127.0.0.1 /SuperCourseServer/index.php/Home/Index/index4ios/
INFO: [ app_init ] --START--
INFO: Run Behavior\BuildLiteBehavior [ RunTime:0.000013s ]
INFO: [ app_init ] --END-- [ RunTime:0.000231s ]
INFO: [ app_begin ] --START--
INFO: Run Behavior\ReadHtmlCacheBehavior [ RunTime:0.000226s ]
INFO: [ app_begin ] --END-- [ RunTime:0.000254s ]
NOTIC: [2048] call_user_func_array() expects parameter 1 to be a valid callback, non-static method Api::VideoList() should not be called statically /Applications/XAMPP/xamppfiles/htdocs/SuperCourseServer/Application/Home/Controller/IndexController.class.php 第 20 行.
SQL: SHOW COLUMNS FROM `sc_les_grouping` [ RunTime:0.0010s ]
SQL: SHOW COLUMNS FROM `sc_les_sections` [ RunTime:0.0007s ]
SQL: SHOW COLUMNS FROM `sc_les_baseinfo` [ RunTime:0.0007s ]
SQL: SELECT * FROM `sc_les_grouping`  [ RunTime:0.0001s ]
NOTIC: [8] Undefined variable: datagrouping /Applications/XAMPP/xamppfiles/htdocs/SuperCourseServer/ThinkPHP/Library/SC/VideoList/VideoList.class.php 第 66 行.
SQL: SELECT * FROM `sc_les_sections` WHERE `lesgrouping_id` = '0000'  [ RunTime:0.0001s ]
SQL: SELECT * FROM `sc_les_baseinfo` WHERE `lessections_id` = '0000'  [ RunTime:0.0001s ]
SQL: SELECT * FROM `sc_les_baseinfo` WHERE `lessections_id` = '0001'  [ RunTime:0.0001s ]
SQL: SELECT * FROM `sc_les_sections` WHERE `lesgrouping_id` = '0001'  [ RunTime:0.0001s ]
SQL: SELECT * FROM `sc_les_baseinfo` WHERE `lessections_id` = '0003'  [ RunTime:0.0001s ]
INFO: [ app_end ] --START--
INFO: Run Behavior\ShowPageTraceBehavior [ RunTime:0.000321s ]
INFO: [ app_end ] --END-- [ RunTime:0.000357s ]

[ 2016-02-03T21:01:34+08:00 ] 127.0.0.1 /SuperCourseServer/index.php/Home/Index/index4ios/
INFO: [ app_init ] --START--
INFO: Run Behavior\BuildLiteBehavior [ RunTime:0.000012s ]
INFO: [ app_init ] --END-- [ RunTime:0.000265s ]
INFO: [ app_begin ] --START--
INFO: Run Behavior\ReadHtmlCacheBehavior [ RunTime:0.000228s ]
INFO: [ app_begin ] --END-- [ RunTime:0.000255s ]
NOTIC: [2048] call_user_func_array() expects parameter 1 to be a valid callback, non-static method Api::LoadVideoInfo() should not be called statically /Applications/XAMPP/xamppfiles/htdocs/SuperCourseServer/Application/Home/Controller/IndexController.class.php 第 20 行.
SQL: SHOW COLUMNS FROM `sc_les_baseinfo` [ RunTime:0.0027s ]
SQL: SELECT * FROM `sc_les_baseinfo` WHERE `les_id` = '0001'  [ RunTime:0.0002s ]
SQL: SHOW COLUMNS FROM `sc_les_hotpoint` [ RunTime:0.0007s ]
NOTIC: [8] Use of undefined constant les_id - assumed 'les_id' /Applications/XAMPP/xamppfiles/htdocs/SuperCourseServer/ThinkPHP/Library/SC/VideoInfo/LoadVideoInfo.class.php 第 29 行.
SQL: SELECT * FROM `sc_les_hotpoint` WHERE `les_id` = '0001'  [ RunTime:0.0001s ]
SQL: SHOW COLUMNS FROM `sc_les_subtitle` [ RunTime:0.0007s ]
NOTIC: [8] Use of undefined constant les_id - assumed 'les_id' /Applications/XAMPP/xamppfiles/htdocs/SuperCourseServer/ThinkPHP/Library/SC/VideoInfo/LoadVideoInfo.class.php 第 34 行.
SQL: SELECT * FROM `sc_les_subtitle` WHERE `les_id` = '0001'  [ RunTime:0.0001s ]
INFO: [ app_end ] --START--
INFO: Run Behavior\ShowPageTraceBehavior [ RunTime:0.000380s ]
INFO: [ app_end ] --END-- [ RunTime:0.000410s ]

[ 2016-02-03T21:01:35+08:00 ] 127.0.0.1 /SuperCourseServer/index.php/Home/Index/index4ios/
INFO: [ app_init ] --START--
INFO: Run Behavior\BuildLiteBehavior [ RunTime:0.000008s ]
INFO: [ app_init ] --END-- [ RunTime:0.000184s ]
INFO: [ app_begin ] --START--
INFO: Run Behavior\ReadHtmlCacheBehavior [ RunTime:0.000229s ]
INFO: [ app_begin ] --END-- [ RunTime:0.000256s ]
NOTIC: [2048] call_user_func_array() expects parameter 1 to be a valid callback, non-static method Api::AddStudentStopTime() should not be called statically /Applications/XAMPP/xamppfiles/htdocs/SuperCourseServer/Application/Home/Controller/IndexController.class.php 第 20 行.
SQL: SHOW COLUMNS FROM `sc_stu_lesrecord` [ RunTime:0.0025s ]
SQL: SELECT MAX(num) AS tp_max FROM `sc_stu_lesrecord` WHERE `stu_id` = 'UnLoginUserSession' AND `les_id` = '0001' LIMIT 1   [ RunTime:0.0002s ]
SQL: INSERT INTO `sc_stu_lesrecord` (`stu_id`,`les_id`,`oversty_time`,`num`) VALUES ('UnLoginUserSession','0001','0.5271186','8') [ RunTime:0.0003s ]
INFO: [ app_end ] --START--
INFO: Run Behavior\ShowPageTraceBehavior [ RunTime:0.000333s ]
INFO: [ app_end ] --END-- [ RunTime:0.000373s ]

[ 2016-02-03T21:01:45+08:00 ] 127.0.0.1 /SuperCourseServer/index.php/Home/Index/index4ios/
INFO: [ app_init ] --START--
INFO: Run Behavior\BuildLiteBehavior [ RunTime:0.000015s ]
INFO: [ app_init ] --END-- [ RunTime:0.000348s ]
INFO: [ app_begin ] --START--
INFO: Run Behavior\ReadHtmlCacheBehavior [ RunTime:0.000246s ]
INFO: [ app_begin ] --END-- [ RunTime:0.000276s ]
NOTIC: [2048] call_user_func_array() expects parameter 1 to be a valid callback, non-static method Api::AddStudentStopTime() should not be called statically /Applications/XAMPP/xamppfiles/htdocs/SuperCourseServer/Application/Home/Controller/IndexController.class.php 第 20 行.
SQL: SHOW COLUMNS FROM `sc_stu_lesrecord` [ RunTime:0.0010s ]
SQL: SELECT MAX(num) AS tp_max FROM `sc_stu_lesrecord` WHERE `stu_id` = 'UnLoginUserSession' AND `les_id` = '0001' LIMIT 1   [ RunTime:0.0002s ]
SQL: INSERT INTO `sc_stu_lesrecord` (`stu_id`,`les_id`,`oversty_time`,`num`) VALUES ('UnLoginUserSession','0001','28.63138','9') [ RunTime:0.0003s ]
INFO: [ app_end ] --START--
INFO: Run Behavior\ShowPageTraceBehavior [ RunTime:0.000319s ]
INFO: [ app_end ] --END-- [ RunTime:0.000350s ]

[ 2016-02-03T21:01:50+08:00 ] 127.0.0.1 /SuperCourseServer/index.php/Home/Index/index4ios/
INFO: [ app_init ] --START--
INFO: Run Behavior\BuildLiteBehavior [ RunTime:0.000008s ]
INFO: [ app_init ] --END-- [ RunTime:0.000191s ]
INFO: [ app_begin ] --START--
INFO: Run Behavior\ReadHtmlCacheBehavior [ RunTime:0.000234s ]
INFO: [ app_begin ] --END-- [ RunTime:0.000262s ]
NOTIC: [2048] call_user_func_array() expects parameter 1 to be a valid callback, non-static method Api::AddStudentSubtitle() should not be called statically /Applications/XAMPP/xamppfiles/htdocs/SuperCourseServer/Application/Home/Controller/IndexController.class.php 第 20 行.
SQL: SHOW COLUMNS FROM `sc_stu_lessubtitle` [ RunTime:0.0017s ]
SQL: SELECT MAX(num) AS tp_max FROM `sc_stu_lessubtitle` WHERE `stu_id` = 'UnLoginUserSession' AND `les_id` = '0001' LIMIT 1   [ RunTime:0.0002s ]
SQL: INSERT INTO `sc_stu_lessubtitle` (`stu_id`,`les_id`,`subtitle`,`bg_time`,`num`) VALUES ('UnLoginUserSession','0001','Add point','28.75665','8') [ RunTime:0.0003s ]
INFO: [ app_end ] --START--
INFO: Run Behavior\ShowPageTraceBehavior [ RunTime:0.000308s ]
INFO: [ app_end ] --END-- [ RunTime:0.000336s ]

[ 2016-02-03T21:15:14+08:00 ] 127.0.0.1 /SuperCourseServer/index.php/Home/Index/index4ios/
INFO: [ app_init ] --START--
INFO: Run Behavior\BuildLiteBehavior [ RunTime:0.000012s ]
INFO: [ app_init ] --END-- [ RunTime:0.000230s ]
INFO: [ app_begin ] --START--
INFO: Run Behavior\ReadHtmlCacheBehavior [ RunTime:0.000258s ]
INFO: [ app_begin ] --END-- [ RunTime:0.000285s ]
NOTIC: [2048] call_user_func_array() expects parameter 1 to be a valid callback, non-static method Api::VideoList() should not be called statically /Applications/XAMPP/xamppfiles/htdocs/SuperCourseServer/Application/Home/Controller/IndexController.class.php 第 20 行.
SQL: SHOW COLUMNS FROM `sc_les_grouping` [ RunTime:0.0011s ]
SQL: SHOW COLUMNS FROM `sc_les_sections` [ RunTime:0.0006s ]
SQL: SHOW COLUMNS FROM `sc_les_baseinfo` [ RunTime:0.0007s ]
SQL: SELECT * FROM `sc_les_grouping`  [ RunTime:0.0001s ]
NOTIC: [8] Undefined variable: datagrouping /Applications/XAMPP/xamppfiles/htdocs/SuperCourseServer/ThinkPHP/Library/SC/VideoList/VideoList.class.php 第 66 行.
SQL: SELECT * FROM `sc_les_sections` WHERE `lesgrouping_id` = '0000'  [ RunTime:0.0002s ]
SQL: SELECT * FROM `sc_les_baseinfo` WHERE `lessections_id` = '0000'  [ RunTime:0.0002s ]
SQL: SELECT * FROM `sc_les_baseinfo` WHERE `lessections_id` = '0001'  [ RunTime:0.0001s ]
SQL: SELECT * FROM `sc_les_sections` WHERE `lesgrouping_id` = '0001'  [ RunTime:0.0001s ]
SQL: SELECT * FROM `sc_les_baseinfo` WHERE `lessections_id` = '0003'  [ RunTime:0.0001s ]
INFO: [ app_end ] --START--
INFO: Run Behavior\ShowPageTraceBehavior [ RunTime:0.000385s ]
INFO: [ app_end ] --END-- [ RunTime:0.000415s ]

[ 2016-02-03T21:15:32+08:00 ] 127.0.0.1 /SuperCourseServer/index.php/Home/Index/index4ios/
INFO: [ app_init ] --START--
INFO: Run Behavior\BuildLiteBehavior [ RunTime:0.000012s ]
INFO: [ app_init ] --END-- [ RunTime:0.000243s ]
INFO: [ app_begin ] --START--
INFO: Run Behavior\ReadHtmlCacheBehavior [ RunTime:0.000232s ]
INFO: [ app_begin ] --END-- [ RunTime:0.000258s ]
NOTIC: [2048] call_user_func_array() expects parameter 1 to be a valid callback, non-static method Api::LoadVideoInfo() should not be called statically /Applications/XAMPP/xamppfiles/htdocs/SuperCourseServer/Application/Home/Controller/IndexController.class.php 第 20 行.
SQL: SHOW COLUMNS FROM `sc_les_baseinfo` [ RunTime:0.0027s ]
SQL: SELECT * FROM `sc_les_baseinfo` WHERE `les_id` = '0001'  [ RunTime:0.0002s ]
SQL: SHOW COLUMNS FROM `sc_les_hotpoint` [ RunTime:0.0007s ]
NOTIC: [8] Use of undefined constant les_id - assumed 'les_id' /Applications/XAMPP/xamppfiles/htdocs/SuperCourseServer/ThinkPHP/Library/SC/VideoInfo/LoadVideoInfo.class.php 第 29 行.
SQL: SELECT * FROM `sc_les_hotpoint` WHERE `les_id` = '0001'  [ RunTime:0.0002s ]
SQL: SHOW COLUMNS FROM `sc_les_subtitle` [ RunTime:0.0007s ]
NOTIC: [8] Use of undefined constant les_id - assumed 'les_id' /Applications/XAMPP/xamppfiles/htdocs/SuperCourseServer/ThinkPHP/Library/SC/VideoInfo/LoadVideoInfo.class.php 第 34 行.
SQL: SELECT * FROM `sc_les_subtitle` WHERE `les_id` = '0001'  [ RunTime:0.0002s ]
INFO: [ app_end ] --START--
INFO: Run Behavior\ShowPageTraceBehavior [ RunTime:0.000360s ]
INFO: [ app_end ] --END-- [ RunTime:0.000391s ]

[ 2016-02-03T21:15:35+08:00 ] 127.0.0.1 /SuperCourseServer/index.php/Home/Index/index4ios/
INFO: [ app_init ] --START--
INFO: Run Behavior\BuildLiteBehavior [ RunTime:0.000010s ]
INFO: [ app_init ] --END-- [ RunTime:0.000192s ]
INFO: [ app_begin ] --START--
INFO: Run Behavior\ReadHtmlCacheBehavior [ RunTime:0.000241s ]
INFO: [ app_begin ] --END-- [ RunTime:0.000267s ]
NOTIC: [2048] call_user_func_array() expects parameter 1 to be a valid callback, non-static method Api::AddStudentStopTime() should not be called statically /Applications/XAMPP/xamppfiles/htdocs/SuperCourseServer/Application/Home/Controller/IndexController.class.php 第 20 行.
SQL: SHOW COLUMNS FROM `sc_stu_lesrecord` [ RunTime:0.0010s ]
SQL: SELECT MAX(num) AS tp_max FROM `sc_stu_lesrecord` WHERE `stu_id` = 'UnLoginUserSession' AND `les_id` = '0001' LIMIT 1   [ RunTime:0.0002s ]
SQL: INSERT INTO `sc_stu_lesrecord` (`stu_id`,`les_id`,`oversty_time`,`num`) VALUES ('UnLoginUserSession','0001','2.638825','10') [ RunTime:0.0004s ]
INFO: [ app_end ] --START--
INFO: Run Behavior\ShowPageTraceBehavior [ RunTime:0.000346s ]
INFO: [ app_end ] --END-- [ RunTime:0.000378s ]

[ 2016-02-03T21:15:48+08:00 ] 127.0.0.1 /SuperCourseServer/index.php/Home/Index/index4ios/
INFO: [ app_init ] --START--
INFO: Run Behavior\BuildLiteBehavior [ RunTime:0.000008s ]
INFO: [ app_init ] --END-- [ RunTime:0.000166s ]
INFO: [ app_begin ] --START--
INFO: Run Behavior\ReadHtmlCacheBehavior [ RunTime:0.000202s ]
INFO: [ app_begin ] --END-- [ RunTime:0.000226s ]
NOTIC: [2048] call_user_func_array() expects parameter 1 to be a valid callback, non-static method Api::AddStudentSubtitle() should not be called statically /Applications/XAMPP/xamppfiles/htdocs/SuperCourseServer/Application/Home/Controller/IndexController.class.php 第 20 行.
SQL: SHOW COLUMNS FROM `sc_stu_lessubtitle` [ RunTime:0.0027s ]
SQL: SELECT MAX(num) AS tp_max FROM `sc_stu_lessubtitle` WHERE `stu_id` = 'UnLoginUserSession' AND `les_id` = '0001' LIMIT 1   [ RunTime:0.0002s ]
SQL: INSERT INTO `sc_stu_lessubtitle` (`stu_id`,`les_id`,`subtitle`,`bg_time`,`num`) VALUES ('UnLoginUserSession','0001',' This is the first subtitle','2.670367','9') [ RunTime:0.0004s ]
INFO: [ app_end ] --START--
INFO: Run Behavior\ShowPageTraceBehavior [ RunTime:0.000296s ]
INFO: [ app_end ] --END-- [ RunTime:0.000321s ]

[ 2016-02-03T21:16:06+08:00 ] 127.0.0.1 /SuperCourseServer/index.php/Home/Index/index4ios/
INFO: [ app_init ] --START--
INFO: Run Behavior\BuildLiteBehavior [ RunTime:0.000008s ]
INFO: [ app_init ] --END-- [ RunTime:0.000175s ]
INFO: [ app_begin ] --START--
INFO: Run Behavior\ReadHtmlCacheBehavior [ RunTime:0.000237s ]
INFO: [ app_begin ] --END-- [ RunTime:0.000263s ]
NOTIC: [2048] call_user_func_array() expects parameter 1 to be a valid callback, non-static method Api::AddStudentStopTime() should not be called statically /Applications/XAMPP/xamppfiles/htdocs/SuperCourseServer/Application/Home/Controller/IndexController.class.php 第 20 行.
SQL: SHOW COLUMNS FROM `sc_stu_lesrecord` [ RunTime:0.0008s ]
SQL: SELECT MAX(num) AS tp_max FROM `sc_stu_lesrecord` WHERE `stu_id` = 'UnLoginUserSession' AND `les_id` = '0001' LIMIT 1   [ RunTime:0.0002s ]
SQL: INSERT INTO `sc_stu_lesrecord` (`stu_id`,`les_id`,`oversty_time`,`num`) VALUES ('UnLoginUserSession','0001','20.76978','11') [ RunTime:0.0003s ]
INFO: [ app_end ] --START--
INFO: Run Behavior\ShowPageTraceBehavior [ RunTime:0.000292s ]
INFO: [ app_end ] --END-- [ RunTime:0.000317s ]

[ 2016-02-03T21:17:32+08:00 ] 127.0.0.1 /SuperCourseServer/index.php/Home/Index/index4ios/
INFO: [ app_init ] --START--
INFO: Run Behavior\BuildLiteBehavior [ RunTime:0.000007s ]
INFO: [ app_init ] --END-- [ RunTime:0.000178s ]
INFO: [ app_begin ] --START--
INFO: Run Behavior\ReadHtmlCacheBehavior [ RunTime:0.000205s ]
INFO: [ app_begin ] --END-- [ RunTime:0.000229s ]
NOTIC: [2048] call_user_func_array() expects parameter 1 to be a valid callback, non-static method Api::AddStudentStopTime() should not be called statically /Applications/XAMPP/xamppfiles/htdocs/SuperCourseServer/Application/Home/Controller/IndexController.class.php 第 20 行.
SQL: SHOW COLUMNS FROM `sc_stu_lesrecord` [ RunTime:0.0026s ]
SQL: SELECT MAX(num) AS tp_max FROM `sc_stu_lesrecord` WHERE `stu_id` = 'UnLoginUserSession' AND `les_id` = '0001' LIMIT 1   [ RunTime:0.0002s ]
SQL: INSERT INTO `sc_stu_lesrecord` (`stu_id`,`les_id`,`oversty_time`,`num`) VALUES ('UnLoginUserSession','0001','1.769887','12') [ RunTime:0.0003s ]
INFO: [ app_end ] --START--
INFO: Run Behavior\ShowPageTraceBehavior [ RunTime:0.000299s ]
INFO: [ app_end ] --END-- [ RunTime:0.000329s ]

[ 2016-02-03T21:17:37+08:00 ] 127.0.0.1 /SuperCourseServer/index.php/Home/Index/index4ios/
INFO: [ app_init ] --START--
INFO: Run Behavior\BuildLiteBehavior [ RunTime:0.000009s ]
INFO: [ app_init ] --END-- [ RunTime:0.000195s ]
INFO: [ app_begin ] --START--
INFO: Run Behavior\ReadHtmlCacheBehavior [ RunTime:0.000228s ]
INFO: [ app_begin ] --END-- [ RunTime:0.000253s ]
NOTIC: [2048] call_user_func_array() expects parameter 1 to be a valid callback, non-static method Api::AddStudentStopTime() should not be called statically /Applications/XAMPP/xamppfiles/htdocs/SuperCourseServer/Application/Home/Controller/IndexController.class.php 第 20 行.
SQL: SHOW COLUMNS FROM `sc_stu_lesrecord` [ RunTime:0.0030s ]
SQL: SELECT MAX(num) AS tp_max FROM `sc_stu_lesrecord` WHERE `stu_id` = 'UnLoginUserSession' AND `les_id` = '0001' LIMIT 1   [ RunTime:0.0002s ]
SQL: INSERT INTO `sc_stu_lesrecord` (`stu_id`,`les_id`,`oversty_time`,`num`) VALUES ('UnLoginUserSession','0001','2.2144','13') [ RunTime:0.0003s ]
INFO: [ app_end ] --START--
INFO: Run Behavior\ShowPageTraceBehavior [ RunTime:0.000274s ]
INFO: [ app_end ] --END-- [ RunTime:0.000299s ]

[ 2016-02-03T21:22:47+08:00 ] 127.0.0.1 /SuperCourseServer/index.php/Home/Index/index4ios/
INFO: [ app_init ] --START--
INFO: Run Behavior\BuildLiteBehavior [ RunTime:0.000013s ]
INFO: [ app_init ] --END-- [ RunTime:0.000377s ]
INFO: [ app_begin ] --START--
INFO: Run Behavior\ReadHtmlCacheBehavior [ RunTime:0.000614s ]
INFO: [ app_begin ] --END-- [ RunTime:0.000672s ]
NOTIC: [2048] call_user_func_array() expects parameter 1 to be a valid callback, non-static method Api::VideoList() should not be called statically /Applications/XAMPP/xamppfiles/htdocs/SuperCourseServer/Application/Home/Controller/IndexController.class.php 第 20 行.
SQL: SHOW COLUMNS FROM `sc_les_grouping` [ RunTime:0.0010s ]
SQL: SHOW COLUMNS FROM `sc_les_sections` [ RunTime:0.0013s ]
SQL: SHOW COLUMNS FROM `sc_les_baseinfo` [ RunTime:0.0010s ]
SQL: SELECT * FROM `sc_les_grouping`  [ RunTime:0.0002s ]
NOTIC: [8] Undefined variable: datagrouping /Applications/XAMPP/xamppfiles/htdocs/SuperCourseServer/ThinkPHP/Library/SC/VideoList/VideoList.class.php 第 66 行.
SQL: SELECT * FROM `sc_les_sections` WHERE `lesgrouping_id` = '0000'  [ RunTime:0.0002s ]
SQL: SELECT * FROM `sc_les_baseinfo` WHERE `lessections_id` = '0000'  [ RunTime:0.0001s ]
SQL: SELECT * FROM `sc_les_baseinfo` WHERE `lessections_id` = '0001'  [ RunTime:0.0001s ]
SQL: SELECT * FROM `sc_les_sections` WHERE `lesgrouping_id` = '0001'  [ RunTime:0.0001s ]
SQL: SELECT * FROM `sc_les_baseinfo` WHERE `lessections_id` = '0003'  [ RunTime:0.0002s ]
INFO: [ app_end ] --START--
INFO: Run Behavior\ShowPageTraceBehavior [ RunTime:0.000315s ]
INFO: [ app_end ] --END-- [ RunTime:0.000346s ]

[ 2016-02-03T21:22:48+08:00 ] 127.0.0.1 /SuperCourseServer/index.php/Home/Index/index4ios/
INFO: [ app_init ] --START--
INFO: Run Behavior\BuildLiteBehavior [ RunTime:0.000008s ]
INFO: [ app_init ] --END-- [ RunTime:0.000169s ]
INFO: [ app_begin ] --START--
INFO: Run Behavior\ReadHtmlCacheBehavior [ RunTime:0.000206s ]
INFO: [ app_begin ] --END-- [ RunTime:0.000229s ]
NOTIC: [2048] call_user_func_array() expects parameter 1 to be a valid callback, non-static method Api::LoadVideoInfo() should not be called statically /Applications/XAMPP/xamppfiles/htdocs/SuperCourseServer/Application/Home/Controller/IndexController.class.php 第 20 行.
SQL: SHOW COLUMNS FROM `sc_les_baseinfo` [ RunTime:0.0025s ]
SQL: SELECT * FROM `sc_les_baseinfo` WHERE `les_id` = '0001'  [ RunTime:0.0002s ]
SQL: SHOW COLUMNS FROM `sc_les_hotpoint` [ RunTime:0.0006s ]
NOTIC: [8] Use of undefined constant les_id - assumed 'les_id' /Applications/XAMPP/xamppfiles/htdocs/SuperCourseServer/ThinkPHP/Library/SC/VideoInfo/LoadVideoInfo.class.php 第 29 行.
SQL: SELECT * FROM `sc_les_hotpoint` WHERE `les_id` = '0001'  [ RunTime:0.0002s ]
SQL: SHOW COLUMNS FROM `sc_les_subtitle` [ RunTime:0.0007s ]
NOTIC: [8] Use of undefined constant les_id - assumed 'les_id' /Applications/XAMPP/xamppfiles/htdocs/SuperCourseServer/ThinkPHP/Library/SC/VideoInfo/LoadVideoInfo.class.php 第 34 行.
SQL: SELECT * FROM `sc_les_subtitle` WHERE `les_id` = '0001'  [ RunTime:0.0002s ]
INFO: [ app_end ] --START--
INFO: Run Behavior\ShowPageTraceBehavior [ RunTime:0.000290s ]
INFO: [ app_end ] --END-- [ RunTime:0.000325s ]

[ 2016-02-03T21:22:49+08:00 ] 127.0.0.1 /SuperCourseServer/index.php/Home/Index/index4ios/
INFO: [ app_init ] --START--
INFO: Run Behavior\BuildLiteBehavior [ RunTime:0.000008s ]
INFO: [ app_init ] --END-- [ RunTime:0.000174s ]
INFO: [ app_begin ] --START--
INFO: Run Behavior\ReadHtmlCacheBehavior [ RunTime:0.000208s ]
INFO: [ app_begin ] --END-- [ RunTime:0.000241s ]
NOTIC: [2048] call_user_func_array() expects parameter 1 to be a valid callback, non-static method Api::AddStudentStopTime() should not be called statically /Applications/XAMPP/xamppfiles/htdocs/SuperCourseServer/Application/Home/Controller/IndexController.class.php 第 20 行.
SQL: SHOW COLUMNS FROM `sc_stu_lesrecord` [ RunTime:0.0025s ]
SQL: SELECT MAX(num) AS tp_max FROM `sc_stu_lesrecord` WHERE `stu_id` = 'UnLoginUserSession' AND `les_id` = '0001' LIMIT 1   [ RunTime:0.0003s ]
SQL: INSERT INTO `sc_stu_lesrecord` (`stu_id`,`les_id`,`oversty_time`,`num`) VALUES ('UnLoginUserSession','0001','0.5260087','14') [ RunTime:0.0003s ]
INFO: [ app_end ] --START--
INFO: Run Behavior\ShowPageTraceBehavior [ RunTime:0.000396s ]
INFO: [ app_end ] --END-- [ RunTime:0.000432s ]

[ 2016-02-03T21:22:55+08:00 ] 127.0.0.1 /SuperCourseServer/index.php/Home/Index/index4ios/
INFO: [ app_init ] --START--
INFO: Run Behavior\BuildLiteBehavior [ RunTime:0.000012s ]
INFO: [ app_init ] --END-- [ RunTime:0.000204s ]
INFO: [ app_begin ] --START--
INFO: Run Behavior\ReadHtmlCacheBehavior [ RunTime:0.000255s ]
INFO: [ app_begin ] --END-- [ RunTime:0.000283s ]
NOTIC: [2048] call_user_func_array() expects parameter 1 to be a valid callback, non-static method Api::AddStudentSubtitle() should not be called statically /Applications/XAMPP/xamppfiles/htdocs/SuperCourseServer/Application/Home/Controller/IndexController.class.php 第 20 行.
SQL: SHOW COLUMNS FROM `sc_stu_lessubtitle` [ RunTime:0.0026s ]
SQL: SELECT MAX(num) AS tp_max FROM `sc_stu_lessubtitle` WHERE `stu_id` = 'UnLoginUserSession' AND `les_id` = '0001' LIMIT 1   [ RunTime:0.0002s ]
SQL: INSERT INTO `sc_stu_lessubtitle` (`stu_id`,`les_id`,`subtitle`,`bg_time`,`num`) VALUES ('UnLoginUserSession','0001','Add pint','0.5966667','10') [ RunTime:0.0003s ]
INFO: [ app_end ] --START--
INFO: Run Behavior\ShowPageTraceBehavior [ RunTime:0.000287s ]
INFO: [ app_end ] --END-- [ RunTime:0.000312s ]

[ 2016-02-03T21:22:59+08:00 ] 127.0.0.1 /SuperCourseServer/index.php/Home/Index/index4ios/
INFO: [ app_init ] --START--
INFO: Run Behavior\BuildLiteBehavior [ RunTime:0.000007s ]
INFO: [ app_init ] --END-- [ RunTime:0.000177s ]
INFO: [ app_begin ] --START--
INFO: Run Behavior\ReadHtmlCacheBehavior [ RunTime:0.000209s ]
INFO: [ app_begin ] --END-- [ RunTime:0.000235s ]
NOTIC: [2048] call_user_func_array() expects parameter 1 to be a valid callback, non-static method Api::AddStudentStopTime() should not be called statically /Applications/XAMPP/xamppfiles/htdocs/SuperCourseServer/Application/Home/Controller/IndexController.class.php 第 20 行.
SQL: SHOW COLUMNS FROM `sc_stu_lesrecord` [ RunTime:0.0027s ]
SQL: SELECT MAX(num) AS tp_max FROM `sc_stu_lesrecord` WHERE `stu_id` = 'UnLoginUserSession' AND `les_id` = '0001' LIMIT 1   [ RunTime:0.0002s ]
SQL: INSERT INTO `sc_stu_lesrecord` (`stu_id`,`les_id`,`oversty_time`,`num`) VALUES ('UnLoginUserSession','0001','3.275339','15') [ RunTime:0.0006s ]
INFO: [ app_end ] --START--
INFO: Run Behavior\ShowPageTraceBehavior [ RunTime:0.000279s ]
INFO: [ app_end ] --END-- [ RunTime:0.000305s ]

[ 2016-02-03T21:30:53+08:00 ] 127.0.0.1 /SuperCourseServer/index.php/Home/Index/index4ios/
INFO: [ app_init ] --START--
INFO: Run Behavior\BuildLiteBehavior [ RunTime:0.000008s ]
INFO: [ app_init ] --END-- [ RunTime:0.000177s ]
INFO: [ app_begin ] --START--
INFO: Run Behavior\ReadHtmlCacheBehavior [ RunTime:0.000214s ]
INFO: [ app_begin ] --END-- [ RunTime:0.000239s ]
NOTIC: [2048] call_user_func_array() expects parameter 1 to be a valid callback, non-static method Api::VideoList() should not be called statically /Applications/XAMPP/xamppfiles/htdocs/SuperCourseServer/Application/Home/Controller/IndexController.class.php 第 20 行.
SQL: SHOW COLUMNS FROM `sc_les_grouping` [ RunTime:0.0010s ]
SQL: SHOW COLUMNS FROM `sc_les_sections` [ RunTime:0.0008s ]
SQL: SHOW COLUMNS FROM `sc_les_baseinfo` [ RunTime:0.0008s ]
SQL: SELECT * FROM `sc_les_grouping`  [ RunTime:0.0002s ]
NOTIC: [8] Undefined variable: datagrouping /Applications/XAMPP/xamppfiles/htdocs/SuperCourseServer/ThinkPHP/Library/SC/VideoList/VideoList.class.php 第 66 行.
SQL: SELECT * FROM `sc_les_sections` WHERE `lesgrouping_id` = '0000'  [ RunTime:0.0001s ]
SQL: SELECT * FROM `sc_les_baseinfo` WHERE `lessections_id` = '0000'  [ RunTime:0.0001s ]
SQL: SELECT * FROM `sc_les_baseinfo` WHERE `lessections_id` = '0001'  [ RunTime:0.0001s ]
SQL: SELECT * FROM `sc_les_sections` WHERE `lesgrouping_id` = '0001'  [ RunTime:0.0001s ]
SQL: SELECT * FROM `sc_les_baseinfo` WHERE `lessections_id` = '0003'  [ RunTime:0.0001s ]
INFO: [ app_end ] --START--
INFO: Run Behavior\ShowPageTraceBehavior [ RunTime:0.000343s ]
INFO: [ app_end ] --END-- [ RunTime:0.000369s ]

[ 2016-02-03T21:30:54+08:00 ] 127.0.0.1 /SuperCourseServer/index.php/Home/Index/index4ios/
INFO: [ app_init ] --START--
INFO: Run Behavior\BuildLiteBehavior [ RunTime:0.000008s ]
INFO: [ app_init ] --END-- [ RunTime:0.000171s ]
INFO: [ app_begin ] --START--
INFO: Run Behavior\ReadHtmlCacheBehavior [ RunTime:0.000210s ]
INFO: [ app_begin ] --END-- [ RunTime:0.000235s ]
NOTIC: [2048] call_user_func_array() expects parameter 1 to be a valid callback, non-static method Api::LoadVideoInfo() should not be called statically /Applications/XAMPP/xamppfiles/htdocs/SuperCourseServer/Application/Home/Controller/IndexController.class.php 第 20 行.
SQL: SHOW COLUMNS FROM `sc_les_baseinfo` [ RunTime:0.0025s ]
SQL: SELECT * FROM `sc_les_baseinfo` WHERE `les_id` = '0001'  [ RunTime:0.0002s ]
SQL: SHOW COLUMNS FROM `sc_les_hotpoint` [ RunTime:0.0007s ]
NOTIC: [8] Use of undefined constant les_id - assumed 'les_id' /Applications/XAMPP/xamppfiles/htdocs/SuperCourseServer/ThinkPHP/Library/SC/VideoInfo/LoadVideoInfo.class.php 第 29 行.
SQL: SELECT * FROM `sc_les_hotpoint` WHERE `les_id` = '0001'  [ RunTime:0.0002s ]
SQL: SHOW COLUMNS FROM `sc_les_subtitle` [ RunTime:0.0009s ]
NOTIC: [8] Use of undefined constant les_id - assumed 'les_id' /Applications/XAMPP/xamppfiles/htdocs/SuperCourseServer/ThinkPHP/Library/SC/VideoInfo/LoadVideoInfo.class.php 第 34 行.
SQL: SELECT * FROM `sc_les_subtitle` WHERE `les_id` = '0001'  [ RunTime:0.0002s ]
INFO: [ app_end ] --START--
INFO: Run Behavior\ShowPageTraceBehavior [ RunTime:0.000310s ]
INFO: [ app_end ] --END-- [ RunTime:0.000341s ]

[ 2016-02-03T21:30:57+08:00 ] 127.0.0.1 /SuperCourseServer/index.php/Home/Index/index4ios/
INFO: [ app_init ] --START--
INFO: Run Behavior\BuildLiteBehavior [ RunTime:0.000007s ]
INFO: [ app_init ] --END-- [ RunTime:0.000171s ]
INFO: [ app_begin ] --START--
INFO: Run Behavior\ReadHtmlCacheBehavior [ RunTime:0.000211s ]
INFO: [ app_begin ] --END-- [ RunTime:0.000236s ]
NOTIC: [2048] call_user_func_array() expects parameter 1 to be a valid callback, non-static method Api::AddStudentStopTime() should not be called statically /Applications/XAMPP/xamppfiles/htdocs/SuperCourseServer/Application/Home/Controller/IndexController.class.php 第 20 行.
SQL: SHOW COLUMNS FROM `sc_stu_lesrecord` [ RunTime:0.0010s ]
SQL: SELECT MAX(num) AS tp_max FROM `sc_stu_lesrecord` WHERE `stu_id` = 'UnLoginUserSession' AND `les_id` = '0001' LIMIT 1   [ RunTime:0.0003s ]
SQL: INSERT INTO `sc_stu_lesrecord` (`stu_id`,`les_id`,`oversty_time`,`num`) VALUES ('UnLoginUserSession','0001','2.755199','16') [ RunTime:0.0004s ]
INFO: [ app_end ] --START--
INFO: Run Behavior\ShowPageTraceBehavior [ RunTime:0.000339s ]
INFO: [ app_end ] --END-- [ RunTime:0.000369s ]

[ 2016-02-03T21:31:04+08:00 ] 127.0.0.1 /SuperCourseServer/index.php/Home/Index/index4ios/
INFO: [ app_init ] --START--
INFO: Run Behavior\BuildLiteBehavior [ RunTime:0.000008s ]
INFO: [ app_init ] --END-- [ RunTime:0.000189s ]
INFO: [ app_begin ] --START--
INFO: Run Behavior\ReadHtmlCacheBehavior [ RunTime:0.000208s ]
INFO: [ app_begin ] --END-- [ RunTime:0.000232s ]
NOTIC: [2048] call_user_func_array() expects parameter 1 to be a valid callback, non-static method Api::AddStudentSubtitle() should not be called statically /Applications/XAMPP/xamppfiles/htdocs/SuperCourseServer/Application/Home/Controller/IndexController.class.php 第 20 行.
SQL: SHOW COLUMNS FROM `sc_stu_lessubtitle` [ RunTime:0.0009s ]
SQL: SELECT MAX(num) AS tp_max FROM `sc_stu_lessubtitle` WHERE `stu_id` = 'UnLoginUserSession' AND `les_id` = '0001' LIMIT 1   [ RunTime:0.0002s ]
SQL: INSERT INTO `sc_stu_lessubtitle` (`stu_id`,`les_id`,`subtitle`,`bg_time`,`num`) VALUES ('UnLoginUserSession','0001','Add point','2.872111','11') [ RunTime:0.0004s ]
INFO: [ app_end ] --START--
INFO: Run Behavior\ShowPageTraceBehavior [ RunTime:0.000244s ]
INFO: [ app_end ] --END-- [ RunTime:0.000267s ]

[ 2016-02-03T21:31:09+08:00 ] 127.0.0.1 /SuperCourseServer/index.php/Home/Index/index4ios/
INFO: [ app_init ] --START--
INFO: Run Behavior\BuildLiteBehavior [ RunTime:0.000010s ]
INFO: [ app_init ] --END-- [ RunTime:0.000298s ]
INFO: [ app_begin ] --START--
INFO: Run Behavior\ReadHtmlCacheBehavior [ RunTime:0.000427s ]
INFO: [ app_begin ] --END-- [ RunTime:0.000458s ]
NOTIC: [2048] call_user_func_array() expects parameter 1 to be a valid callback, non-static method Api::AddStudentStopTime() should not be called statically /Applications/XAMPP/xamppfiles/htdocs/SuperCourseServer/Application/Home/Controller/IndexController.class.php 第 20 行.
SQL: SHOW COLUMNS FROM `sc_stu_lesrecord` [ RunTime:0.0008s ]
SQL: SELECT MAX(num) AS tp_max FROM `sc_stu_lesrecord` WHERE `stu_id` = 'UnLoginUserSession' AND `les_id` = '0001' LIMIT 1   [ RunTime:0.0002s ]
SQL: INSERT INTO `sc_stu_lesrecord` (`stu_id`,`les_id`,`oversty_time`,`num`) VALUES ('UnLoginUserSession','0001','7.900466','17') [ RunTime:0.0003s ]
INFO: [ app_end ] --START--
INFO: Run Behavior\ShowPageTraceBehavior [ RunTime:0.000331s ]
INFO: [ app_end ] --END-- [ RunTime:0.000357s ]

[ 2016-02-03T21:34:11+08:00 ] 127.0.0.1 /SuperCourseServer/index.php/Home/Index/index4ios/
INFO: [ app_init ] --START--
INFO: Run Behavior\BuildLiteBehavior [ RunTime:0.000008s ]
INFO: [ app_init ] --END-- [ RunTime:0.000175s ]
INFO: [ app_begin ] --START--
INFO: Run Behavior\ReadHtmlCacheBehavior [ RunTime:0.000215s ]
INFO: [ app_begin ] --END-- [ RunTime:0.000240s ]
NOTIC: [2048] call_user_func_array() expects parameter 1 to be a valid callback, non-static method Api::VideoList() should not be called statically /Applications/XAMPP/xamppfiles/htdocs/SuperCourseServer/Application/Home/Controller/IndexController.class.php 第 20 行.
SQL: SHOW COLUMNS FROM `sc_les_grouping` [ RunTime:0.0009s ]
SQL: SHOW COLUMNS FROM `sc_les_sections` [ RunTime:0.0006s ]
SQL: SHOW COLUMNS FROM `sc_les_baseinfo` [ RunTime:0.0008s ]
SQL: SELECT * FROM `sc_les_grouping`  [ RunTime:0.0001s ]
NOTIC: [8] Undefined variable: datagrouping /Applications/XAMPP/xamppfiles/htdocs/SuperCourseServer/ThinkPHP/Library/SC/VideoList/VideoList.class.php 第 66 行.
SQL: SELECT * FROM `sc_les_sections` WHERE `lesgrouping_id` = '0000'  [ RunTime:0.0001s ]
SQL: SELECT * FROM `sc_les_baseinfo` WHERE `lessections_id` = '0000'  [ RunTime:0.0001s ]
SQL: SELECT * FROM `sc_les_baseinfo` WHERE `lessections_id` = '0001'  [ RunTime:0.0001s ]
SQL: SELECT * FROM `sc_les_sections` WHERE `lesgrouping_id` = '0001'  [ RunTime:0.0001s ]
SQL: SELECT * FROM `sc_les_baseinfo` WHERE `lessections_id` = '0003'  [ RunTime:0.0001s ]
INFO: [ app_end ] --START--
INFO: Run Behavior\ShowPageTraceBehavior [ RunTime:0.000257s ]
INFO: [ app_end ] --END-- [ RunTime:0.000280s ]

[ 2016-02-03T21:34:12+08:00 ] 127.0.0.1 /SuperCourseServer/index.php/Home/Index/index4ios/
INFO: [ app_init ] --START--
INFO: Run Behavior\BuildLiteBehavior [ RunTime:0.000008s ]
INFO: [ app_init ] --END-- [ RunTime:0.000176s ]
INFO: [ app_begin ] --START--
INFO: Run Behavior\ReadHtmlCacheBehavior [ RunTime:0.000219s ]
INFO: [ app_begin ] --END-- [ RunTime:0.000245s ]
NOTIC: [2048] call_user_func_array() expects parameter 1 to be a valid callback, non-static method Api::LoadVideoInfo() should not be called statically /Applications/XAMPP/xamppfiles/htdocs/SuperCourseServer/Application/Home/Controller/IndexController.class.php 第 20 行.
SQL: SHOW COLUMNS FROM `sc_les_baseinfo` [ RunTime:0.0026s ]
SQL: SELECT * FROM `sc_les_baseinfo` WHERE `les_id` = '0001'  [ RunTime:0.0002s ]
SQL: SHOW COLUMNS FROM `sc_les_hotpoint` [ RunTime:0.0007s ]
NOTIC: [8] Use of undefined constant les_id - assumed 'les_id' /Applications/XAMPP/xamppfiles/htdocs/SuperCourseServer/ThinkPHP/Library/SC/VideoInfo/LoadVideoInfo.class.php 第 29 行.
SQL: SELECT * FROM `sc_les_hotpoint` WHERE `les_id` = '0001'  [ RunTime:0.0002s ]
SQL: SHOW COLUMNS FROM `sc_les_subtitle` [ RunTime:0.0007s ]
NOTIC: [8] Use of undefined constant les_id - assumed 'les_id' /Applications/XAMPP/xamppfiles/htdocs/SuperCourseServer/ThinkPHP/Library/SC/VideoInfo/LoadVideoInfo.class.php 第 34 行.
SQL: SELECT * FROM `sc_les_subtitle` WHERE `les_id` = '0001'  [ RunTime:0.0003s ]
INFO: [ app_end ] --START--
INFO: Run Behavior\ShowPageTraceBehavior [ RunTime:0.000259s ]
INFO: [ app_end ] --END-- [ RunTime:0.000285s ]

[ 2016-02-03T21:34:14+08:00 ] 127.0.0.1 /SuperCourseServer/index.php/Home/Index/index4ios/
INFO: [ app_init ] --START--
INFO: Run Behavior\BuildLiteBehavior [ RunTime:0.000009s ]
INFO: [ app_init ] --END-- [ RunTime:0.000211s ]
INFO: [ app_begin ] --START--
INFO: Run Behavior\ReadHtmlCacheBehavior [ RunTime:0.000234s ]
INFO: [ app_begin ] --END-- [ RunTime:0.000263s ]
NOTIC: [2048] call_user_func_array() expects parameter 1 to be a valid callback, non-static method Api::AddStudentStopTime() should not be called statically /Applications/XAMPP/xamppfiles/htdocs/SuperCourseServer/Application/Home/Controller/IndexController.class.php 第 20 行.
SQL: SHOW COLUMNS FROM `sc_stu_lesrecord` [ RunTime:0.0026s ]
SQL: SELECT MAX(num) AS tp_max FROM `sc_stu_lesrecord` WHERE `stu_id` = 'UnLoginUserSession' AND `les_id` = '0001' LIMIT 1   [ RunTime:0.0003s ]
SQL: INSERT INTO `sc_stu_lesrecord` (`stu_id`,`les_id`,`oversty_time`,`num`) VALUES ('UnLoginUserSession','0001','1.225291','18') [ RunTime:0.0003s ]
INFO: [ app_end ] --START--
INFO: Run Behavior\ShowPageTraceBehavior [ RunTime:0.000266s ]
INFO: [ app_end ] --END-- [ RunTime:0.000292s ]

[ 2016-02-03T21:34:18+08:00 ] 127.0.0.1 /SuperCourseServer/index.php/Home/Index/index4ios/
INFO: [ app_init ] --START--
INFO: Run Behavior\BuildLiteBehavior [ RunTime:0.000009s ]
INFO: [ app_init ] --END-- [ RunTime:0.000222s ]
INFO: [ app_begin ] --START--
INFO: Run Behavior\ReadHtmlCacheBehavior [ RunTime:0.000366s ]
INFO: [ app_begin ] --END-- [ RunTime:0.000422s ]
NOTIC: [2048] call_user_func_array() expects parameter 1 to be a valid callback, non-static method Api::AddStudentSubtitle() should not be called statically /Applications/XAMPP/xamppfiles/htdocs/SuperCourseServer/Application/Home/Controller/IndexController.class.php 第 20 行.
SQL: SHOW COLUMNS FROM `sc_stu_lessubtitle` [ RunTime:0.0029s ]
SQL: SELECT MAX(num) AS tp_max FROM `sc_stu_lessubtitle` WHERE `stu_id` = 'UnLoginUserSession' AND `les_id` = '0001' LIMIT 1   [ RunTime:0.0002s ]
SQL: INSERT INTO `sc_stu_lessubtitle` (`stu_id`,`les_id`,`subtitle`,`bg_time`,`num`) VALUES ('UnLoginUserSession','0001','Asdasdfasfasf','1.298322','12') [ RunTime:0.0003s ]
INFO: [ app_end ] --START--
INFO: Run Behavior\ShowPageTraceBehavior [ RunTime:0.000264s ]
INFO: [ app_end ] --END-- [ RunTime:0.000288s ]

[ 2016-02-03T21:34:29+08:00 ] 127.0.0.1 /SuperCourseServer/index.php/Home/Index/index4ios/
INFO: [ app_init ] --START--
INFO: Run Behavior\BuildLiteBehavior [ RunTime:0.000018s ]
INFO: [ app_init ] --END-- [ RunTime:0.000185s ]
INFO: [ app_begin ] --START--
INFO: Run Behavior\ReadHtmlCacheBehavior [ RunTime:0.000272s ]
INFO: [ app_begin ] --END-- [ RunTime:0.000298s ]
NOTIC: [2048] call_user_func_array() expects parameter 1 to be a valid callback, non-static method Api::AddStudentStopTime() should not be called statically /Applications/XAMPP/xamppfiles/htdocs/SuperCourseServer/Application/Home/Controller/IndexController.class.php 第 20 行.
SQL: SHOW COLUMNS FROM `sc_stu_lesrecord` [ RunTime:0.0026s ]
SQL: SELECT MAX(num) AS tp_max FROM `sc_stu_lesrecord` WHERE `stu_id` = 'UnLoginUserSession' AND `les_id` = '0001' LIMIT 1   [ RunTime:0.0002s ]
SQL: INSERT INTO `sc_stu_lesrecord` (`stu_id`,`les_id`,`oversty_time`,`num`) VALUES ('UnLoginUserSession','0001','12.84451','19') [ RunTime:0.0003s ]
INFO: [ app_end ] --START--
INFO: Run Behavior\ShowPageTraceBehavior [ RunTime:0.000335s ]
INFO: [ app_end ] --END-- [ RunTime:0.000369s ]

[ 2016-02-03T21:36:40+08:00 ] 127.0.0.1 /SuperCourseServer/index.php/Home/Index/index4ios/
INFO: [ app_init ] --START--
INFO: Run Behavior\BuildLiteBehavior [ RunTime:0.000008s ]
INFO: [ app_init ] --END-- [ RunTime:0.000170s ]
INFO: [ app_begin ] --START--
INFO: Run Behavior\ReadHtmlCacheBehavior [ RunTime:0.000207s ]
INFO: [ app_begin ] --END-- [ RunTime:0.000233s ]
NOTIC: [2048] call_user_func_array() expects parameter 1 to be a valid callback, non-static method Api::VideoList() should not be called statically /Applications/XAMPP/xamppfiles/htdocs/SuperCourseServer/Application/Home/Controller/IndexController.class.php 第 20 行.
SQL: SHOW COLUMNS FROM `sc_les_grouping` [ RunTime:0.0008s ]
SQL: SHOW COLUMNS FROM `sc_les_sections` [ RunTime:0.0006s ]
SQL: SHOW COLUMNS FROM `sc_les_baseinfo` [ RunTime:0.0008s ]
SQL: SELECT * FROM `sc_les_grouping`  [ RunTime:0.0002s ]
NOTIC: [8] Undefined variable: datagrouping /Applications/XAMPP/xamppfiles/htdocs/SuperCourseServer/ThinkPHP/Library/SC/VideoList/VideoList.class.php 第 66 行.
SQL: SELECT * FROM `sc_les_sections` WHERE `lesgrouping_id` = '0000'  [ RunTime:0.0001s ]
SQL: SELECT * FROM `sc_les_baseinfo` WHERE `lessections_id` = '0000'  [ RunTime:0.0001s ]
SQL: SELECT * FROM `sc_les_baseinfo` WHERE `lessections_id` = '0001'  [ RunTime:0.0001s ]
SQL: SELECT * FROM `sc_les_sections` WHERE `lesgrouping_id` = '0001'  [ RunTime:0.0001s ]
SQL: SELECT * FROM `sc_les_baseinfo` WHERE `lessections_id` = '0003'  [ RunTime:0.0001s ]
INFO: [ app_end ] --START--
INFO: Run Behavior\ShowPageTraceBehavior [ RunTime:0.000254s ]
INFO: [ app_end ] --END-- [ RunTime:0.000276s ]

[ 2016-02-03T21:36:40+08:00 ] 127.0.0.1 /SuperCourseServer/index.php/Home/Index/index4ios/
INFO: [ app_init ] --START--
INFO: Run Behavior\BuildLiteBehavior [ RunTime:0.000009s ]
INFO: [ app_init ] --END-- [ RunTime:0.000252s ]
INFO: [ app_begin ] --START--
INFO: Run Behavior\ReadHtmlCacheBehavior [ RunTime:0.000288s ]
INFO: [ app_begin ] --END-- [ RunTime:0.000339s ]
NOTIC: [2048] call_user_func_array() expects parameter 1 to be a valid callback, non-static method Api::LoadVideoInfo() should not be called statically /Applications/XAMPP/xamppfiles/htdocs/SuperCourseServer/Application/Home/Controller/IndexController.class.php 第 20 行.
SQL: SHOW COLUMNS FROM `sc_les_baseinfo` [ RunTime:0.0025s ]
SQL: SELECT * FROM `sc_les_baseinfo` WHERE `les_id` = '0001'  [ RunTime:0.0002s ]
SQL: SHOW COLUMNS FROM `sc_les_hotpoint` [ RunTime:0.0006s ]
NOTIC: [8] Use of undefined constant les_id - assumed 'les_id' /Applications/XAMPP/xamppfiles/htdocs/SuperCourseServer/ThinkPHP/Library/SC/VideoInfo/LoadVideoInfo.class.php 第 29 行.
SQL: SELECT * FROM `sc_les_hotpoint` WHERE `les_id` = '0001'  [ RunTime:0.0001s ]
SQL: SHOW COLUMNS FROM `sc_les_subtitle` [ RunTime:0.0007s ]
NOTIC: [8] Use of undefined constant les_id - assumed 'les_id' /Applications/XAMPP/xamppfiles/htdocs/SuperCourseServer/ThinkPHP/Library/SC/VideoInfo/LoadVideoInfo.class.php 第 34 行.
SQL: SELECT * FROM `sc_les_subtitle` WHERE `les_id` = '0001'  [ RunTime:0.0001s ]
INFO: [ app_end ] --START--
INFO: Run Behavior\ShowPageTraceBehavior [ RunTime:0.000311s ]
INFO: [ app_end ] --END-- [ RunTime:0.000348s ]

[ 2016-02-03T21:36:42+08:00 ] 127.0.0.1 /SuperCourseServer/index.php/Home/Index/index4ios/
INFO: [ app_init ] --START--
INFO: Run Behavior\BuildLiteBehavior [ RunTime:0.000008s ]
INFO: [ app_init ] --END-- [ RunTime:0.000241s ]
INFO: [ app_begin ] --START--
INFO: Run Behavior\ReadHtmlCacheBehavior [ RunTime:0.000241s ]
INFO: [ app_begin ] --END-- [ RunTime:0.000269s ]
NOTIC: [2048] call_user_func_array() expects parameter 1 to be a valid callback, non-static method Api::AddStudentStopTime() should not be called statically /Applications/XAMPP/xamppfiles/htdocs/SuperCourseServer/Application/Home/Controller/IndexController.class.php 第 20 行.
SQL: SHOW COLUMNS FROM `sc_stu_lesrecord` [ RunTime:0.0009s ]
SQL: SELECT MAX(num) AS tp_max FROM `sc_stu_lesrecord` WHERE `stu_id` = 'UnLoginUserSession' AND `les_id` = '0001' LIMIT 1   [ RunTime:0.0002s ]
SQL: INSERT INTO `sc_stu_lesrecord` (`stu_id`,`les_id`,`oversty_time`,`num`) VALUES ('UnLoginUserSession','0001','0.8268763','20') [ RunTime:0.0003s ]
INFO: [ app_end ] --START--
INFO: Run Behavior\ShowPageTraceBehavior [ RunTime:0.000282s ]
INFO: [ app_end ] --END-- [ RunTime:0.000308s ]

[ 2016-02-03T21:36:44+08:00 ] 127.0.0.1 /SuperCourseServer/index.php/Home/Index/index4ios/
INFO: [ app_init ] --START--
INFO: Run Behavior\BuildLiteBehavior [ RunTime:0.000008s ]
INFO: [ app_init ] --END-- [ RunTime:0.000173s ]
INFO: [ app_begin ] --START--
INFO: Run Behavior\ReadHtmlCacheBehavior [ RunTime:0.000211s ]
INFO: [ app_begin ] --END-- [ RunTime:0.000236s ]
NOTIC: [2048] call_user_func_array() expects parameter 1 to be a valid callback, non-static method Api::AddStudentSubtitle() should not be called statically /Applications/XAMPP/xamppfiles/htdocs/SuperCourseServer/Application/Home/Controller/IndexController.class.php 第 20 行.
SQL: SHOW COLUMNS FROM `sc_stu_lessubtitle` [ RunTime:0.0029s ]
SQL: SELECT MAX(num) AS tp_max FROM `sc_stu_lessubtitle` WHERE `stu_id` = 'UnLoginUserSession' AND `les_id` = '0001' LIMIT 1   [ RunTime:0.0002s ]
SQL: INSERT INTO `sc_stu_lessubtitle` (`stu_id`,`les_id`,`subtitle`,`bg_time`,`num`) VALUES ('UnLoginUserSession','0001','Adasdfadf','0.93','13') [ RunTime:0.0004s ]
INFO: [ app_end ] --START--
INFO: Run Behavior\ShowPageTraceBehavior [ RunTime:0.000273s ]
INFO: [ app_end ] --END-- [ RunTime:0.000298s ]

[ 2016-02-03T21:36:49+08:00 ] 127.0.0.1 /SuperCourseServer/index.php/Home/Index/index4ios/
INFO: [ app_init ] --START--
INFO: Run Behavior\BuildLiteBehavior [ RunTime:0.000007s ]
INFO: [ app_init ] --END-- [ RunTime:0.000167s ]
INFO: [ app_begin ] --START--
INFO: Run Behavior\ReadHtmlCacheBehavior [ RunTime:0.000260s ]
INFO: [ app_begin ] --END-- [ RunTime:0.000290s ]
NOTIC: [2048] call_user_func_array() expects parameter 1 to be a valid callback, non-static method Api::AddStudentStopTime() should not be called statically /Applications/XAMPP/xamppfiles/htdocs/SuperCourseServer/Application/Home/Controller/IndexController.class.php 第 20 行.
SQL: SHOW COLUMNS FROM `sc_stu_lesrecord` [ RunTime:0.0026s ]
SQL: SELECT MAX(num) AS tp_max FROM `sc_stu_lesrecord` WHERE `stu_id` = 'UnLoginUserSession' AND `les_id` = '0001' LIMIT 1   [ RunTime:0.0002s ]
SQL: INSERT INTO `sc_stu_lesrecord` (`stu_id`,`les_id`,`oversty_time`,`num`) VALUES ('UnLoginUserSession','0001','5.317313','21') [ RunTime:0.0003s ]
INFO: [ app_end ] --START--
INFO: Run Behavior\ShowPageTraceBehavior [ RunTime:0.000302s ]
INFO: [ app_end ] --END-- [ RunTime:0.000331s ]

[ 2016-02-03T21:37:40+08:00 ] 127.0.0.1 /SuperCourseServer/index.php/Home/Index/index4ios/
INFO: [ app_init ] --START--
INFO: Run Behavior\BuildLiteBehavior [ RunTime:0.000008s ]
INFO: [ app_init ] --END-- [ RunTime:0.000178s ]
INFO: [ app_begin ] --START--
INFO: Run Behavior\ReadHtmlCacheBehavior 