[ 2016-01-26T09:37:26+08:00 ] 127.0.0.1 /superCourse/index.php/Home/Index/index4ios/
INFO: [ app_init ] --START--
INFO: Run Behavior\BuildLiteBehavior [ RunTime:0.000049s ]
INFO: [ app_init ] --END-- [ RunTime:0.001073s ]
INFO: [ app_begin ] --START--
INFO: Run Behavior\ReadHtmlCacheBehavior [ RunTime:0.000941s ]
INFO: [ app_begin ] --END-- [ RunTime:0.001027s ]
NOTIC: [2048] call_user_func_array() expects parameter 1 to be a valid callback, non-static method Api::Login() should not be called statically /Applications/XAMPP/xamppfiles/htdocs/superCourse/Application/Home/Controller/IndexController.class.php 第 19 行.
SQL: SHOW COLUMNS FROM `sc_stu_info` [ RunTime:0.0089s ]
SQL: SELECT * FROM `sc_stu_info` WHERE `phone` = '13800001' LIMIT 1   [ RunTime:0.0041s ]
INFO: [ app_end ] --START--
INFO: Run Behavior\ShowPageTraceBehavior [ RunTime:0.001412s ]
INFO: [ app_end ] --END-- [ RunTime:0.001462s ]

[ 2016-01-26T09:37:27+08:00 ] 127.0.0.1 /superCourse/index.php/Home/Index/index4ios/
INFO: [ app_init ] --START--
INFO: Run Behavior\BuildLiteBehavior [ RunTime:0.000013s ]
INFO: [ app_init ] --END-- [ RunTime:0.000267s ]
INFO: [ app_begin ] --START--
INFO: Run Behavior\ReadHtmlCacheBehavior [ RunTime:0.000347s ]
INFO: [ app_begin ] --END-- [ RunTime:0.000385s ]
NOTIC: [2048] call_user_func_array() expects parameter 1 to be a valid callback, non-static method Api::Login() should not be called statically /Applications/XAMPP/xamppfiles/htdocs/superCourse/Application/Home/Controller/IndexController.class.php 第 19 行.
SQL: SHOW COLUMNS FROM `sc_stu_info` [ RunTime:0.0027s ]
SQL: SELECT * FROM `sc_stu_info` WHERE `phone` = '13800001' LIMIT 1   [ RunTime:0.0003s ]
INFO: [ app_end ] --START--
INFO: Run Behavior\ShowPageTraceBehavior [ RunTime:0.000628s ]
INFO: [ app_end ] --END-- [ RunTime:0.000666s ]

[ 2016-01-26T09:37:28+08:00 ] 127.0.0.1 /superCourse/index.php/Home/Index/index4ios/
INFO: [ app_init ] --START--
INFO: Run Behavior\BuildLiteBehavior [ RunTime:0.000017s ]
INFO: [ app_init ] --END-- [ RunTime:0.000353s ]
INFO: [ app_begin ] --START--
INFO: Run Behavior\ReadHtmlCacheBehavior [ RunTime:0.000589s ]
INFO: [ app_begin ] --END-- [ RunTime:0.000641s ]
NOTIC: [2048] call_user_func_array() expects parameter 1 to be a valid callback, non-static method Api::Login() should not be called statically /Applications/XAMPP/xamppfiles/htdocs/superCourse/Application/Home/Controller/IndexController.class.php 第 19 行.
SQL: SHOW COLUMNS FROM `sc_stu_info` [ RunTime:0.0041s ]
SQL: SELECT * FROM `sc_stu_info` WHERE `phone` = '13800001' LIMIT 1   [ RunTime:0.0004s ]
INFO: [ app_end ] --START--
INFO: Run Behavior\ShowPageTraceBehavior [ RunTime:0.000706s ]
INFO: [ app_end ] --END-- [ RunTime:0.000770s ]

[ 2016-01-26T09:37:28+08:00 ] 127.0.0.1 /superCourse/index.php/Home/Index/index4ios/
INFO: [ app_init ] --START--
INFO: Run Behavior\BuildLiteBehavior [ RunTime:0.000014s ]
INFO: [ app_init ] --END-- [ RunTime:0.000288s ]
INFO: [ app_begin ] --START--
INFO: Run Behavior\ReadHtmlCacheBehavior [ RunTime:0.000431s ]
INFO: [ app_begin ] --END-- [ RunTime:0.000469s ]
NOTIC: [2048] call_user_func_array() expects parameter 1 to be a valid callback, non-static method Api::Login() should not be called statically /Applications/XAMPP/xamppfiles/htdocs/superCourse/Application/Home/Controller/IndexController.class.php 第 19 行.
SQL: SHOW COLUMNS FROM `sc_stu_info` [ RunTime:0.0025s ]
SQL: SELECT * FROM `sc_stu_info` WHERE `phone` = '13800001' LIMIT 1   [ RunTime:0.0004s ]
INFO: [ app_end ] --START--
INFO: Run Behavior\ShowPageTraceBehavior [ RunTime:0.000880s ]
INFO: [ app_end ] --END-- [ RunTime:0.000922s ]

[ 2016-01-26T09:37:28+08:00 ] 127.0.0.1 /superCourse/index.php/Home/Index/index4ios/
INFO: [ app_init ] --START--
INFO: Run Behavior\BuildLiteBehavior [ RunTime:0.000014s ]
INFO: [ app_init ] --END-- [ RunTime:0.000318s ]
INFO: [ app_begin ] --START--
INFO: Run Behavior\ReadHtmlCacheBehavior [ RunTime:0.000690s ]
INFO: [ app_begin ] --END-- [ RunTime:0.000831s ]
NOTIC: [2048] call_user_func_array() expects parameter 1 to be a valid callback, non-static method Api::Login() should not be called statically /Applications/XAMPP/xamppfiles/htdocs/superCourse/Application/Home/Controller/IndexController.class.php 第 19 行.
SQL: SHOW COLUMNS FROM `sc_stu_info` [ RunTime:0.0031s ]
SQL: SELECT * FROM `sc_stu_info` WHERE `phone` = '13800001' LIMIT 1   [ RunTime:0.0005s ]
INFO: [ app_end ] --START--
INFO: Run Behavior\ShowPageTraceBehavior [ RunTime:0.000497s ]
INFO: [ app_end ] --END-- [ RunTime:0.000539s ]

[ 2016-01-26T09:37:29+08:00 ] 127.0.0.1 /superCourse/index.php/Home/Index/index4ios/
INFO: [ app_init ] --START--
INFO: Run Behavior\BuildLiteBehavior [ RunTime:0.000025s ]
INFO: [ app_init ] --END-- [ RunTime:0.000801s ]
INFO: [ app_begin ] --START--
INFO: Run Behavior\ReadHtmlCacheBehavior [ RunTime:0.000819s ]
INFO: [ app_begin ] --END-- [ RunTime:0.000923s ]
NOTIC: [2048] call_user_func_array() expects parameter 1 to be a valid callback, non-static method Api::Login() should not be called statically /Applications/XAMPP/xamppfiles/htdocs/superCourse/Application/Home/Controller/IndexController.class.php 第 19 行.
SQL: SHOW COLUMNS FROM `sc_stu_info` [ RunTime:0.0045s ]
SQL: SELECT * FROM `sc_stu_info` WHERE `phone` = '13800001' LIMIT 1   [ RunTime:0.0004s ]
INFO: [ app_end ] --START--
INFO: Run Behavior\ShowPageTraceBehavior [ RunTime:0.000542s ]
INFO: [ app_end ] --END-- [ RunTime:0.000581s ]

[ 2016-01-26T10:09:45+08:00 ] 127.0.0.1 /superCourse/index.php/Home/Index/index4ios/
INFO: [ app_init ] --START--
INFO: Run Behavior\BuildLiteBehavior [ RunTime:0.000023s ]
INFO: [ app_init ] --END-- [ RunTime:0.000413s ]
INFO: [ app_begin ] --START--
INFO: Run Behavior\ReadHtmlCacheBehavior [ RunTime:0.000455s ]
INFO: [ app_begin ] --END-- [ RunTime:0.000504s ]
NOTIC: [2048] call_user_func_array() expects parameter 1 to be a valid callback, non-static method Api::Login() should not be called statically /Applications/XAMPP/xamppfiles/htdocs/superCourse/Application/Home/Controller/IndexController.class.php 第 19 行.
SQL: SHOW COLUMNS FROM `sc_stu_info` [ RunTime:0.0032s ]
SQL: SELECT * FROM `sc_stu_info` WHERE `phone` = '13800003' LIMIT 1   [ RunTime:0.0005s ]
INFO: [ app_end ] --START--
INFO: Run Behavior\ShowPageTraceBehavior [ RunTime:0.000587s ]
INFO: [ app_end ] --END-- [ RunTime:0.000628s ]

[ 2016-01-26T13:37:52+08:00 ] 127.0.0.1 /superCourse/index.php/Home/Index/index4ios/
INFO: [ app_init ] --START--
INFO: Run Behavior\BuildLiteBehavior [ RunTime:0.000042s ]
INFO: [ app_init ] --END-- [ RunTime:0.001280s ]
INFO: [ app_begin ] --START--
INFO: Run Behavior\ReadHtmlCacheBehavior [ RunTime:0.000908s ]
INFO: [ app_begin ] --END-- [ RunTime:0.000962s ]
NOTIC: [2048] call_user_func_array() expects parameter 1 to be a valid callback, non-static method Api::Login() should not be called statically /Applications/XAMPP/xamppfiles/htdocs/superCourse/Application/Home/Controller/IndexController.class.php 第 19 行.
SQL: SHOW COLUMNS FROM `sc_stu_info` [ RunTime:0.0100s ]
SQL: SELECT * FROM `sc_stu_info` WHERE `phone` = '13800001' LIMIT 1   [ RunTime:0.0045s ]
INFO: [ app_end ] --START--
INFO: Run Behavior\ShowPageTraceBehavior [ RunTime:0.001324s ]
INFO: [ app_end ] --END-- [ RunTime:0.001372s ]

[ 2016-01-26T13:38:31+08:00 ] 127.0.0.1 /superCourse/index.php/Home/Index/index4ios/
INFO: [ app_init ] --START--
INFO: Run Behavior\BuildLiteBehavior [ RunTime:0.000025s ]
INFO: [ app_init ] --END-- [ RunTime:0.000483s ]
INFO: [ app_begin ] --START--
INFO: Run Behavior\ReadHtmlCacheBehavior [ RunTime:0.000461s ]
INFO: [ app_begin ] --END-- [ RunTime:0.000519s ]
NOTIC: [2048] call_user_func_array() expects parameter 1 to be a valid callback, non-static method Api::Login() should not be called statically /Applications/XAMPP/xamppfiles/htdocs/superCourse/Application/Home/Controller/IndexController.class.php 第 19 行.
SQL: SHOW COLUMNS FROM `sc_stu_info` [ RunTime:0.0022s ]
SQL: SELECT * FROM `sc_stu_info` WHERE `phone` = '13800003' LIMIT 1   [ RunTime:0.0004s ]
INFO: [ app_end ] --START--
INFO: Run Behavior\ShowPageTraceBehavior [ RunTime:0.000564s ]
INFO: [ app_end ] --END-- [ RunTime:0.000607s ]

[ 2016-01-26T13:53:19+08:00 ] 127.0.0.1 /superCourse/index.php/Home/Index/index4ios/
INFO: [ app_init ] --START--
INFO: Run Behavior\BuildLiteBehavior [ RunTime:0.000022s ]
INFO: [ app_init ] --END-- [ RunTime:0.000394s ]
INFO: [ app_begin ] --START--
INFO: Run Behavior\ReadHtmlCacheBehavior [ RunTime:0.000393s ]
INFO: [ app_begin ] --END-- [ RunTime:0.000442s ]
NOTIC: [2048] call_user_func_array() expects parameter 1 to be a valid callback, non-static method Api::Login() should not be called statically /Applications/XAMPP/xamppfiles/htdocs/superCourse/Application/Home/Controller/IndexController.class.php 第 19 行.
SQL: SHOW COLUMNS FROM `sc_stu_info` [ RunTime:0.0026s ]
SQL: SELECT * FROM `sc_stu_info` WHERE `phone` = '13800001' LIMIT 1   [ RunTime:0.0005s ]
INFO: [ app_end ] --START--
INFO: Run Behavior\ShowPageTraceBehavior [ RunTime:0.000586s ]
INFO: [ app_end ] --END-- [ RunTime:0.000628s ]

[ 2016-01-26T13:53:31+08:00 ] 127.0.0.1 /superCourse/index.php/Home/Index/index4ios/
INFO: [ app_init ] --START--
INFO: Run Behavior\BuildLiteBehavior [ RunTime:0.000024s ]
INFO: [ app_init ] --END-- [ RunTime:0.000441s ]
INFO: [ app_begin ] --START--
INFO: Run Behavior\ReadHtmlCacheBehavior [ RunTime:0.000441s ]
INFO: [ app_begin ] --END-- [ RunTime:0.000495s ]
NOTIC: [2048] call_user_func_array() expects parameter 1 to be a valid callback, non-static method Api::Login() should not be called statically /Applications/XAMPP/xamppfiles/htdocs/superCourse/Application/Home/Controller/IndexController.class.php 第 19 行.
SQL: SHOW COLUMNS FROM `sc_stu_info` [ RunTime:0.0034s ]
SQL: SELECT * FROM `sc_stu_info` WHERE `phone` = '13800003' LIMIT 1   [ RunTime:0.0005s ]
INFO: [ app_end ] --START--
INFO: Run Behavior\ShowPageTraceBehavior [ RunTime:0.000664s ]
INFO: [ app_end ] --END-- [ RunTime:0.000727s ]

[ 2016-01-26T14:08:06+08:00 ] 127.0.0.1 /superCourse/index.php/Home/Index/index4ios/
INFO: [ app_init ] --START--
INFO: Run Behavior\BuildLiteBehavior [ RunTime:0.000022s ]
INFO: [ app_init ] --END-- [ RunTime:0.000387s ]
INFO: [ app_begin ] --START--
INFO: Run Behavior\ReadHtmlCacheBehavior [ RunTime:0.000430s ]
INFO: [ app_begin ] --END-- [ RunTime:0.000476s ]
NOTIC: [2048] call_user_func_array() expects parameter 1 to be a valid callback, non-static method Api::Login() should not be called statically /Applications/XAMPP/xamppfiles/htdocs/superCourse/Application/Home/Controller/IndexController.class.php 第 19 行.
SQL: SHOW COLUMNS FROM `sc_stu_info` [ RunTime:0.0027s ]
SQL: SELECT * FROM `sc_stu_info` WHERE `phone` = '13800001' LIMIT 1   [ RunTime:0.0004s ]
INFO: [ app_end ] --START--
INFO: Run Behavior\ShowPageTraceBehavior [ RunTime:0.000573s ]
INFO: [ app_end ] --END-- [ RunTime:0.000616s ]

[ 2016-01-26T14:09:25+08:00 ] 127.0.0.1 /superCourse/index.php/Home/Index/index4ios/
INFO: [ app_init ] --START--
INFO: Run Behavior\BuildLiteBehavior [ RunTime:0.000011s ]
INFO: [ app_init ] --END-- [ RunTime:0.000292s ]
INFO: [ app_begin ] --START--
INFO: Run Behavior\ReadHtmlCacheBehavior [ RunTime:0.000391s ]
INFO: [ app_begin ] --END-- [ RunTime:0.000496s ]
NOTIC: [2048] call_user_func_array() expects parameter 1 to be a valid callback, non-static method Api::Login() should not be called statically /Applications/XAMPP/xamppfiles/htdocs/superCourse/Application/Home/Controller/IndexController.class.php 第 19 行.
SQL: SHOW COLUMNS FROM `sc_stu_info` [ RunTime:0.0019s ]
SQL: SELECT * FROM `sc_stu_info` WHERE `phone` = '13800001' LIMIT 1   [ RunTime:0.0003s ]
INFO: [ app_end ] --START--
INFO: Run Behavior\ShowPageTraceBehavior [ RunTime:0.000482s ]
INFO: [ app_end ] --END-- [ RunTime:0.000541s ]

[ 2016-01-26T14:09:32+08:00 ] 127.0.0.1 /superCourse/index.php/Home/Index/index4ios/
INFO: [ app_init ] --START--
INFO: Run Behavior\BuildLiteBehavior [ RunTime:0.000015s ]
INFO: [ app_init ] --END-- [ RunTime:0.000327s ]
INFO: [ app_begin ] --START--
INFO: Run Behavior\ReadHtmlCacheBehavior [ RunTime:0.000341s ]
INFO: [ app_begin ] --END-- [ RunTime:0.000382s ]
NOTIC: [2048] call_user_func_array() expects parameter 1 to be a valid callback, non-static method Api::Login() should not be called statically /Applications/XAMPP/xamppfiles/htdocs/superCourse/Application/Home/Controller/IndexController.class.php 第 19 行.
SQL: SHOW COLUMNS FROM `sc_stu_info` [ RunTime:0.0031s ]
SQL: SELECT * FROM `sc_stu_info` WHERE `phone` = '13800003' LIMIT 1   [ RunTime:0.0004s ]
INFO: [ app_end ] --START--
INFO: Run Behavior\ShowPageTraceBehavior [ RunTime:0.000499s ]
INFO: [ app_end ] --END-- [ RunTime:0.000558s ]

[ 2016-01-26T14:12:48+08:00 ] 127.0.0.1 /superCourse/index.php/Home/Index/index4ios/
INFO: [ app_init ] --START--
INFO: Run Behavior\BuildLiteBehavior [ RunTime:0.000030s ]
INFO: [ app_init ] --END-- [ RunTime:0.000537s ]
INFO: [ app_begin ] --START--
INFO: Run Behavior\ReadHtmlCacheBehavior [ RunTime:0.000407s ]
INFO: [ app_begin ] --END-- [ RunTime:0.000457s ]
NOTIC: [2048] call_user_func_array() expects parameter 1 to be a valid callback, non-static method Api::Login() should not be called statically /Applications/XAMPP/xamppfiles/htdocs/superCourse/Application/Home/Controller/IndexController.class.php 第 19 行.
SQL: SHOW COLUMNS FROM `sc_stu_info` [ RunTime:0.0031s ]
SQL: SELECT * FROM `sc_stu_info` WHERE `phone` = '13800003' LIMIT 1   [ RunTime:0.0003s ]
INFO: [ app_end ] --START--
INFO: Run Behavior\ShowPageTraceBehavior [ RunTime:0.000606s ]
INFO: [ app_end ] --END-- [ RunTime:0.000647s ]

[ 2016-01-26T14:44:35+08:00 ] ::1 /superCourse/index.php/Home/Index/index4ios/index.php?method=Search&param={%22Data%E2%80%9D:{%E2%80%9Csearchinfo%E2%80%9D:%E2%80%9D13800001%E2%80%9D}}
INFO: [ app_init ] --START--
INFO: Run Behavior\BuildLiteBehavior [ RunTime:0.000027s ]
INFO: [ app_init ] --END-- [ RunTime:0.000951s ]
INFO: [ app_begin ] --START--
INFO: Run Behavior\ReadHtmlCacheBehavior [ RunTime:0.000439s ]
INFO: [ app_begin ] --END-- [ RunTime:0.000492s ]
NOTIC: [8] Undefined index: method /Applications/XAMPP/xamppfiles/htdocs/superCourse/Application/Home/Controller/IndexController.class.php 第 17 行.
NOTIC: [8] Undefined index: param /Applications/XAMPP/xamppfiles/htdocs/superCourse/Application/Home/Controller/IndexController.class.php 第 18 行.
NOTIC: [2048] call_user_func_array() expects parameter 1 to be a valid callback, non-static method Api::Search() should not be called statically /Applications/XAMPP/xamppfiles/htdocs/superCourse/Application/Home/Controller/IndexController.class.php 第 19 行.
NOTIC: [2] call_user_func_array() expects parameter 2 to be array, string given /Applications/XAMPP/xamppfiles/htdocs/superCourse/Application/Home/Controller/IndexController.class.php 第 19 行.
INFO: [ app_end ] --START--
INFO: Run Behavior\ShowPageTraceBehavior [ RunTime:0.000511s ]
INFO: [ app_end ] --END-- [ RunTime:0.000554s ]

[ 2016-01-26T14:47:07+08:00 ] ::1 /superCourse/index.php/Home/Index/index4ios/index.php?method=Search&param={%22Data%E2%80%9D:{%E2%80%9Csearchinfo%E2%80%9D:%E2%80%9D13800001%E2%80%9D}}
INFO: [ app_init ] --START--
INFO: Run Behavior\BuildLiteBehavior [ RunTime:0.000017s ]
INFO: [ app_init ] --END-- [ RunTime:0.000359s ]
INFO: [ app_begin ] --START--
INFO: Run Behavior\ReadHtmlCacheBehavior [ RunTime:0.000444s ]
INFO: [ app_begin ] --END-- [ RunTime:0.000497s ]
NOTIC: [8] Undefined index: method /Applications/XAMPP/xamppfiles/htdocs/superCourse/Application/Home/Controller/IndexController.class.php 第 17 行.
NOTIC: [8] Undefined index: param /Applications/XAMPP/xamppfiles/htdocs/superCourse/Application/Home/Controller/IndexController.class.php 第 18 行.
NOTIC: [2048] call_user_func_array() expects parameter 1 to be a valid callback, non-static method Api::Search() should not be called statically /Applications/XAMPP/xamppfiles/htdocs/superCourse/Application/Home/Controller/IndexController.class.php 第 19 行.
NOTIC: [2] call_user_func_array() expects parameter 2 to be array, string given /Applications/XAMPP/xamppfiles/htdocs/superCourse/Application/Home/Controller/IndexController.class.php 第 19 行.
INFO: [ app_end ] --START--
INFO: Run Behavior\ShowPageTraceBehavior [ RunTime:0.000683s ]
INFO: [ app_end ] --END-- [ RunTime:0.000737s ]

[ 2016-01-26T14:47:18+08:00 ] ::1 /superCourse/index.php/Home/Index/index4ios/index.php?method=Search&param={%22Data%E2%80%9D:{%E2%80%9Csearchinfo%E2%80%9D:%E2%80%9D13800001%E2%80%9D}}
INFO: [ app_init ] --START--
INFO: Run Behavior\BuildLiteBehavior [ RunTime:0.000014s ]
INFO: [ app_init ] --END-- [ RunTime:0.000281s ]
INFO: [ app_begin ] --START--
INFO: Run Behavior\ReadHtmlCacheBehavior [ RunTime:0.000356s ]
INFO: [ app_begin ] --END-- [ RunTime:0.000395s ]
NOTIC: [8] Undefined index: method /Applications/XAMPP/xamppfiles/htdocs/superCourse/Application/Home/Controller/IndexController.class.php 第 17 行.
NOTIC: [8] Undefined index: param /Applications/XAMPP/xamppfiles/htdocs/superCourse/Application/Home/Controller/IndexController.class.php 第 18 行.
NOTIC: [2048] call_user_func_array() expects parameter 1 to be a valid callback, non-static method Api::Search() should not be called statically /Applications/XAMPP/xamppfiles/htdocs/superCourse/Application/Home/Controller/IndexController.class.php 第 19 行.
NOTIC: [2] call_user_func_array() expects parameter 2 to be array, string given /Applications/XAMPP/xamppfiles/htdocs/superCourse/Application/Home/Controller/IndexController.class.php 第 19 行.
INFO: [ app_end ] --START--
INFO: Run Behavior\ShowPageTraceBehavior [ RunTime:0.000368s ]
INFO: [ app_end ] --END-- [ RunTime:0.000403s ]

[ 2016-01-26T14:50:48+08:00 ] ::1 /superCourse/index.php/Home/Index/index4ios/index.php?method=Search&param={%22Data%E2%80%9D:{%E2%80%9Csearchinfo%E2%80%9D:%E2%80%9D13800001%E2%80%9D}}
INFO: [ app_init ] --START--
INFO: Run Behavior\BuildLiteBehavior [ RunTime:0.000012s ]
INFO: [ app_init ] --END-- [ RunTime:0.000308s ]
INFO: [ app_begin ] --START--
INFO: Run Behavior\ReadHtmlCacheBehavior [ RunTime:0.000386s ]
INFO: [ app_begin ] --END-- [ RunTime:0.000458s ]
NOTIC: [8] Undefined index: method /Applications/XAMPP/xamppfiles/htdocs/superCourse/Application/Home/Controller/IndexController.class.php 第 17 行.
NOTIC: [8] Undefined index: param /Applications/XAMPP/xamppfiles/htdocs/superCourse/Application/Home/Controller/IndexController.class.php 第 18 行.
NOTIC: [2048] call_user_func_array() expects parameter 1 to be a valid callback, non-static method Api::Search() should not be called statically /Applications/XAMPP/xamppfiles/htdocs/superCourse/Application/Home/Controller/IndexController.class.php 第 19 行.
NOTIC: [2] call_user_func_array() expects parameter 2 to be array, string given /Applications/XAMPP/xamppfiles/htdocs/superCourse/Application/Home/Controller/IndexController.class.php 第 19 行.
INFO: [ app_end ] --START--
INFO: Run Behavior\ShowPageTraceBehavior [ RunTime:0.000378s ]
INFO: [ app_end ] --END-- [ RunTime:0.000414s ]

[ 2016-01-26T14:50:49+08:00 ] ::1 /superCourse/index.php/Home/Index/index4ios/index.php?method=Search&param={%22Data%E2%80%9D:{%E2%80%9Csearchinfo%E2%80%9D:%E2%80%9D13800001%E2%80%9D}}
INFO: [ app_init ] --START--
INFO: Run Behavior\BuildLiteBehavior [ RunTime:0.000012s ]
INFO: [ app_init ] --END-- [ RunTime:0.000285s ]
INFO: [ app_begin ] --START--
INFO: Run Behavior\ReadHtmlCacheBehavior [ RunTime:0.000326s ]
INFO: [ app_begin ] --END-- [ RunTime:0.000366s ]
NOTIC: [8] Undefined index: method /Applications/XAMPP/xamppfiles/htdocs/superCourse/Application/Home/Controller/IndexController.class.php 第 17 行.
NOTIC: [8] Undefined index: param /Applications/XAMPP/xamppfiles/htdocs/superCourse/Application/Home/Controller/IndexController.class.php 第 18 行.
NOTIC: [2048] call_user_func_array() expects parameter 1 to be a valid callback, non-static method Api::Search() should not be called statically /Applications/XAMPP/xamppfiles/htdocs/superCourse/Application/Home/Controller/IndexController.class.php 第 19 行.
NOTIC: [2] call_user_func_array() expects parameter 2 to be array, string given /Applications/XAMPP/xamppfiles/htdocs/superCourse/Application/Home/Controller/IndexController.class.php 第 19 行.
INFO: [ app_end ] --START--
INFO: Run Behavior\ShowPageTraceBehavior [ RunTime:0.000335s ]
INFO: [ app_end ] --END-- [ RunTime:0.000370s ]

[ 2016-01-26T14:50:49+08:00 ] ::1 /superCourse/index.php/Home/Index/index4ios/index.php?method=Search&param={%22Data%E2%80%9D:{%E2%80%9Csearchinfo%E2%80%9D:%E2%80%9D13800001%E2%80%9D}}
INFO: [ app_init ] --START--
INFO: Run Behavior\BuildLiteBehavior [ RunTime:0.000013s ]
INFO: [ app_init ] --END-- [ RunTime:0.000283s ]
INFO: [ app_begin ] --START--
INFO: Run Behavior\ReadHtmlCacheBehavior [ RunTime:0.000325s ]
INFO: [ app_begin ] --END-- [ RunTime:0.000363s ]
NOTIC: [8] Undefined index: method /Applications/XAMPP/xamppfiles/htdocs/superCourse/Application/Home/Controller/IndexController.class.php 第 17 行.
NOTIC: [8] Undefined index: param /Applications/XAMPP/xamppfiles/htdocs/superCourse/Application/Home/Controller/IndexController.class.php 第 18 行.
NOTIC: [2048] call_user_func_array() expects parameter 1 to be a valid callback, non-static method Api::Search() should not be called statically /Applications/XAMPP/xamppfiles/htdocs/superCourse/Application/Home/Controller/IndexController.class.php 第 19 行.
NOTIC: [2] call_user_func_array() expects parameter 2 to be array, string given /Applications/XAMPP/xamppfiles/htdocs/superCourse/Application/Home/Controller/IndexController.class.php 第 19 行.
INFO: [ app_end ] --START--
INFO: Run Behavior\ShowPageTraceBehavior [ RunTime:0.000335s ]
INFO: [ app_end ] --END-- [ RunTime:0.000369s ]

[ 2016-01-26T14:50:49+08:00 ] ::1 /superCourse/index.php/Home/Index/index4ios/index.php?method=Search&param={%22Data%E2%80%9D:{%E2%80%9Csearchinfo%E2%80%9D:%E2%80%9D13800001%E2%80%9D}}
INFO: [ app_init ] --START--
INFO: Run Behavior\BuildLiteBehavior [ RunTime:0.000021s ]
INFO: [ app_init ] --END-- [ RunTime:0.000420s ]
INFO: [ app_begin ] --START--
INFO: Run Behavior\ReadHtmlCacheBehavior [ RunTime:0.000375s ]
INFO: [ app_begin ] --END-- [ RunTime:0.000455s ]
NOTIC: [8] Undefined index: method /Applications/XAMPP/xamppfiles/htdocs/superCourse/Application/Home/Controller/IndexController.class.php 第 17 行.
NOTIC: [8] Undefined index: param /Applications/XAMPP/xamppfiles/htdocs/superCourse/Application/Home/Controller/IndexController.class.php 第 18 行.
NOTIC: [2048] call_user_func_array() expects parameter 1 to be a valid callback, non-static method Api::Search() should not be called statically /Applications/XAMPP/xamppfiles/htdocs/superCourse/Application/Home/Controller/IndexController.class.php 第 19 行.
NOTIC: [2] call_user_func_array() expects parameter 2 to be array, string given /Applications/XAMPP/xamppfiles/htdocs/superCourse/Application/Home/Controller/IndexController.class.php 第 19 行.
INFO: [ app_end ] --START--
INFO: Run Behavior\ShowPageTraceBehavior [ RunTime:0.000372s ]
INFO: [ app_end ] --END-- [ RunTime:0.000407s ]

[ 2016-01-26T14:50:49+08:00 ] ::1 /superCourse/index.php/Home/Index/index4ios/index.php?method=Search&param={%22Data%E2%80%9D:{%E2%80%9Csearchinfo%E2%80%9D:%E2%80%9D13800001%E2%80%9D}}
INFO: [ app_init ] --START--
INFO: Run Behavior\BuildLiteBehavior [ RunTime:0.000013s ]
INFO: [ app_init ] --END-- [ RunTime:0.000277s ]
INFO: [ app_begin ] --START--
INFO: Run Behavior\ReadHtmlCacheBehavior [ RunTime:0.000323s ]
INFO: [ app_begin ] --END-- [ RunTime:0.000361s ]
NOTIC: [8] Undefined index: method /Applications/XAMPP/xamppfiles/htdocs/superCourse/Application/Home/Controller/IndexController.class.php 第 17 行.
NOTIC: [8] Undefined index: param /Applications/XAMPP/xamppfiles/htdocs/superCourse/Application/Home/Controller/IndexController.class.php 第 18 行.
NOTIC: [2048] call_user_func_array() expects parameter 1 to be a valid callback, non-static method Api::Search() should not be called statically /Applications/XAMPP/xamppfiles/htdocs/superCourse/Application/Home/Controller/IndexController.class.php 第 19 行.
NOTIC: [2] call_user_func_array() expects parameter 2 to be array, string given /Applications/XAMPP/xamppfiles/htdocs/superCourse/Application/Home/Controller/IndexController.class.php 第 19 行.
INFO: [ app_end ] --START--
INFO: Run Behavior\ShowPageTraceBehavior [ RunTime:0.000339s ]
INFO: [ app_end ] --END-- [ RunTime:0.000375s ]

[ 2016-01-26T14:56:19+08:00 ] ::1 /superCourse/index.php/Home/Index/index4ios/index.php?method=Search&param={%22Data%E2%80%9D:{%E2%80%9Csearchinfo%E2%80%9D:%E2%80%9D13800001%E2%80%9D}}
INFO: [ app_init ] --START--
INFO: Run Behavior\BuildLiteBehavior [ RunTime:0.000023s ]
INFO: [ app_init ] --END-- [ RunTime:0.000459s ]
INFO: [ app_begin ] --START--
INFO: Run Behavior\ReadHtmlCacheBehavior [ RunTime:0.000475s ]
INFO: [ app_begin ] --END-- [ RunTime:0.000545s ]
NOTIC: [8] Undefined index: method /Applications/XAMPP/xamppfiles/htdocs/superCourse/Application/Home/Controller/IndexController.class.php 第 17 行.
NOTIC: [8] Undefined index: param /Applications/XAMPP/xamppfiles/htdocs/superCourse/Application/Home/Controller/IndexController.class.php 第 18 行.
NOTIC: [2048] call_user_func_array() expects parameter 1 to be a valid callback, non-static method Api::Search() should not be called statically /Applications/XAMPP/xamppfiles/htdocs/superCourse/Application/Home/Controller/IndexController.class.php 第 19 行.
NOTIC: [2] call_user_func_array() expects parameter 2 to be array, string given /Applications/XAMPP/xamppfiles/htdocs/superCourse/Application/Home/Controller/IndexController.class.php 第 19 行.
INFO: [ app_end ] --START--
INFO: Run Behavior\ShowPageTraceBehavior [ RunTime:0.000441s ]
INFO: [ app_end ] --END-- [ RunTime:0.000485s ]

[ 2016-01-26T14:56:26+08:00 ] 127.0.0.1 /superCourse/index.php/Home/Index/index4ios/
INFO: [ app_init ] --START--
INFO: Run Behavior\BuildLiteBehavior [ RunTime:0.000013s ]
INFO: [ app_init ] --END-- [ RunTime:0.000252s ]
INFO: [ app_begin ] --START--
INFO: Run Behavior\ReadHtmlCacheBehavior [ RunTime:0.000297s ]
INFO: [ app_begin ] --END-- [ RunTime:0.000335s ]
NOTIC: [2048] call_user_func_array() expects parameter 1 to be a valid callback, non-static method Api::Login() should not be called statically /Applications/XAMPP/xamppfiles/htdocs/superCourse/Application/Home/Controller/IndexController.class.php 第 19 行.
SQL: SHOW COLUMNS FROM `sc_stu_info` [ RunTime:0.0026s ]
SQL: SELECT * FROM `sc_stu_info` WHERE `phone` = '13800003' LIMIT 1   [ RunTime:0.0005s ]
INFO: [ app_end ] --START--
INFO: Run Behavior\ShowPageTraceBehavior [ RunTime:0.000492s ]
INFO: [ app_end ] --END-- [ RunTime:0.000536s ]

[ 2016-01-26T15:08:58+08:00 ] ::1 /superCourse/index.php/Home/Index/index4ios/index.php?method=Search&param={%22Data%E2%80%9D:{%E2%80%9Csearchinfo%E2%80%9D:%E2%80%9D13800001%E2%80%9D}}
INFO: [ app_init ] --START--
INFO: Run Behavior\BuildLiteBehavior [ RunTime:0.000012s ]
INFO: [ app_init ] --END-- [ RunTime:0.000336s ]
INFO: [ app_begin ] --START--
INFO: Run Behavior\ReadHtmlCacheBehavior [ RunTime:0.000307s ]
INFO: [ app_begin ] --END-- [ RunTime:0.000343s ]
NOTIC: [8] Undefined index: method /Applications/XAMPP/xamppfiles/htdocs/superCourse/Application/Home/Controller/IndexController.class.php 第 17 行.
NOTIC: [8] Undefined index: param /Applications/XAMPP/xamppfiles/htdocs/superCourse/Application/Home/Controller/IndexController.class.php 第 18 行.
NOTIC: [2048] call_user_func_array() expects parameter 1 to be a valid callback, non-static method Api::Search() should not be called statically /Applications/XAMPP/xamppfiles/htdocs/superCourse/Application/Home/Controller/IndexController.class.php 第 19 行.
NOTIC: [2] call_user_func_array() expects parameter 2 to be array, string given /Applications/XAMPP/xamppfiles/htdocs/superCourse/Application/Home/Controller/IndexController.class.php 第 19 行.
INFO: [ app_end ] --START--
INFO: Run Behavior\ShowPageTraceBehavior [ RunTime:0.000316s ]
INFO: [ app_end ] --END-- [ RunTime:0.000348s ]

[ 2016-01-26T15:09:58+08:00 ] ::1 /superCourse/index.php/Home/Index/index4ios/index.php?method=Search&param={%22Data%E2%80%9D:{%E2%80%9Csearchinfo%E2%80%9D:%E2%80%9D13800001%E2%80%9D}}
INFO: [ app_init ] --START--
INFO: Run Behavior\BuildLiteBehavior [ RunTime:0.000016s ]
INFO: [ app_init ] --END-- [ RunTime:0.000476s ]
INFO: [ app_begin ] --START--
INFO: Run Behavior\ReadHtmlCacheBehavior [ RunTime:0.000437s ]
INFO: [ app_begin ] --END-- [ RunTime:0.000489s ]
NOTIC: [8] Undefined index: method /Applications/XAMPP/xamppfiles/htdocs/superCourse/Application/Home/Controller/IndexController.class.php 第 17 行.
NOTIC: [8] Undefined index: param /Applications/XAMPP/xamppfiles/htdocs/superCourse/Application/Home/Controller/IndexController.class.php 第 18 行.
INFO: [ app_end ] --START--
INFO: Run Behavior\ShowPageTraceBehavior [ RunTime:0.000454s ]
INFO: [ app_end ] --END-- [ RunTime:0.000502s ]

[ 2016-01-26T15:10:15+08:00 ] ::1 /superCourse/index.php/Home/Index/index4ios/index.php?method=Search&param={%22Data%E2%80%9D:{%E2%80%9Csearchinfo%E2%80%9D:%E2%80%9D13800001%E2%80%9D}}
INFO: [ app_init ] --START--
INFO: Run Behavior\BuildLiteBehavior [ RunTime:0.000015s ]
INFO: [ app_init ] --END-- [ RunTime:0.000512s ]
INFO: [ app_begin ] --START--
INFO: Run Behavior\ReadHtmlCacheBehavior [ RunTime:0.000454s ]
INFO: [ app_begin ] --END-- [ RunTime:0.000499s ]
NOTIC: [8] Undefined index: method /Applications/XAMPP/xamppfiles/htdocs/superCourse/Application/Home/Controller/IndexController.class.php 第 17 行.
NOTIC: [8] Undefined index: param /Applications/XAMPP/xamppfiles/htdocs/superCourse/Application/Home/Controller/IndexController.class.php 第 18 行.
INFO: [ app_end ] --START--
INFO: Run Behavior\ShowPageTraceBehavior [ RunTime:0.000447s ]
INFO: [ app_end ] --END-- [ RunTime:0.000514s ]

[ 2016-01-26T15:11:20+08:00 ] ::1 /superCourse/index.php/Home/Index/index4ios/index.php?method=Search&param={%22Data%22:{%22searchinfo%22:%2213800001%22}}
INFO: [ app_init ] --START--
INFO: Run Behavior\BuildLiteBehavior [ RunTime:0.000026s ]
INFO: [ app_init ] --END-- [ RunTime:0.000450s ]
INFO: [ app_begin ] --START--
INFO: Run Behavior\ReadHtmlCacheBehavior [ RunTime:0.000454s ]
INFO: [ app_begin ] --END-- [ RunTime:0.000508s ]
NOTIC: [8] Undefined index: method /Applications/XAMPP/xamppfiles/htdocs/superCourse/Application/Home/Controller/IndexController.class.php 第 17 行.
NOTIC: [8] Undefined index: param /Applications/XAMPP/xamppfiles/htdocs/superCourse/Application/Home/Controller/IndexController.class.php 第 18 行.
NOTIC: [2048] call_user_func_array() expects parameter 1 to be a valid callback, non-static method Api::Search() should not be called statically /Applications/XAMPP/xamppfiles/htdocs/superCourse/Application/Home/Controller/IndexController.class.php 第 20 行.
NOTIC: [2] call_user_func_array() expects parameter 2 to be array, string given /Applications/XAMPP/xamppfiles/htdocs/superCourse/Application/Home/Controller/IndexController.class.php 第 20 行.
INFO: [ app_end ] --START--
INFO: Run Behavior\ShowPageTraceBehavior [ RunTime:0.000490s ]
INFO: [ app_end ] --END-- [ RunTime:0.000591s ]

[ 2016-01-26T15:11:22+08:00 ] ::1 /superCourse/index.php/Home/Index/index4ios/index.php?method=Search&param={%22Data%22:{%22searchinfo%22:%2213800001%22}}
INFO: [ app_init ] --START--
INFO: Run Behavior\BuildLiteBehavior [ RunTime:0.000011s ]
INFO: [ app_init ] --END-- [ RunTime:0.000238s ]
INFO: [ app_begin ] --START--
INFO: Run Behavior\ReadHtmlCacheBehavior [ RunTime:0.000293s ]
INFO: [ app_begin ] --END-- [ RunTime:0.000328s ]
NOTIC: [8] Undefined index: method /Applications/XAMPP/xamppfiles/htdocs/superCourse/Application/Home/Controller/IndexController.class.php 第 17 行.
NOTIC: [8] Undefined index: param /Applications/XAMPP/xamppfiles/htdocs/superCourse/Application/Home/Controller/IndexController.class.php 第 18 行.
NOTIC: [2048] call_user_func_array() expects parameter 1 to be a valid callback, non-static method Api::Search() should not be called statically /Applications/XAMPP/xamppfiles/htdocs/superCourse/Application/Home/Controller/IndexController.class.php 第 20 行.
NOTIC: [2] call_user_func_array() expects parameter 2 to be array, string given /Applications/XAMPP/xamppfiles/htdocs/superCourse/Application/Home/Controller/IndexController.class.php 第 20 行.
INFO: [ app_end ] --START--
INFO: Run Behavior\ShowPageTraceBehavior [ RunTime:0.000307s ]
INFO: [ app_end ] --END-- [ RunTime:0.000388s ]

[ 2016-01-26T15:11:41+08:00 ] ::1 /superCourse/index.php/Home/Index/index4ios/index.php?method=Search&param={%22Data%22:{%22searchinfo%22:%2213800001%22}}
INFO: [ app_init ] --START--
INFO: Run Behavior\BuildLiteBehavior [ RunTime:0.000011s ]
INFO: [ app_init ] --END-- [ RunTime:0.000257s ]
INFO: [ app_begin ] --START--
INFO: Run Behavior\ReadHtmlCacheBehavior [ RunTime:0.000305s ]
INFO: [ app_begin ] --END-- [ RunTime:0.000341s ]
NOTIC: [8] Undefined index: method /Applications/XAMPP/xamppfiles/htdocs/superCourse/Application/Home/Controller/IndexController.class.php 第 17 行.
NOTIC: [8] Undefined index: param /Applications/XAMPP/xamppfiles/htdocs/superCourse/Application/Home/Controller/IndexController.class.php 第 18 行.
INFO: [ app_end ] --START--
INFO: Run Behavior\ShowPageTraceBehavior [ RunTime:0.000366s ]
INFO: [ app_end ] --END-- [ RunTime:0.000399s ]

[ 2016-01-26T15:12:38+08:00 ] ::1 /superCourse/index.php/Home/Index/index4ios/index.php?method=Search&param={%22Data%22:{%22searchinfo%22:%2213800001%22}}
INFO: [ app_init ] --START--
INFO: Run Behavior\BuildLiteBehavior [ RunTime:0.000012s ]
INFO: [ app_init ] --END-- [ RunTime:0.000354s ]
INFO: [ app_begin ] --START--
INFO: Run Behavior\ReadHtmlCacheBehavior [ RunTime:0.000391s ]
INFO: [ app_begin ] --END-- [ RunTime:0.000435s ]
NOTIC: [8] Undefined index: method /Applications/XAMPP/xamppfiles/htdocs/superCourse/Application/Home/Controller/IndexController.class.php 第 17 行.
NOTIC: [8] Undefined index: param /Applications/XAMPP/xamppfiles/htdocs/superCourse/Application/Home/Controller/IndexController.class.php 第 18 行.
NOTIC: [2048] call_user_func_array() expects parameter 1 to be a valid callback, non-static method Api::Search() should not be called statically /Applications/XAMPP/xamppfiles/htdocs/superCourse/Application/Home/Controller/IndexController.class.php 第 20 行.
NOTIC: [2] call_user_func_array() expects parameter 2 to be array, string given /Applications/XAMPP/xamppfiles/htdocs/superCourse/Application/Home/Controller/IndexController.class.php 第 20 行.
INFO: [ app_end ] --START--
INFO: Run Behavior\ShowPageTraceBehavior [ RunTime:0.000362s ]
INFO: [ app_end ] --END-- [ RunTime:0.000399s ]

[ 2016-01-26T15:12:39+08:00 ] ::1 /superCourse/index.php/Home/Index/index4ios/index.php?method=Search&param={%22Data%22:{%22searchinfo%22:%2213800001%22}}
INFO: [ app_init ] --START--
INFO: Run Behavior\BuildLiteBehavior [ RunTime:0.000017s ]
INFO: [ app_init ] --END-- [ RunTime:0.000400s ]
INFO: [ app_begin ] --START--
INFO: Run Behavior\ReadHtmlCacheBehavior [ RunTime:0.000433s ]
INFO: [ app_begin ] --END-- [ RunTime:0.000485s ]
NOTIC: [8] Undefined index: method /Applications/XAMPP/xamppfiles/htdocs/superCourse/Application/Home/Controller/IndexController.class.php 第 17 行.
NOTIC: [8] Undefined index: param /Applications/XAMPP/xamppfiles/htdocs/superCourse/Application/Home/Controller/IndexController.class.php 第 18 行.
NOTIC: [2048] call_user_func_array() expects parameter 1 to be a valid callback, non-static method Api::Search() should not be called statically /Applications/XAMPP/xamppfiles/htdocs/superCourse/Application/Home/Controller/IndexController.class.php 第 20 行.
NOTIC: [2] call_user_func_array() expects parameter 2 to be array, string given /Applications/XAMPP/xamppfiles/htdocs/superCourse/Application/Home/Controller/IndexController.class.php 第 20 行.
INFO: [ app_end ] --START--
INFO: Run Behavior\ShowPageTraceBehavior [ RunTime:0.000444s ]
INFO: [ app_end ] --END-- [ RunTime:0.000491s ]

[ 2016-01-26T15:12:40+08:00 ] ::1 /superCourse/index.php/Home/Index/index4ios/index.php?method=Search&param={%22Data%22:{%22searchinfo%22:%2213800001%22}}
INFO: [ app_init ] --START--
INFO: Run Behavior\BuildLiteBehavior [ RunTime:0.000016s ]
INFO: [ app_init ] --END-- [ RunTime:0.000370s ]
INFO: [ app_begin ] --START--
INFO: Run Behavior\ReadHtmlCacheBehavior [ RunTime:0.000459s ]
INFO: [ app_begin ] --END-- [ RunTime:0.000509s ]
NOTIC: [8] Undefined index: method /Applications/XAMPP/xamppfiles/htdocs/superCourse/Application/Home/Controller/IndexController.class.php 第 17 行.
NOTIC: [8] Undefined index: param /Applications/XAMPP/xamppfiles/htdocs/superCourse/Application/Home/Controller/IndexController.class.php 第 18 行.
NOTIC: [2048] call_user_func_array() expects parameter 1 to be a valid callback, non-static method Api::Search() should not be called statically /Applications/XAMPP/xamppfiles/htdocs/superCourse/Application/Home/Controller/IndexController.class.php 第 20 行.
NOTIC: [2] call_user_func_array() expects parameter 2 to be array, string given /Applications/XAMPP/xamppfiles/htdocs/superCourse/Application/Home/Controller/IndexController.class.php 第 20 行.
INFO: [ app_end ] --START--
INFO: Run Behavior\ShowPageTraceBehavior [ RunTime:0.000465s ]
INFO: [ app_end ] --END-- [ RunTime:0.000514s ]

[ 2016-01-26T15:12:40+08:00 ] ::1 /superCourse/index.php/Home/Index/index4ios/index.php?method=Search&param={%22Data%22:{%22searchinfo%22:%2213800001%22}}
INFO: [ app_init ] --START--
INFO: Run Behavior\BuildLiteBehavior [ RunTime:0.000011s ]
INFO: [ app_init ] --END-- [ RunTime:0.000242s ]
INFO: [ app_begin ] --START--
INFO: Run Behavior\ReadHtmlCacheBehavior [ RunTime:0.000304s ]
INFO: [ app_begin ] --END-- [ RunTime:0.000339s ]
NOTIC: [8] Undefined index: method /Applications/XAMPP/xamppfiles/htdocs/superCourse/Application/Home/Controller/IndexController.class.php 第 17 行.
NOTIC: [8] Undefined index: param /Applications/XAMPP/xamppfiles/htdocs/superCourse/Application/Home/Controller/IndexController.class.php 第 18 行.
NOTIC: [2048] call_user_func_array() expects parameter 1 to be a valid callback, non-static method Api::Search() should not be called statically /Applications/XAMPP/xamppfiles/htdocs/superCourse/Application/Home/Controller/IndexController.class.php 第 20 行.
NOTIC: [2] call_user_func_array() expects parameter 2 to be array, string given /Applications/XAMPP/xamppfiles/htdocs/superCourse/Application/Home/Controller/IndexController.class.php 第 20 行.
INFO: [ app_end ] --START--
INFO: Run Behavior\ShowPageTraceBehavior [ RunTime:0.000304s ]
INFO: [ app_end ] --END-- [ RunTime:0.000335s ]

[ 2016-01-26T15:12:41+08:00 ] ::1 /superCourse/index.php/Home/Index/index4ios/index.php?method=Search&param={%22Data%22:{%22searchinfo%22:%2213800001%22}}
INFO: [ app_init ] --START--
INFO: Run Behavior\BuildLiteBehavior [ RunTime:0.000018s ]
INFO: [ app_init ] --END-- [ RunTime:0.000312s ]
INFO: [ app_begin ] --START--
INFO: Run Behavior\ReadHtmlCacheBehavior [ RunTime:0.000384s ]
INFO: [ app_begin ] --END-- [ RunTime:0.000440s ]
NOTIC: [8] Undefined index: method /Applications/XAMPP/xamppfiles/htdocs/superCourse/Application/Home/Controller/IndexController.class.php 第 17 行.
NOTIC: [8] Undefined index: param /Applications/XAMPP/xamppfiles/htdocs/superCourse/Application/Home/Controller/IndexController.class.php 第 18 行.
NOTIC: [2048] call_user_func_array() expects parameter 1 to be a valid callback, non-static method Api::Search() should not be called statically /Applications/XAMPP/xamppfiles/htdocs/superCourse/Application/Home/Controller/IndexController.class.php 第 20 行.
NOTIC: [2] call_user_func_array() expects parameter 2 to be array, string given /Applications/XAMPP/xamppfiles/htdocs/superCourse/Application/Home/Controller/IndexController.class.php 第 20 行.
INFO: [ app_end ] --START--
INFO: Run Behavior\ShowPageTraceBehavior [ RunTime:0.000367s ]
INFO: [ app_end ] --END-- [ RunTime:0.000405s ]

[ 2016-01-26T15:12:42+08:00 ] ::1 /superCourse/index.php/Home/Index/index4ios/index.php?method=Search&param={%22Data%22:{%22searchinfo%22:%2213800001%22}}
INFO: [ app_init ] --START--
INFO: Run Behavior\BuildLiteBehavior [ RunTime:0.000016s ]
INFO: [ app_init ] --END-- [ RunTime:0.000342s ]
INFO: [ app_begin ] --START--
INFO: Run Behavior\ReadHtmlCacheBehavior [ RunTime:0.000427s ]
INFO: [ app_begin ] --END-- [ RunTime:0.000477s ]
NOTIC: [8] Undefined index: method /Applications/XAMPP/xamppfiles/htdocs/superCourse/Application/Home/Controller/IndexController.class.php 第 17 行.
NOTIC: [8] Undefined index: param /Applications/XAMPP/xamppfiles/htdocs/superCourse/Application/Home/Controller/IndexController.class.php 第 18 行.
NOTIC: [2048] call_user_func_array() expects parameter 1 to be a valid callback, non-static method Api::Search() should not be called statically /Applications/XAMPP/xamppfiles/htdocs/superCourse/Application/Home/Controller/IndexController.class.php 第 20 行.
NOTIC: [2] call_user_func_array() expects parameter 2 to be array, string given /Applications/XAMPP/xamppfiles/htdocs/superCourse/Application/Home/Controller/IndexController.class.php 第 20 行.
INFO: [ app_end ] --START--
INFO: Run Behavior\ShowPageTraceBehavior [ RunTime:0.000439s ]
INFO: [ app_end ] --END-- [ RunTime:0.000486s ]

[ 2016-01-26T15:12:42+08:00 ] ::1 /superCourse/index.php/Home/Index/index4ios/index.php?method=Search&param={%22Data%22:{%22searchinfo%22:%2213800001%22}}
INFO: [ app_init ] --START--
INFO: Run Behavior\BuildLiteBehavior [ RunTime:0.000016s ]
INFO: [ app_init ] --END-- [ RunTime:0.000350s ]
INFO: [ app_begin ] --START--
INFO: Run Behavior\ReadHtmlCacheBehavior [ RunTime:0.000432s ]
INFO: [ app_begin ] --END-- [ RunTime:0.000483s ]
NOTIC: [8] Undefined index: method /Applications/XAMPP/xamppfiles/htdocs/superCourse/Application/Home/Controller/IndexController.class.php 第 17 行.
NOTIC: [8] Undefined index: param /Applications/XAMPP/xamppfiles/htdocs/superCourse/Application/Home/Controller/IndexController.class.php 第 18 行.
NOTIC: [2048] call_user_func_array() expects parameter 1 to be a valid callback, non-static method Api::Search() should not be called statically /Applications/XAMPP/xamppfiles/htdocs/superCourse/Application/Home/Controller/IndexController.class.php 第 20 行.
NOTIC: [2] call_user_func_array() expects parameter 2 to be array, string given /Applications/XAMPP/xamppfiles/htdocs/superCourse/Application/Home/Controller/IndexController.class.php 第 20 行.
INFO: [ app_end ] --START--
INFO: Run Behavior\ShowPageTraceBehavior [ RunTime:0.000472s ]
INFO: [ app_end ] --END-- [ RunTime:0.000560s ]

[ 2016-01-26T15:14:54+08:00 ] ::1 /superCourse/index.php/Home/Index/index4ios/index.php?method=Search&param={%22Data%22:{%22searchinfo%22:%2213800001%22}}
INFO: [ app_init ] --START--
INFO: Run Behavior\BuildLiteBehavior [ RunTime:0.000017s ]
INFO: [ app_init ] --END-- [ RunTime:0.000379s ]
INFO: [ app_begin ] --START--
INFO: Run Behavior\ReadHtmlCacheBehavior [ RunTime:0.000455s ]
INFO: [ app_begin ] --END-- [ RunTime:0.000508s ]
NOTIC: [8] Undefined index: method /Applications/XAMPP/xamppfiles/htdocs/superCourse/Application/Home/Controller/IndexController.class.php 第 17 行.
NOTIC: [8] Undefined index: param /Applications/XAMPP/xamppfiles/htdocs/superCourse/Application/Home/Controller/IndexController.class.php 第 18 行.
INFO: [ app_end ] --START--
INFO: Run Behavior\ShowPageTraceBehavior [ RunTime:0.000471s ]
INFO: [ app_end ] --END-- [ RunTime:0.000521s ]

[ 2016-01-26T15:15:34+08:00 ] ::1 /superCourse/index.php/Home/Index/index4ios/index.php?method=Search&param={%22Data%22:{%22searchinfo%22:%2213800001%22}}
INFO: [ app_init ] --START--
INFO: Run Behavior\BuildLiteBehavior [ RunTime:0.000018s ]
INFO: [ app_init ] --END-- [ RunTime:0.000372s ]
INFO: [ app_begin ] --START--
INFO: Run Behavior\ReadHtmlCacheBehavior [ RunTime:0.000442s ]
INFO: [ app_begin ] --END-- [ RunTime:0.000496s ]
NOTIC: [8] Undefined index: method /Applications/XAMPP/xamppfiles/htdocs/superCourse/Application/Home/Controller/IndexController.class.php 第 17 行.
NOTIC: [8] Undefined index: param /Applications/XAMPP/xamppfiles/htdocs/superCourse/Application/Home/Controller/IndexController.class.php 第 18 行.
NOTIC: [2048] call_user_func_array() expects parameter 1 to be a valid callback, non-static method Api::Search() should not be called statically /Applications/XAMPP/xamppfiles/htdocs/superCourse/Application/Home/Controller/IndexController.class.php 第 20 行.
NOTIC: [2] call_user_func_array() expects parameter 2 to be array, string given /Applications/XAMPP/xamppfiles/htdocs/superCourse/Application/Home/Controller/IndexController.class.php 第 20 行.
INFO: [ app_end ] --START--
INFO: Run Behavior\ShowPageTraceBehavior [ RunTime:0.000470s ]
INFO: [ app_end ] --END-- [ RunTime:0.000518s ]

[ 2016-01-26T15:16:36+08:00 ] ::1 /superCourse/index.php/Home/Index/index4ios/index.php?method=Search&param={%22Data%22:{%22searchinfo%22:%2213800001%22}}
INFO: [ app_init ] --START--
INFO: Run Behavior\BuildLiteBehavior [ RunTime:0.000025s ]
INFO: [ app_init ] --END-- [ RunTime:0.000448s ]
INFO: [ app_begin ] --START--
INFO: Run Behavior\ReadHtmlCacheBehavior [ RunTime:0.000529s ]
INFO: [ app_begin ] --END-- [ RunTime:0.000581s ]
NOTIC: [8] Undefined index: method /Applications/XAMPP/xamppfiles/htdocs/superCourse/Application/Home/Controller/IndexController.class.php 第 17 行.
NOTIC: [8] Undefined index: param /Applications/XAMPP/xamppfiles/htdocs/superCourse/Application/Home/Controller/IndexController.class.php 第 18 行.
NOTIC: [2048] call_user_func_array() expects parameter 1 to be a valid callback, non-static method Api::Search() should not be called statically /Applications/XAMPP/xamppfiles/htdocs/superCourse/Application/Home/Controller/IndexController.class.php 第 20 行.
NOTIC: [2] call_user_func_array() expects parameter 2 to be array, string given /Applications/XAMPP/xamppfiles/htdocs/superCourse/Application/Home/Controller/IndexController.class.php 第 20 行.
INFO: [ app_end ] --START--
INFO: Run Behavior\ShowPageTraceBehavior [ RunTime:0.000559s ]
INFO: [ app_end ] --END-- [ RunTime:0.000606s ]

[ 2016-01-26T15:16:37+08:00 ] ::1 /superCourse/index.php/Home/Index/index4ios/index.php?method=Search&param={%22Data%22:{%22searchinfo%22:%2213800001%22}}
INFO: [ app_init ] --START--
INFO: Run Behavior\BuildLiteBehavior [ RunTime:0.000020s ]
INFO: [ app_init ] --END-- [ RunTime:0.000454s ]
INFO: [ app_begin ] --START--
INFO: Run Behavior\ReadHtmlCacheBehavior [ RunTime:0.000462s ]
INFO: [ app_begin ] --END-- [ RunTime:0.000516s ]
NOTIC: [8] Undefined index: method /Applications/XAMPP/xamppfiles/htdocs/superCourse/Application/Home/Controller/IndexController.class.php 第 17 行.
NOTIC: [8] Undefined index: param /Applications/XAMPP/xamppfiles/htdocs/superCourse/Application/Home/Controller/IndexController.class.php 第 18 行.
NOTIC: [2048] call_user_func_array() expects parameter 1 to be a valid callback, non-static method Api::Search() should not be called statically /Applications/XAMPP/xamppfiles/htdocs/superCourse/Application/Home/Controller/IndexController.class.php 第 20 行.
NOTIC: [2] call_user_func_array() expects parameter 2 to be array, string given /Applications/XAMPP/xamppfiles/htdocs/superCourse/Application/Home/Controller/IndexController.class.php 第 20 行.
INFO: [ app_end ] --START--
INFO: Run Behavior\ShowPageTraceBehavior [ RunTime:0.000459s ]
INFO: [ app_end ] --END-- [ RunTime:0.000506s ]

[ 2016-01-26T15:18:51+08:00 ] ::1 /superCourse/index.php/Home/Index/index4ios/index.php?method=Search&param={%22Data%22:{%22searchinfo%22:%2213800001%22}}
INFO: [ app_init ] --START--
INFO: Run Behavior\BuildLiteBehavior [ RunTime:0.000013s ]
INFO: [ app_init ] --END-- [ RunTime:0.000277s ]
INFO: [ app_begin ] --START--
INFO: Run Behavior\ReadHtmlCacheBehavior [ RunTime:0.000344s ]
INFO: [ app_begin ] --END-- [ RunTime:0.000384s ]
NOTIC: [8] Undefined index: method /Applications/XAMPP/xamppfiles/htdocs/superCourse/Application/Home/Controller/IndexController.class.php 第 17 行.
NOTIC: [8] Undefined index: param /Applications/XAMPP/xamppfiles/htdocs/superCourse/Application/Home/Controller/IndexController.class.php 第 18 行.
NOTIC: [2048] call_user_func_array() expects parameter 1 to be a valid callback, non-static method Api::Search() should not be called statically /Applications/XAMPP/xamppfiles/htdocs/superCourse/Application/Home/Controller/IndexController.class.php 第 20 行.
NOTIC: [2] call_user_func_array() expects parameter 2 to be array, string given /Applications/XAMPP/xamppfiles/htdocs/superCourse/Application/Home/Controller/IndexController.class.php 第 20 行.
INFO: [ app_end ] --START--
INFO: Run Behavior\ShowPageTraceBehavior [ RunTime:0.000436s ]
INFO: [ app_end ] --END-- [ RunTime:0.000471s ]

[ 2016-01-26T15:18:51+08:00 ] ::1 /superCourse/index.php/Home/Index/index4ios/index.php?method=Search&param={%22Data%22:{%22searchinfo%22:%2213800001%22}}
INFO: [ app_init ] --START--
INFO: Run Behavior\BuildLiteBehavior [ RunTime:0.000016s ]
INFO: [ app_init ] --END-- [ RunTime:0.000419s ]
INFO: [ app_begin ] --START--
INFO: Run Behavior\ReadHtmlCacheBehavior [ RunTime:0.000665s ]
INFO: [ app_begin ] --END-- [ RunTime:0.000733s ]
NOTIC: [8] Undefined index: method /Applications/XAMPP/xamppfiles/htdocs/superCourse/Application/Home/Controller/IndexController.class.php 第 17 行.
NOTIC: [8] Undefined index: param /Applications/XAMPP/xamppfiles/htdocs/superCourse/Application/Home/Controller/IndexController.class.php 第 18 行.
NOTIC: [2048] call_user_func_array() expects parameter 1 to be a valid callback, non-static method Api::Search() should not be called statically /Applications/XAMPP/xamppfiles/htdocs/superCourse/Application/Home/Controller/IndexController.class.php 第 20 行.
NOTIC: [2] call_user_func_array() expects parameter 2 to be array, string given /Applications/XAMPP/xamppfiles/htdocs/superCourse/Application/Home/Controller/IndexController.class.php 第 20 行.
INFO: [ app_end ] --START--
INFO: Run Behavior\ShowPageTraceBehavior [ RunTime:0.000496s ]
INFO: [ app_end ] --END-- [ RunTime:0.000550s ]

[ 2016-01-26T15:20:42+08:00 ] ::1 /superCourse/index.php/Home/Index/index4ios/index.php?method=Search&param={%22Data%22:{%22searchinfo%22:%2213800001%22}}
INFO: [ app_init ] --START--
INFO: Run Behavior\BuildLiteBehavior [ RunTime:0.000016s ]
INFO: [ app_init ] --END-- [ RunTime:0.000350s ]
INFO: [ app_begin ] --START--
INFO: Run Behavior\ReadHtmlCacheBehavior [ RunTime:0.000359s ]
INFO: [ app_begin ] --END-- [ RunTime:0.000401s ]
NOTIC: [8] Undefined index: method /Applications/XAMPP/xamppfiles/htdocs/superCourse/Application/Home/Controller/IndexController.class.php 第 17 行.
NOTIC: [8] Undefined index: param /Applications/XAMPP/xamppfiles/htdocs/superCourse/Application/Home/Controller/IndexController.class.php 第 18 行.
NOTIC: [2048] call_user_func_array() expects parameter 1 to be a valid callback, non-static method Api::Search() should not be called statically /Applications/XAMPP/xamppfiles/htdocs/superCourse/Application/Home/Controller/IndexController.class.php 第 20 行.
NOTIC: [2] call_user_func_array() expects parameter 2 to be array, string given /Applications/XAMPP/xamppfiles/htdocs/superCourse/Application/Home/Controller/IndexController.class.php 第 20 行.
INFO: [ app_end ] --START--
INFO: Run Behavior\ShowPageTraceBehavior [ RunTime:0.000366s ]
INFO: [ app_end ] --END-- [ RunTime:0.000404s ]

[ 2016-01-26T15:20:43+08:00 ] ::1 /superCourse/index.php/Home/Index/index4ios/index.php?method=Search&param={%22Data%22:{%22searchinfo%22:%2213800001%22}}
INFO: [ app_init ] --START--
INFO: Run Behavior\BuildLiteBehavior [ RunTime:0.000016s ]
INFO: [ app_init ] --END-- [ RunTime:0.000350s ]
INFO: [ app_begin ] --START--
INFO: Run Behavior\ReadHtmlCacheBehavior [ RunTime:0.000437s ]
INFO: [ app_begin ] --END-- [ RunTime:0.000490s ]
NOTIC: [8] Undefined index: method /Applications/XAMPP/xamppfiles/htdocs/superCourse/Application/Home/Controller/IndexController.class.php 第 17 行.
NOTIC: [8] Undefined index: param /Applications/XAMPP/xamppfiles/htdocs/superCourse/Application/Home/Controller/IndexController.class.php 第 18 行.
NOTIC: [2048] call_user_func_array() expects parameter 1 to be a valid callback, non-static method Api::Search() should not be called statically /Applications/XAMPP/xamppfiles/htdocs/superCourse/Application/Home/Controller/IndexController.class.php 第 20 行.
NOTIC: [2] call_user_func_array() expects parameter 2 to be array, string given /Applications/XAMPP/xamppfiles/htdocs/superCourse/Application/Home/Controller/IndexController.class.php 第 20 行.
INFO: [ app_end ] --START--
INFO: Run Behavior\ShowPageTraceBehavior [ RunTime:0.000451s ]
INFO: [ app_end ] --END-- [ RunTime:0.000500s ]

[ 2016-01-26T15:20:58+08:00 ] ::1 /superCourse/index.php/Home/Index/index4ios/index.php?method=Search&param={%22Data%22:{%22searchinfo%22:%2213800001%22}}
INFO: [ app_init ] --START--
INFO: Run Behavior\BuildLiteBehavior [ RunTime:0.000018s ]
INFO: [ app_init ] --END-- [ RunTime:0.000411s ]
INFO: [ app_begin ] --START--
INFO: Run Behavior\ReadHtmlCacheBehavior [ RunTime:0.000346s ]
INFO: [ app_begin ] --END-- [ RunTime:0.000386s ]
NOTIC: [8] Undefined index: method /Applications/XAMPP/xamppfiles/htdocs/superCourse/Application/Home/Controller/IndexController.class.php 第 17 行.
NOTIC: [8] Undefined index: param /Applications/XAMPP/xamppfiles/htdocs/superCourse/Application/Home/Controller/IndexController.class.php 第 18 行.
NOTIC: [2048] call_user_func_array() expects parameter 1 to be a valid callback, non-static method Api::Search() should not be called statically /Applications/XAMPP/xamppfiles/htdocs/superCourse/Application/Home/Controller/IndexController.class.php 第 20 行.
NOTIC: [2] call_user_func_array() expects parameter 2 to be array, string given /Applications/XAMPP/xamppfiles/htdocs/superCourse/Application/Home/Controller/IndexController.class.php 第 20 行.
INFO: [ app_end ] --START--
INFO: Run Behavior\ShowPageTraceBehavior [ RunTime:0.000354s ]
INFO: [ app_end ] --END-- [ RunTime:0.000389s ]

[ 2016-01-26T15:21:00+08:00 ] ::1 /superCourse/index.php/Home/Index/index4ios/index.php?method=Search&param={%22Data%22:{%22searchinfo%22:%2213800001%22}}
INFO: [ app_init ] --START--
INFO: Run Behavior\BuildLiteBehavior [ RunTime:0.000015s ]
INFO: [ app_init ] --END-- [ RunTime:0.000342s ]
INFO: [ app_begin ] --START--
INFO: Run Behavior\ReadHtmlCacheBehavior [ RunTime:0.000685s ]
INFO: [ app_begin ] --END-- [ RunTime:0.000765s ]
NOTIC: [8] Undefined index: method /Applications/XAMPP/xamppfiles/htdocs/superCourse/Application/Home/Controller/IndexController.class.php 第 17 行.
NOTIC: [8] Undefined index: param /Applications/XAMPP/xamppfiles/htdocs/superCourse/Application/Home/Controller/IndexController.class.php 第 18 行.
NOTIC: [2048] call_user_func_array() expects parameter 1 to be a valid callback, non-static method Api::Search() should not be called statically /Applications/XAMPP/xamppfiles/htdocs/superCourse/Application/Home/Controller/IndexController.class.php 第 20 行.
NOTIC: [2] call_user_func_array() expects parameter 2 to be array, string given /Applications/XAMPP/xamppfiles/htdocs/superCourse/Application/Home/Controller/IndexController.class.php 第 20 行.
INFO: [ app_end ] --START--
INFO: Run Behavior\ShowPageTraceBehavior [ RunTime:0.000708s ]
INFO: [ app_end ] --END-- [ RunTime:0.000781s ]

[ 2016-01-26T15:21:23+08:00 ] ::1 /superCourse/index.php/Home/Index/index4ios/index.php?method=Search&param={%22Data%22:{%22searchinfo%22:%2213800001%22}}
INFO: [ app_init ] --START--
INFO: Run Behavior\BuildLiteBehavior [ RunTime:0.000016s ]
INFO: [ app_init ] --END-- [ RunTime:0.000412s ]
INFO: [ app_begin ] --START--
INFO: Run Behavior\ReadHtmlCacheBehavior [ RunTime:0.000445s ]
INFO: [ app_begin ] --END-- [ RunTime:0.000497s ]
NOTIC: [8] Undefined index: method /Applications/XAMPP/xamppfiles/htdocs/superCourse/Application/Home/Controller/IndexController.class.php 第 17 行.
NOTIC: [8] Undefined index: param /Applications/XAMPP/xamppfiles/htdocs/superCourse/Application/Home/Controller/IndexController.class.php 第 18 行.
NOTIC: [2048] call_user_func_array() expects parameter 1 to be a valid callback, non-static method Api::Search() should not be called statically /Applications/XAMPP/xamppfiles/htdocs/superCourse/Application/Home/Controller/IndexController.class.php 第 20 行.
NOTIC: [2] call_user_func_array() expects parameter 2 to be array, string given /Applications/XAMPP/xamppfiles/htdocs/superCourse/Application/Home/Controller/IndexController.class.php 第 20 行.
INFO: [ app_end ] --START--
INFO: Run Behavior\ShowPageTraceBehavior [ RunTime:0.000463s ]
INFO: [ app_end ] --END-- [ RunTime:0.000511s ]

[ 2016-01-26T15:21:24+08:00 ] ::1 /superCourse/index.php/Home/Index/index4ios/index.php?method=Search&param={%22Data%22:{%22searchinfo%22:%2213800001%22}}
INFO: [ app_init ] --START--
INFO: Run Behavior\BuildLiteBehavior [ RunTime:0.000015s ]
INFO: [ app_init ] --END-- [ RunTime:0.000345s ]
INFO: [ app_begin ] --START--
INFO: Run Behavior\ReadHtmlCacheBehavior [ RunTime:0.000432s ]
INFO: [ app_begin ] --END-- [ RunTime:0.000481s ]
NOTIC: [8] Undefined index: method /Applications/XAMPP/xamppfiles/htdocs/superCourse/Application/Home/Controller/IndexController.class.php 第 17 行.
NOTIC: [8] Undefined index: param /Applications/XAMPP/xamppfiles/htdocs/superCourse/Application/Home/Controller/IndexController.class.php 第 18 行.
NOTIC: [2048] call_user_func_array() expects parameter 1 to be a valid callback, non-static method Api::Search() should not be called statically /Applications/XAMPP/xamppfiles/htdocs/superCourse/Application/Home/Controller/IndexController.class.php 第 20 行.
NOTIC: [2] call_user_func_array() expects parameter 2 to be array, string given /Applications/XAMPP/xamppfiles/htdocs/superCourse/Application/Home/Controller/IndexController.class.php 第 20 行.
INFO: [ app_end ] --START--
INFO: Run Behavior\ShowPageTraceBehavior [ RunTime:0.000433s ]
INFO: [ app_end ] --END-- [ RunTime:0.000478s ]

[ 2016-01-26T15:21:24+08:00 ] ::1 /superCourse/index.php/Home/Index/index4ios/index.php?method=Search&param={%22Data%22:{%22searchinfo%22:%2213800001%22}}
INFO: [ app_init ] --START--
INFO: Run Behavior\BuildLiteBehavior [ RunTime:0.000016s ]
INFO: [ app_init ] --END-- [ RunTime:0.000349s ]
INFO: [ app_begin ] --START--
INFO: Run Behavior\ReadHtmlCacheBehavior [ RunTime:0.000436s ]
INFO: [ app_begin ] --END-- [ RunTime:0.000489s ]
NOTIC: [8] Undefined index: method /Applications/XAMPP/xamppfiles/htdocs/superCourse/Application/Home/Controller/IndexController.class.php 第 17 行.
NOTIC: [8] Undefined index: param /Applications/XAMPP/xamppfiles/htdocs/superCourse/Application/Home/Controller/IndexController.class.php 第 18 行.
NOTIC: [2048] call_user_func_array() expects parameter 1 to be a valid callback, non-static method Api::Search() should not be called statically /Applications/XAMPP/xamppfiles/htdocs/superCourse/Application/Home/Controller/IndexController.class.php 第 20 行.
NOTIC: [2] call_user_func_array() expects parameter 2 to be array, string given /Applications/XAMPP/xamppfiles/htdocs/superCourse/Application/Home/Controller/IndexController.class.php 第 20 行.
INFO: [ app_end ] --START--
INFO: Run Behavior\ShowPageTraceBehavior [ RunTime:0.000445s ]
INFO: [ app_end ] --END-- [ RunTime:0.000492s ]

[ 2016-01-26T15:22:20+08:00 ] ::1 /superCourse/index.php/Home/Index/index4ios/index.php?method=Search&param={%22Data%22:{%22searchinfo%22:%2213800001%22}}
INFO: [ app_init ] --START--
INFO: Run Behavior\BuildLiteBehavior [ RunTime:0.000017s ]
INFO: [ app_init ] --END-- [ RunTime:0.000521s ]
INFO: [ app_begin ] --START--
INFO: Run Behavior\ReadHtmlCacheBehavior [ RunTime:0.000732s ]
INFO: [ app_begin ] --END-- [ RunTime:0.000823s ]
NOTIC: [8] Undefined index: method /Applications/XAMPP/xamppfiles/htdocs/superCourse/Application/Home/Controller/IndexController.class.php 第 17 行.
NOTIC: [8] Undefined index: param /Applications/XAMPP/xamppfiles/htdocs/superCourse/Application/Home/Controller/IndexController.class.php 第 18 行.
NOTIC: [2048] call_user_func_array() expects parameter 1 to be a valid callback, non-static method Api::Search() should not be called statically /Applications/XAMPP/xamppfiles/htdocs/superCourse/Application/Home/Controller/IndexController.class.php 第 20 行.
NOTIC: [2] call_user_func_array() expects parameter 2 to be array, string given /Applications/XAMPP/xamppfiles/htdocs/superCourse/Application/Home/Controller/IndexController.class.php 第 20 行.
INFO: [ app_end ] --START--
INFO: Run Behavior\ShowPageTraceBehavior [ RunTime:0.000574s ]
INFO: [ app_end ] --END-- [ RunTime:0.000645s ]

[ 2016-01-26T15:22:36+08:00 ] ::1 /superCourse/index.php/Home/Index/index4ios/index.php?method=Search
INFO: [ app_init ] --START--
INFO: Run Behavior\BuildLiteBehavior [ RunTime:0.000014s ]
INFO: [ app_init ] --END-- [ RunTime:0.000339s ]
INFO: [ app_begin ] --START--
INFO: Run Behavior\ReadHtmlCacheBehavior [ RunTime:0.000425s ]
INFO: [ app_begin ] --END-- [ RunTime:0.000475s ]
NOTIC: [8] Undefined index: method /Applications/XAMPP/xamppfiles/htdocs/superCourse/Application/Home/Controller/IndexController.class.php 第 17 行.
NOTIC: [8] Undefined index: param /Applications/XAMPP/xamppfiles/htdocs/superCourse/Application/Home/Controller/IndexController.class.php 第 18 行.
NOTIC: [8] Undefined index: param /Applications/XAMPP/xamppfiles/htdocs/superCourse/Application/Home/Controller/IndexController.class.php 第 18 行.
NOTIC: [2048] call_user_func_array() expects parameter 1 to be a valid callback, non-static method Api::Search() should not be called statically /Applications/XAMPP/xamppfiles/htdocs/superCourse/Application/Home/Controller/IndexController.class.php 第 20 行.
NOTIC: [2] call_user_func_array() expects parameter 2 to be array, null given /Applications/XAMPP/xamppfiles/htdocs/superCourse/Application/Home/Controller/IndexController.class.php 第 20 行.
INFO: [ app_end ] --START--
INFO: Run Behavior\ShowPageTraceBehavior [ RunTime:0.000440s ]
INFO: [ app_end ] --END-- [ RunTime:0.000488s ]

[ 2016-01-26T15:22:54+08:00 ] ::1 /superCourse/index.php/Home/Index/index4ios?method=Search
INFO: [ app_init ] --START--
INFO: Run Behavior\BuildLiteBehavior [ RunTime:0.000018s ]
INFO: [ app_init ] --END-- [ RunTime:0.000426s ]
INFO: [ app_begin ] --START--
INFO: Run Behavior\ReadHtmlCacheBehavior [ RunTime:0.000448s ]
INFO: [ app_begin ] --END-- [ RunTime:0.000502s ]
NOTIC: [8] Undefined index: method /Applications/XAMPP/xamppfiles/htdocs/superCourse/Application/Home/Controller/IndexController.class.php 第 17 行.
NOTIC: [8] Undefined index: param /Applications/XAMPP/xamppfiles/htdocs/superCourse/Application/Home/Controller/IndexController.class.php 第 18 行.
NOTIC: [8] Undefined index: param /Applications/XAMPP/xamppfiles/htdocs/superCourse/Application/Home/Controller/IndexController.class.php 第 18 行.
NOTIC: [2048] call_user_func_array() expects parameter 1 to be a valid callback, non-static method Api::Search() should not be called statically /Applications/XAMPP/xamppfiles/htdocs/superCourse/Application/Home/Controller/IndexController.class.php 第 20 行.
NOTIC: [2] call_user_func_array() expects parameter 2 to be array, null given /Applications/XAMPP/xamppfiles/htdocs/superCourse/Application/Home/Controller/IndexController.class.php 第 20 行.
INFO: [ app_end ] --START--
INFO: Run Behavior\ShowPageTraceBehavior [ RunTime:0.000533s ]
INFO: [ app_end ] --END-- [ RunTime:0.000582s ]

[ 2016-01-26T15:23:24+08:00 ] ::1 /superCourse/index.php/Home/Index/index4ios?method=Search
INFO: [ app_init ] --START--
INFO: Run Behavior\BuildLiteBehavior [ RunTime:0.000018s ]
INFO: [ app_init ] --END-- [ RunTime:0.000480s ]
INFO: [ app_begin ] --START--
INFO: Run Behavior\ReadHtmlCacheBehavior [ RunTime:0.000453s ]
INFO: [ app_begin ] --END-- [ RunTime:0.000504s ]
NOTIC: [8] Undefined index: method /Applications/XAMPP/xamppfiles/htdocs/superCourse/Application/Home/Controller/IndexController.class.php 第 17 行.
NOTIC: [8] Undefined index: param /Applications/XAMPP/xamppfiles/htdocs/superCourse/Application/Home/Controller/IndexController.class.php 第 18 行.
NOTIC: [8] Undefined index: param /Applications/XAMPP/xamppfiles/htdocs/superCourse/Application/Home/Controller/IndexController.class.php 第 18 行.
NOTIC: [2048] call_user_func_array() expects parameter 1 to be a valid callback, non-static method Api::Search() should not be called statically /Applications/XAMPP/xamppfiles/htdocs/superCourse/Application/Home/Controller/IndexController.class.php 第 20 行.
NOTIC: [2] call_user_func_array() expects parameter 2 to be array, null given /Applications/XAMPP/xamppfiles/htdocs/superCourse/Application/Home/Controller/IndexController.class.php 第 20 行.
INFO: [ app_end ] --START--
INFO: Run Behavior\ShowPageTraceBehavior [ RunTime:0.000482s ]
INFO: [ app_end ] --END-- [ RunTime:0.000528s ]

[ 2016-01-26T15:23:49+08:00 ] ::1 /superCourse/index.php/Home/Index/index4ios?method=Search
INFO: [ app_init ] --START--
INFO: Run Behavior\BuildLiteBehavior [ RunTime:0.000016s ]
INFO: [ app_init ] --END-- [ RunTime:0.000365s ]
INFO: [ app_begin ] --START--
INFO: Run Behavior\ReadHtmlCacheBehavior [ RunTime:0.000444s ]
INFO: [ app_begin ] --END-- [ RunTime:0.000498s ]
NOTIC: [8] Undefined index: method /Applications/XAMPP/xamppfiles/htdocs/superCourse/Application/Home/Controller/IndexController.class.php 第 17 行.
NOTIC: [8] Undefined index: param /Applications/XAMPP/xamppfiles/htdocs/superCourse/Application/Home/Controller/IndexController.class.php 第 18 行.
NOTIC: [8] Undefined index: param /Applications/XAMPP/xamppfiles/htdocs/superCourse/Application/Home/Controller/IndexController.class.php 第 18 行.
NOTIC: [2048] call_user_func_array() expects parameter 1 to be a valid callback, non-static method Api::Search() should not be called statically /Applications/XAMPP/xamppfiles/htdocs/superCourse/Application/Home/Controller/IndexController.class.php 第 20 行.
NOTIC: [2] call_user_func_array() expects parameter 2 to be array, null given /Applications/XAMPP/xamppfiles/htdocs/superCourse/Application/Home/Controller/IndexController.class.php 第 20 行.
INFO: [ app_end ] --START--
INFO: Run Behavior\ShowPageTraceBehavior [ RunTime:0.000461s ]
INFO: [ app_end ] --END-- [ RunTime:0.000509s ]

[ 2016-01-26T15:25:01+08:00 ] 127.0.0.1 /superCourse/index.php/Home/Index/index4ios/
INFO: [ app_init ] --START--
INFO: Run Behavior\BuildLiteBehavior [ RunTime:0.000023s ]
INFO: [ app_init ] --END-- [ RunTime:0.000445s ]
INFO: [ app_begin ] --START--
INFO: Run Behavior\ReadHtmlCacheBehavior [ RunTime:0.000535s ]
INFO: [ app_begin ] --END-- [ RunTime:0.000613s ]
NOTIC: [2048] call_user_func_array() expects parameter 1 to be a valid callback, non-static method Api::Login() should not be called statically /Applications/XAMPP/xamppfiles/htdocs/superCourse/Application/Home/Controller/IndexController.class.php 第 20 行.
SQL: SHOW COLUMNS FROM `sc_stu_info` [ RunTime:0.0043s ]
SQL: SELECT * FROM `sc_stu_info` WHERE `phone` = '13800003' LIMIT 1   [ RunTime:0.0005s ]
INFO: [ app_end ] --START--
INFO: Run Behavior\ShowPageTraceBehavior [ RunTime:0.000569s ]
INFO: [ app_end ] --END-- [ RunTime:0.000613s ]

[ 2016-01-26T15:26:26+08:00 ] 127.0.0.1 /superCourse/index.php/Home/Index/index4ios/
INFO: [ app_init ] --START--
INFO: Run Behavior\BuildLiteBehavior [ RunTime:0.000014s ]
INFO: [ app_init ] --END-- [ RunTime:0.000424s ]
INFO: [ app_begin ] --START--
INFO: Run Behavior\ReadHtmlCacheBehavior [ RunTime:0.000392s ]
INFO: [ app_begin ] --END-- [ RunTime:0.000448s ]
NOTIC: [2048] call_user_func_array() expects parameter 1 to be a valid callback, non-static method Api::Login() should not be called statically /Applications/XAMPP/xamppfiles/htdocs/superCourse/Application/Home/Controller/IndexController.class.php 第 20 行.
SQL: SHOW COLUMNS FROM `sc_stu_info` [ RunTime:0.0037s ]
SQL: SELECT * FROM `sc_stu_info` WHERE `phone` = '13800003' LIMIT 1   [ RunTime:0.0004s ]
INFO: [ app_end ] --START--
INFO: Run Behavior\ShowPageTraceBehavior [ RunTime:0.000821s ]
INFO: [ app_end ] --END-- [ RunTime:0.000886s ]

[ 2016-01-26T15:28:38+08:00 ] 127.0.0.1 /superCourse/index.php/Home/Index/index4ios/
INFO: [ app_init ] --START--
INFO: Run Behavior\BuildLiteBehavior [ RunTime:0.000020s ]
INFO: [ app_init ] --END-- [ RunTime:0.000427s ]
INFO: [ app_begin ] --START--
INFO: Run Behavior\ReadHtmlCacheBehavior [ RunTime:0.000477s ]
INFO: [ app_begin ] --END-- [ RunTime:0.000533s ]
NOTIC: [2048] call_user_func_array() expects parameter 1 to be a valid callback, non-static method Api::Login() should not be called statically /Applications/XAMPP/xamppfiles/htdocs/superCourse/Application/Home/Controller/IndexController.class.php 第 20 行.
SQL: SHOW COLUMNS FROM `sc_stu_info` [ RunTime:0.0038s ]
SQL: SELECT * FROM `sc_stu_info` WHERE `phone` = '13800003' LIMIT 1   [ RunTime:0.0005s ]
INFO: [ app_end ] --START--
INFO: Run Behavior\ShowPageTraceBehavior [ RunTime:0.000701s ]
INFO: [ app_end ] --END-- [ RunTime:0.000818s ]

[ 2016-01-26T15:32:34+08:00 ] ::1 /superCourse/index.php/Home/Index/index4ios?method=Login&param%5BData%5D%5Bphone%5D=13800001111&param%5BData%5D%5Bpassword%5D=1111
INFO: [ app_init ] --START--
INFO: Run Behavior\BuildLiteBehavior [ RunTime:0.000017s ]
INFO: [ app_init ] --END-- [ RunTime:0.000363s ]
INFO: [ app_begin ] --START--
INFO: Run Behavior\ReadHtmlCacheBehavior [ RunTime:0.000476s ]
INFO: [ app_begin ] --END-- [ RunTime:0.000530s ]
NOTIC: [8] Undefined index: method /Applications/XAMPP/xamppfiles/htdocs/superCourse/Application/Home/Controller/IndexController.class.php 第 17 行.
NOTIC: [8] Undefined index: param /Applications/XAMPP/xamppfiles/htdocs/superCourse/Application/Home/Controller/IndexController.class.php 第 18 行.
NOTIC: [2048] call_user_func_array() expects parameter 1 to be a valid callback, non-static method Api::Login() should not be called statically /Applications/XAMPP/xamppfiles/htdocs/superCourse/Application/Home/Controller/IndexController.class.php 第 20 行.
SQL: SHOW COLUMNS FROM `sc_stu_info` [ RunTime:0.0024s ]
SQL: SELECT * FROM `sc_stu_info` WHERE `phone` = '13800001111' LIMIT 1   [ RunTime:0.0004s ]
INFO: [ app_end ] --START--
INFO: Run Behavior\ShowPageTraceBehavior [ RunTime:0.000472s ]
INFO: [ app_end ] --END-- [ RunTime:0.000519s ]

[ 2016-01-26T15:32:47+08:00 ] ::1 /superCourse/index.php/Home/Index/index4ios?method=Login&param%5BData%5D%5Bphone%5D=13800001111&param%5BData%5D%5Bpassword%5D=1111
INFO: [ app_init ] --START--
INFO: Run Behavior\BuildLiteBehavior [ RunTime:0.000017s ]
INFO: [ app_init ] --END-- [ RunTime:0.000377s ]
INFO: [ app_begin ] --START--
INFO: Run Behavior\ReadHtmlCacheBehavior [ RunTime:0.000460s ]
INFO: [ app_begin ] --END-- [ RunTime:0.000515s ]
NOTIC: [8] Undefined index: method /Applications/XAMPP/xamppfiles/htdocs/superCourse/Application/Home/Controller/IndexController.class.php 第 17 行.
NOTIC: [8] Undefined index: param /Applications/XAMPP/xamppfiles/htdocs/superCourse/Application/Home/Controller/IndexController.class.php 第 18 行.
NOTIC: [2048] call_user_func_array() expects parameter 1 to be a valid callback, non-static method Api::Login() should not be called statically /Applications/XAMPP/xamppfiles/htdocs/superCourse/Application/Home/Controller/IndexController.class.php 第 20 行.
SQL: SHOW COLUMNS FROM `sc_stu_info` [ RunTime:0.0030s ]
SQL: SELECT * FROM `sc_stu_info` WHERE `phone` = '13800001111' LIMIT 1   [ RunTime:0.0004s ]
INFO: [ app_end ] --START--
INFO: Run Behavior\ShowPageTraceBehavior [ RunTime:0.000568s ]
INFO: [ app_end ] --END-- [ RunTime:0.000687s ]

[ 2016-01-26T15:33:56+08:00 ] ::1 /superCourse/index.php/Home/Index/index4ios?method=Search&param%5BData%5D%5Bsearchinfo%5D=13800001
INFO: [ app_init ] --START--
INFO: Run Behavior\BuildLiteBehavior [ RunTime:0.000026s ]
INFO: [ app_init ] --END-- [ RunTime:0.000585s ]
INFO: [ app_begin ] --START--
INFO: Run Behavior\ReadHtmlCacheBehavior [ RunTime:0.000518s ]
INFO: [ app_begin ] --END-- [ RunTime:0.000581s ]
NOTIC: [8] Undefined index: method /Applications/XAMPP/xamppfiles/htdocs/superCourse/Application/Home/Controller/IndexController.class.php 第 17 行.
NOTIC: [8] Undefined index: param /Applications/XAMPP/xamppfiles/htdocs/superCourse/Application/Home/Controller/IndexController.class.php 第 18 行.
NOTIC: [2048] call_user_func_array() expects parameter 1 to be a valid callback, non-static method Api::Search() should not be called statically /Applications/XAMPP/xamppfiles/htdocs/superCourse/Application/Home/Controller/IndexController.class.php 第 20 行.
INFO: [ app_end ] --START--
INFO: Run Behavior\ShowPageTraceBehavior [ RunTime:0.000579s ]
INFO: [ app_end ] --END-- [ RunTime:0.000636s ]

[ 2016-01-26T15:34:24+08:00 ] ::1 /superCourse/index.php/Home/Index/index4ios?method=Search&param%5BData%5D%5Bsearchinfo%5D=13800001
INFO: [ app_init ] --START--
INFO: Run Behavior\BuildLiteBehavior [ RunTime:0.000015s ]
INFO: [ app_init ] --END-- [ RunTime:0.000344s ]
INFO: [ app_begin ] --START--
INFO: Run Behavior\ReadHtmlCacheBehavior [ RunTime:0.000532s ]
INFO: [ app_begin ] --END-- [ RunTime:0.000585s ]
NOTIC: [8] Undefined index: method /Applications/XAMPP/xamppfiles/htdocs/superCourse/Application/Home/Controller/IndexController.class.php 第 17 行.
NOTIC: [8] Undefined index: param /Applications/XAMPP/xamppfiles/htdocs/superCourse/Application/Home/Controller/IndexController.class.php 第 18 行.
NOTIC: [2048] call_user_func_array() expects parameter 1 to be a valid callback, non-static method Api::Search() should not be called statically /Applications/XAMPP/xamppfiles/htdocs/superCourse/Application/Home/Controller/IndexController.class.php 第 20 行.

[ 2016-01-26T15:37:07+08:00 ] ::1 /superCourse/index.php/Home/Index/index4ios?method=Search&param%5BData%5D%5Bsearchinfo%5D=13800001
INFO: [ app_init ] --START--
INFO: Run Behavior\BuildLiteBehavior [ RunTime:0.000016s ]
INFO: [ app_init ] --END-- [ RunTime:0.000389s ]
INFO: [ app_begin ] --START--
INFO: Run Behavior\ReadHtmlCacheBehavior [ RunTime:0.000515s ]
INFO: [ app_begin ] --END-- [ RunTime:0.000569s ]
NOTIC: [8] Undefined index: method /Applications/XAMPP/xamppfiles/htdocs/superCourse/Application/Home/Controller/IndexController.class.php 第 17 行.
NOTIC: [8] Undefined index: param /Applications/XAMPP/xamppfiles/htdocs/superCourse/Application/Home/Controller/IndexController.class.php 第 18 行.
NOTIC: [2048] call_user_func_array() expects parameter 1 to be a valid callback, non-static method Api::Search() should not be called statically /Applications/XAMPP/xamppfiles/htdocs/superCourse/Application/Home/Controller/IndexController.class.php 第 20 行.
SQL: SHOW COLUMNS FROM `sc_stu_info` [ RunTime:0.0037s ]
NOTIC: [8] Undefined variable: condition /Applications/XAMPP/xamppfiles/htdocs/superCourse/ThinkPHP/Library/SC/Search/Search.class.php 第 20 行.
SQL: SELECT * FROM `sc_stu_info` LIMIT 1   [ RunTime:0.0005s ]

[ 2016-01-26T15:37:47+08:00 ] ::1 /superCourse/index.php/Home/Index/index4ios?method=Search&param%5BData%5D%5Bsearchinfo%5D=13800001
INFO: [ app_init ] --START--
INFO: Run Behavior\BuildLiteBehavior [ RunTime:0.000016s ]
INFO: [ app_init ] --END-- [ RunTime:0.000355s ]
INFO: [ app_begin ] --START--
INFO: Run Behavior\ReadHtmlCacheBehavior [ RunTime:0.000435s ]
INFO: [ app_begin ] --END-- [ RunTime:0.000487s ]
NOTIC: [8] Undefined index: method /Applications/XAMPP/xamppfiles/htdocs/superCourse/Application/Home/Controller/IndexController.class.php 第 17 行.
NOTIC: [8] Undefined index: param /Applications/XAMPP/xamppfiles/htdocs/superCourse/Application/Home/Controller/IndexController.class.php 第 18 行.
NOTIC: [2048] call_user_func_array() expects parameter 1 to be a valid callback, non-static method Api::Search() should not be called statically /Applications/XAMPP/xamppfiles/htdocs/superCourse/Application/Home/Controller/IndexController.class.php 第 20 行.
SQL: SHOW COLUMNS FROM `sc_stu_info` [ RunTime:0.0028s ]
NOTIC: [8] Undefined variable: condition /Applications/XAMPP/xamppfiles/htdocs/superCourse/ThinkPHP/Library/SC/Search/Search.class.php 第 20 行.
SQL: SELECT * FROM `sc_stu_info` LIMIT 1   [ RunTime:0.0004s ]

[ 2016-01-26T15:37:49+08:00 ] ::1 /superCourse/index.php/Home/Index/index4ios?method=Search&param%5BData%5D%5Bsearchinfo%5D=13800001
INFO: [ app_init ] --START--
INFO: Run Behavior\BuildLiteBehavior [ RunTime:0.000016s ]
INFO: [ app_init ] --END-- [ RunTime:0.000462s ]
INFO: [ app_begin ] --START--
INFO: Run Behavior\ReadHtmlCacheBehavior [ RunTime:0.000446s ]
INFO: [ app_begin ] --END-- [ RunTime:0.000499s ]
NOTIC: [8] Undefined index: method /Applications/XAMPP/xamppfiles/htdocs/superCourse/Application/Home/Controller/IndexController.class.php 第 17 行.
NOTIC: [8] Undefined index: param /Applications/XAMPP/xamppfiles/htdocs/superCourse/Application/Home/Controller/IndexController.class.php 第 18 行.
NOTIC: [2048] call_user_func_array() expects parameter 1 to be a valid callback, non-static method Api::Search() should not be called statically /Applications/XAMPP/xamppfiles/htdocs/superCourse/Application/Home/Controller/IndexController.class.php 第 20 行.
SQL: SHOW COLUMNS FROM `sc_stu_info` [ RunTime:0.0029s ]
NOTIC: [8] Undefined variable: condition /Applications/XAMPP/xamppfiles/htdocs/superCourse/ThinkPHP/Library/SC/Search/Search.class.php 第 20 行.
SQL: SELECT * FROM `sc_stu_info` LIMIT 1   [ RunTime:0.0003s ]

[ 2016-01-26T15:37:59+08:00 ] ::1 /superCourse/index.php/Home/Index/index4ios?method=Login&param%5BData%5D%5Bphone%5D=13800001111&param%5BData%5D%5Bpassword%5D=1111
INFO: [ app_init ] --START--
INFO: Run Behavior\BuildLiteBehavior [ RunTime:0.000015s ]
INFO: [ app_init ] --END-- [ RunTime:0.000354s ]
INFO: [ app_begin ] --START--
INFO: Run Behavior\ReadHtmlCacheBehavior [ RunTime:0.000438s ]
INFO: [ app_begin ] --END-- [ RunTime:0.000492s ]
NOTIC: [8] Undefined index: method /Applications/XAMPP/xamppfiles/htdocs/superCourse/Application/Home/Controller/IndexController.class.php 第 17 行.
NOTIC: [8] Undefined index: param /Applications/XAMPP/xamppfiles/htdocs/superCourse/Application/Home/Controller/IndexController.class.php 第 18 行.
NOTIC: [2048] call_user_func_array() expects parameter 1 to be a valid callback, non-static method Api::Login() should not be called statically /Applications/XAMPP/xamppfiles/htdocs/superCourse/Application/Home/Controller/IndexController.class.php 第 20 行.
SQL: SHOW COLUMNS FROM `sc_stu_info` [ RunTime:0.0035s ]
SQL: SELECT * FROM `sc_stu_info` WHERE `phone` = '13800001111' LIMIT 1   [ RunTime:0.0004s ]
INFO: [ app_end ] --START--
INFO: Run Behavior\ShowPageTraceBehavior [ RunTime:0.000643s ]
INFO: [ app_end ] --END-- [ RunTime:0.000701s ]

[ 2016-01-26T15:39:11+08:00 ] 127.0.0.1 /superCourse/index.php/Home/Index/index4ios/
INFO: [ app_init ] --START--
INFO: Run Behavior\BuildLiteBehavior [ RunTime:0.000013s ]
INFO: [ app_init ] --END-- [ RunTime:0.000627s ]
INFO: [ app_begin ] --START--
INFO: Run Behavior\ReadHtmlCacheBehavior [ RunTime:0.000330s ]
INFO: [ app_begin ] --END-- [ RunTime:0.000371s ]
NOTIC: [2048] call_user_func_array() expects parameter 1 to be a valid callback, non-static method Api::Login() should not be called statically /Applications/XAMPP/xamppfiles/htdocs/superCourse/Application/Home/Controller/IndexController.class.php 第 20 行.
SQL: SHOW COLUMNS FROM `sc_stu_info` [ RunTime:0.0023s ]
SQL: SELECT * FROM `sc_stu_info` WHERE `phone` = '13800003' LIMIT 1   [ RunTime:0.0003s ]
INFO: [ app_end ] --START--
INFO: Run Behavior\ShowPageTraceBehavior [ RunTime:0.000555s ]
INFO: [ app_end ] --END-- [ RunTime:0.000612s ]

