[ 2016-02-04T09:34:27+08:00 ] 127.0.0.1 /SuperCourseServer/index.php/Home/Index/index4ios/
INFO: [ app_init ] --START--
INFO: Run Behavior\BuildLiteBehavior [ RunTime:0.000008s ]
INFO: [ app_init ] --END-- [ RunTime:0.000182s ]
INFO: [ app_begin ] --START--
INFO: Run Behavior\ReadHtmlCacheBehavior [ RunTime:0.000244s ]
INFO: [ app_begin ] --END-- [ RunTime:0.000276s ]
NOTIC: [2048] call_user_func_array() expects parameter 1 to be a valid callback, non-static method Api::VideoList() should not be called statically /Applications/XAMPP/xamppfiles/htdocs/SuperCourseServer/Application/Home/Controller/IndexController.class.php 第 20 行.
SQL: SHOW COLUMNS FROM `sc_les_grouping` [ RunTime:0.0011s ]
SQL: SHOW COLUMNS FROM `sc_les_sections` [ RunTime:0.0006s ]
SQL: SHOW COLUMNS FROM `sc_les_baseinfo` [ RunTime:0.0007s ]
SQL: SELECT * FROM `sc_les_grouping`  [ RunTime:0.0002s ]
NOTIC: [8] Undefined variable: datagrouping /Applications/XAMPP/xamppfiles/htdocs/SuperCourseServer/ThinkPHP/Library/SC/VideoList/VideoList.class.php 第 66 行.
SQL: SELECT * FROM `sc_les_sections` WHERE `lesgrouping_id` = '0000'  [ RunTime:0.0002s ]
SQL: SELECT * FROM `sc_les_baseinfo` WHERE `lessections_id` = '0000'  [ RunTime:0.0002s ]
SQL: SELECT * FROM `sc_les_baseinfo` WHERE `lessections_id` = '0001'  [ RunTime:0.0001s ]
SQL: SELECT * FROM `sc_les_sections` WHERE `lesgrouping_id` = '0001'  [ RunTime:0.0001s ]
SQL: SELECT * FROM `sc_les_baseinfo` WHERE `lessections_id` = '0003'  [ RunTime:0.0001s ]
INFO: [ app_end ] --START--
INFO: Run Behavior\ShowPageTraceBehavior [ RunTime:0.000271s ]
INFO: [ app_end ] --END-- [ RunTime:0.000295s ]

[ 2016-02-04T09:34:28+08:00 ] 127.0.0.1 /SuperCourseServer/index.php/Home/Index/index4ios/
INFO: [ app_init ] --START--
INFO: Run Behavior\BuildLiteBehavior [ RunTime:0.000008s ]
INFO: [ app_init ] --END-- [ RunTime:0.000172s ]
INFO: [ app_begin ] --START--
INFO: Run Behavior\ReadHtmlCacheBehavior [ RunTime:0.000207s ]
INFO: [ app_begin ] --END-- [ RunTime:0.000234s ]
NOTIC: [2048] call_user_func_array() expects parameter 1 to be a valid callback, non-static method Api::LoadVideoInfo() should not be called statically /Applications/XAMPP/xamppfiles/htdocs/SuperCourseServer/Application/Home/Controller/IndexController.class.php 第 20 行.
SQL: SHOW COLUMNS FROM `sc_les_baseinfo` [ RunTime:0.0028s ]
SQL: SELECT * FROM `sc_les_baseinfo` WHERE `les_id` = '0001'  [ RunTime:0.0002s ]
SQL: SHOW COLUMNS FROM `sc_les_hotpoint` [ RunTime:0.0008s ]
NOTIC: [8] Use of undefined constant les_id - assumed 'les_id' /Applications/XAMPP/xamppfiles/htdocs/SuperCourseServer/ThinkPHP/Library/SC/VideoInfo/LoadVideoInfo.class.php 第 29 行.
SQL: SELECT * FROM `sc_les_hotpoint` WHERE `les_id` = '0001'  [ RunTime:0.0003s ]
SQL: SHOW COLUMNS FROM `sc_les_subtitle` [ RunTime:0.0007s ]
NOTIC: [8] Use of undefined constant les_id - assumed 'les_id' /Applications/XAMPP/xamppfiles/htdocs/SuperCourseServer/ThinkPHP/Library/SC/VideoInfo/LoadVideoInfo.class.php 第 34 行.
SQL: SELECT * FROM `sc_les_subtitle` WHERE `les_id` = '0001'  [ RunTime:0.0002s ]
INFO: [ app_end ] --START--
INFO: Run Behavior\ShowPageTraceBehavior [ RunTime:0.000377s ]
INFO: [ app_end ] --END-- [ RunTime:0.000430s ]

[ 2016-02-04T09:34:39+08:00 ] 127.0.0.1 /SuperCourseServer/index.php/Home/Index/index4ios/
INFO: [ app_init ] --START--
INFO: Run Behavior\BuildLiteBehavior [ RunTime:0.000011s ]
INFO: [ app_init ] --END-- [ RunTime:0.000212s ]
INFO: [ app_begin ] --START--
INFO: Run Behavior\ReadHtmlCacheBehavior [ RunTime:0.000219s ]
INFO: [ app_begin ] --END-- [ RunTime:0.000244s ]
NOTIC: [2048] call_user_func_array() expects parameter 1 to be a valid callback, non-static method Api::AddStudentStopTime() should not be called statically /Applications/XAMPP/xamppfiles/htdocs/SuperCourseServer/Application/Home/Controller/IndexController.class.php 第 20 行.
SQL: SHOW COLUMNS FROM `sc_stu_lesrecord` [ RunTime:0.0026s ]
SQL: SELECT MAX(num) AS tp_max FROM `sc_stu_lesrecord` WHERE `stu_id` = 'UnLoginUserSession' AND `les_id` = '0001' LIMIT 1   [ RunTime:0.0003s ]
SQL: INSERT INTO `sc_stu_lesrecord` (`stu_id`,`les_id`,`oversty_time`,`num`) VALUES ('UnLoginUserSession','0001','10.35213','57') [ RunTime:0.0003s ]
INFO: [ app_end ] --START--
INFO: Run Behavior\ShowPageTraceBehavior [ RunTime:0.000286s ]
INFO: [ app_end ] --END-- [ RunTime:0.000314s ]

[ 2016-02-04T09:34:55+08:00 ] 127.0.0.1 /SuperCourseServer/index.php/Home/Index/index4ios/
INFO: [ app_init ] --START--
INFO: Run Behavior\BuildLiteBehavior [ RunTime:0.000008s ]
INFO: [ app_init ] --END-- [ RunTime:0.000185s ]
INFO: [ app_begin ] --START--
INFO: Run Behavior\ReadHtmlCacheBehavior [ RunTime:0.000324s ]
INFO: [ app_begin ] --END-- [ RunTime:0.000373s ]
NOTIC: [2048] call_user_func_array() expects parameter 1 to be a valid callback, non-static method Api::AddStudentSubtitle() should not be called statically /Applications/XAMPP/xamppfiles/htdocs/SuperCourseServer/Application/Home/Controller/IndexController.class.php 第 20 行.
SQL: SHOW COLUMNS FROM `sc_stu_lessubtitle` [ RunTime:0.0030s ]
SQL: SELECT MAX(num) AS tp_max FROM `sc_stu_lessubtitle` WHERE `stu_id` = 'UnLoginUserSession' AND `les_id` = '0001' LIMIT 1   [ RunTime:0.0002s ]
SQL: INSERT INTO `sc_stu_lessubtitle` (`stu_id`,`les_id`,`subtitle`,`bg_time`,`num`) VALUES ('UnLoginUserSession','0001','Asdfadf','10.46362','1') [ RunTime:0.0004s ]
INFO: [ app_end ] --START--
INFO: Run Behavior\ShowPageTraceBehavior [ RunTime:0.000565s ]
INFO: [ app_end ] --END-- [ RunTime:0.000615s ]

[ 2016-02-04T09:35:21+08:00 ] 127.0.0.1 /SuperCourseServer/index.php/Home/Index/index4ios/
INFO: [ app_init ] --START--
INFO: Run Behavior\BuildLiteBehavior [ RunTime:0.000009s ]
INFO: [ app_init ] --END-- [ RunTime:0.000224s ]
INFO: [ app_begin ] --START--
INFO: Run Behavior\ReadHtmlCacheBehavior [ RunTime:0.000292s ]
INFO: [ app_begin ] --END-- [ RunTime:0.000326s ]
NOTIC: [2048] call_user_func_array() expects parameter 1 to be a valid callback, non-static method Api::AddStudentStopTime() should not be called statically /Applications/XAMPP/xamppfiles/htdocs/SuperCourseServer/Application/Home/Controller/IndexController.class.php 第 20 行.
SQL: SHOW COLUMNS FROM `sc_stu_lesrecord` [ RunTime:0.0025s ]
SQL: SELECT MAX(num) AS tp_max FROM `sc_stu_lesrecord` WHERE `stu_id` = 'UnLoginUserSession' AND `les_id` = '0001' LIMIT 1   [ RunTime:0.0002s ]
SQL: INSERT INTO `sc_stu_lesrecord` (`stu_id`,`les_id`,`oversty_time`,`num`) VALUES ('UnLoginUserSession','0001','16.99102','58') [ RunTime:0.0002s ]
INFO: [ app_end ] --START--
INFO: Run Behavior\ShowPageTraceBehavior [ RunTime:0.000261s ]
INFO: [ app_end ] --END-- [ RunTime:0.000285s ]

[ 2016-02-04T09:35:53+08:00 ] 127.0.0.1 /SuperCourseServer/index.php/Home/Index/index4ios/
INFO: [ app_init ] --START--
INFO: Run Behavior\BuildLiteBehavior [ RunTime:0.000008s ]
INFO: [ app_init ] --END-- [ RunTime:0.000183s ]
INFO: [ app_begin ] --START--
INFO: Run Behavior\ReadHtmlCacheBehavior [ RunTime:0.000225s ]
INFO: [ app_begin ] --END-- [ RunTime:0.000251s ]
NOTIC: [2048] call_user_func_array() expects parameter 1 to be a valid callback, non-static method Api::AddStudentStopTime() should not be called statically /Applications/XAMPP/xamppfiles/htdocs/SuperCourseServer/Application/Home/Controller/IndexController.class.php 第 20 行.
SQL: SHOW COLUMNS FROM `sc_stu_lesrecord` [ RunTime:0.0025s ]
SQL: SELECT MAX(num) AS tp_max FROM `sc_stu_lesrecord` WHERE `stu_id` = 'UnLoginUserSession' AND `les_id` = '0001' LIMIT 1   [ RunTime:0.0002s ]
SQL: INSERT INTO `sc_stu_lesrecord` (`stu_id`,`les_id`,`oversty_time`,`num`) VALUES ('UnLoginUserSession','0001','13.11995','59') [ RunTime:0.0002s ]
INFO: [ app_end ] --START--
INFO: Run Behavior\ShowPageTraceBehavior [ RunTime:0.000248s ]
INFO: [ app_end ] --END-- [ RunTime:0.000272s ]

[ 2016-02-04T09:40:51+08:00 ] 127.0.0.1 /SuperCourseServer/index.php/Home/Index/index4ios/
INFO: [ app_init ] --START--
INFO: Run Behavior\BuildLiteBehavior [ RunTime:0.000012s ]
INFO: [ app_init ] --END-- [ RunTime:0.000229s ]
INFO: [ app_begin ] --START--
INFO: Run Behavior\ReadHtmlCacheBehavior [ RunTime:0.000264s ]
INFO: [ app_begin ] --END-- [ RunTime:0.000290s ]
NOTIC: [2048] call_user_func_array() expects parameter 1 to be a valid callback, non-static method Api::AddStudentStopTime() should not be called statically /Applications/XAMPP/xamppfiles/htdocs/SuperCourseServer/Application/Home/Controller/IndexController.class.php 第 20 行.
SQL: SHOW COLUMNS FROM `sc_stu_lesrecord` [ RunTime:0.0010s ]
SQL: SELECT MAX(num) AS tp_max FROM `sc_stu_lesrecord` WHERE `stu_id` = 'UnLoginUserSession' AND `les_id` = '0001' LIMIT 1   [ RunTime:0.0002s ]
SQL: INSERT INTO `sc_stu_lesrecord` (`stu_id`,`les_id`,`oversty_time`,`num`) VALUES ('UnLoginUserSession','0001','13.75172','60') [ RunTime:0.0002s ]
INFO: [ app_end ] --START--
INFO: Run Behavior\ShowPageTraceBehavior [ RunTime:0.000271s ]
INFO: [ app_end ] --END-- [ RunTime:0.000295s ]

[ 2016-02-04T09:47:40+08:00 ] 127.0.0.1 /SuperCourseServer/index.php/Home/Index/index4ios/
INFO: [ app_init ] --START--
INFO: Run Behavior\BuildLiteBehavior [ RunTime:0.000009s ]
INFO: [ app_init ] --END-- [ RunTime:0.000223s ]
INFO: [ app_begin ] --START--
INFO: Run Behavior\ReadHtmlCacheBehavior [ RunTime:0.000263s ]
INFO: [ app_begin ] --END-- [ RunTime:0.000324s ]
NOTIC: [2048] call_user_func_array() expects parameter 1 to be a valid callback, non-static method Api::AddStudentStopTime() should not be called statically /Applications/XAMPP/xamppfiles/htdocs/SuperCourseServer/Application/Home/Controller/IndexController.class.php 第 20 行.
SQL: SHOW COLUMNS FROM `sc_stu_lesrecord` [ RunTime:0.0011s ]
SQL: SELECT MAX(num) AS tp_max FROM `sc_stu_lesrecord` WHERE `stu_id` = 'UnLoginUserSession' AND `les_id` = '0001' LIMIT 1   [ RunTime:0.0002s ]
SQL: INSERT INTO `sc_stu_lesrecord` (`stu_id`,`les_id`,`oversty_time`,`num`) VALUES ('UnLoginUserSession','0001','14.91106','61') [ RunTime:0.0003s ]
INFO: [ app_end ] --START--
INFO: Run Behavior\ShowPageTraceBehavior [ RunTime:0.000271s ]
INFO: [ app_end ] --END-- [ RunTime:0.000296s ]

[ 2016-02-04T09:50:39+08:00 ] 127.0.0.1 /SuperCourseServer/index.php/Home/Index/index4ios/
INFO: [ app_init ] --START--
INFO: Run Behavior\BuildLiteBehavior [ RunTime:0.000008s ]
INFO: [ app_init ] --END-- [ RunTime:0.000184s ]
INFO: [ app_begin ] --START--
INFO: Run Behavior\ReadHtmlCacheBehavior [ RunTime:0.000245s ]
INFO: [ app_begin ] --END-- [ RunTime:0.000277s ]
NOTIC: [2048] call_user_func_array() expects parameter 1 to be a valid callback, non-static method Api::AddStudentStopTime() should not be called statically /Applications/XAMPP/xamppfiles/htdocs/SuperCourseServer/Application/Home/Controller/IndexController.class.php 第 20 行.
SQL: SHOW COLUMNS FROM `sc_stu_lesrecord` [ RunTime:0.0026s ]
SQL: SELECT MAX(num) AS tp_max FROM `sc_stu_lesrecord` WHERE `stu_id` = 'UnLoginUserSession' AND `les_id` = '0001' LIMIT 1   [ RunTime:0.0002s ]
SQL: INSERT INTO `sc_stu_lesrecord` (`stu_id`,`les_id`,`oversty_time`,`num`) VALUES ('UnLoginUserSession','0001','12.34893','62') [ RunTime:0.0003s ]
INFO: [ app_end ] --START--
INFO: Run Behavior\ShowPageTraceBehavior [ RunTime:0.000271s ]
INFO: [ app_end ] --END-- [ RunTime:0.000295s ]

[ 2016-02-04T09:57:42+08:00 ] 127.0.0.1 /SuperCourseServer/index.php/Home/Index/index4ios/
INFO: [ app_init ] --START--
INFO: Run Behavior\BuildLiteBehavior [ RunTime:0.000014s ]
INFO: [ app_init ] --END-- [ RunTime:0.000200s ]
INFO: [ app_begin ] --START--
INFO: Run Behavior\ReadHtmlCacheBehavior [ RunTime:0.000223s ]
INFO: [ app_begin ] --END-- [ RunTime:0.000249s ]
NOTIC: [2048] call_user_func_array() expects parameter 1 to be a valid callback, non-static method Api::AddStudentStopTime() should not be called statically /Applications/XAMPP/xamppfiles/htdocs/SuperCourseServer/Application/Home/Controller/IndexController.class.php 第 20 行.
SQL: SHOW COLUMNS FROM `sc_stu_lesrecord` [ RunTime:0.0030s ]
SQL: SELECT MAX(num) AS tp_max FROM `sc_stu_lesrecord` WHERE `stu_id` = 'UnLoginUserSession' AND `les_id` = '0001' LIMIT 1   [ RunTime:0.0002s ]
SQL: INSERT INTO `sc_stu_lesrecord` (`stu_id`,`les_id`,`oversty_time`,`num`) VALUES ('UnLoginUserSession','0001','11.44919','63') [ RunTime:0.0003s ]
INFO: [ app_end ] --START--
INFO: Run Behavior\ShowPageTraceBehavior [ RunTime:0.000254s ]
INFO: [ app_end ] --END-- [ RunTime:0.000277s ]

[ 2016-02-04T09:59:20+08:00 ] 127.0.0.1 /SuperCourseServer/index.php/Home/Index/index4ios/
INFO: [ app_init ] --START--
INFO: Run Behavior\BuildLiteBehavior [ RunTime:0.000008s ]
INFO: [ app_init ] --END-- [ RunTime:0.000192s ]
INFO: [ app_begin ] --START--
INFO: Run Behavior\ReadHtmlCacheBehavior [ RunTime:0.000237s ]
INFO: [ app_begin ] --END-- [ RunTime:0.000265s ]
NOTIC: [2048] call_user_func_array() expects parameter 1 to be a valid callback, non-static method Api::AddStudentStopTime() should not be called statically /Applications/XAMPP/xamppfiles/htdocs/SuperCourseServer/Application/Home/Controller/IndexController.class.php 第 20 行.
SQL: SHOW COLUMNS FROM `sc_stu_lesrecord` [ RunTime:0.0011s ]
SQL: SELECT MAX(num) AS tp_max FROM `sc_stu_lesrecord` WHERE `stu_id` = 'UnLoginUserSession' AND `les_id` = '0001' LIMIT 1   [ RunTime:0.0003s ]
SQL: INSERT INTO `sc_stu_lesrecord` (`stu_id`,`les_id`,`oversty_time`,`num`) VALUES ('UnLoginUserSession','0001','13.20766','64') [ RunTime:0.0003s ]
INFO: [ app_end ] --START--
INFO: Run Behavior\ShowPageTraceBehavior [ RunTime:0.000315s ]
INFO: [ app_end ] --END-- [ RunTime:0.000373s ]

[ 2016-02-04T09:59:32+08:00 ] 127.0.0.1 /SuperCourseServer/index.php/Home/Index/index4ios/
INFO: [ app_init ] --START--
INFO: Run Behavior\BuildLiteBehavior [ RunTime:0.000007s ]
INFO: [ app_init ] --END-- [ RunTime:0.000214s ]
INFO: [ app_begin ] --START--
INFO: Run Behavior\ReadHtmlCacheBehavior [ RunTime:0.000222s ]
INFO: [ app_begin ] --END-- [ RunTime:0.000248s ]
NOTIC: [2048] call_user_func_array() expects parameter 1 to be a valid callback, non-static method Api::AddStudentSubtitle() should not be called statically /Applications/XAMPP/xamppfiles/htdocs/SuperCourseServer/Application/Home/Controller/IndexController.class.php 第 20 行.
SQL: SHOW COLUMNS FROM `sc_stu_lessubtitle` [ RunTime:0.0025s ]
SQL: SELECT MAX(num) AS tp_max FROM `sc_stu_lessubtitle` WHERE `stu_id` = 'UnLoginUserSession' AND `les_id` = '0001' LIMIT 1   [ RunTime:0.0002s ]
SQL: INSERT INTO `sc_stu_lessubtitle` (`stu_id`,`les_id`,`subtitle`,`bg_time`,`num`) VALUES ('UnLoginUserSession','0001','Asdfasdfasdfadfa','13.23672','2') [ RunTime:0.0003s ]
INFO: [ app_end ] --START--
INFO: Run Behavior\ShowPageTraceBehavior [ RunTime:0.000279s ]
INFO: [ app_end ] --END-- [ RunTime:0.000306s ]

[ 2016-02-04T10:42:19+08:00 ] 127.0.0.1 /SuperCourseServer/index.php/Home/Index/index4ios/
INFO: [ app_init ] --START--
INFO: Run Behavior\BuildLiteBehavior [ RunTime:0.000007s ]
INFO: [ app_init ] --END-- [ RunTime:0.000174s ]
INFO: [ app_begin ] --START--
INFO: Run Behavior\ReadHtmlCacheBehavior [ RunTime:0.000223s ]
INFO: [ app_begin ] --END-- [ RunTime:0.000259s ]
NOTIC: [2048] call_user_func_array() expects parameter 1 to be a valid callback, non-static method Api::VideoList() should not be called statically /Applications/XAMPP/xamppfiles/htdocs/SuperCourseServer/Application/Home/Controller/IndexController.class.php 第 20 行.
SQL: SHOW COLUMNS FROM `sc_les_grouping` [ RunTime:0.0010s ]
SQL: SHOW COLUMNS FROM `sc_les_sections` [ RunTime:0.0006s ]
SQL: SHOW COLUMNS FROM `sc_les_baseinfo` [ RunTime:0.0007s ]
SQL: SELECT * FROM `sc_les_grouping`  [ RunTime:0.0002s ]
NOTIC: [8] Undefined variable: datagrouping /Applications/XAMPP/xamppfiles/htdocs/SuperCourseServer/ThinkPHP/Library/SC/VideoList/VideoList.class.php 第 66 行.
SQL: SELECT * FROM `sc_les_sections` WHERE `lesgrouping_id` = '0000'  [ RunTime:0.0001s ]
SQL: SELECT * FROM `sc_les_baseinfo` WHERE `lessections_id` = '0000'  [ RunTime:0.0001s ]
SQL: SELECT * FROM `sc_les_baseinfo` WHERE `lessections_id` = '0001'  [ RunTime:0.0001s ]
SQL: SELECT * FROM `sc_les_sections` WHERE `lesgrouping_id` = '0001'  [ RunTime:0.0001s ]
SQL: SELECT * FROM `sc_les_baseinfo` WHERE `lessections_id` = '0003'  [ RunTime:0.0001s ]
INFO: [ app_end ] --START--
INFO: Run Behavior\ShowPageTraceBehavior [ RunTime:0.000260s ]
INFO: [ app_end ] --END-- [ RunTime:0.000283s ]

[ 2016-02-04T10:44:40+08:00 ] 127.0.0.1 /SuperCourseServer/index.php/Home/Index/index4ios/
INFO: [ app_init ] --START--
INFO: Run Behavior\BuildLiteBehavior [ RunTime:0.000009s ]
INFO: [ app_init ] --END-- [ RunTime:0.000190s ]
INFO: [ app_begin ] --START--
INFO: Run Behavior\ReadHtmlCacheBehavior [ RunTime:0.000319s ]
INFO: [ app_begin ] --END-- [ RunTime:0.000347s ]
NOTIC: [2048] call_user_func_array() expects parameter 1 to be a valid callback, non-static method Api::VideoList() should not be called statically /Applications/XAMPP/xamppfiles/htdocs/SuperCourseServer/Application/Home/Controller/IndexController.class.php 第 20 行.
SQL: SHOW COLUMNS FROM `sc_les_grouping` [ RunTime:0.0011s ]
SQL: SHOW COLUMNS FROM `sc_les_sections` [ RunTime:0.0008s ]
SQL: SHOW COLUMNS FROM `sc_les_baseinfo` [ RunTime:0.0017s ]
SQL: SELECT * FROM `sc_les_grouping`  [ RunTime:0.0001s ]
NOTIC: [8] Undefined variable: datagrouping /Applications/XAMPP/xamppfiles/htdocs/SuperCourseServer/ThinkPHP/Library/SC/VideoList/VideoList.class.php 第 66 行.
SQL: SELECT * FROM `sc_les_sections` WHERE `lesgrouping_id` = '0000'  [ RunTime:0.0001s ]
SQL: SELECT * FROM `sc_les_baseinfo` WHERE `lessections_id` = '0000'  [ RunTime:0.0001s ]
SQL: SELECT * FROM `sc_les_baseinfo` WHERE `lessections_id` = '0001'  [ RunTime:0.0001s ]
SQL: SELECT * FROM `sc_les_sections` WHERE `lesgrouping_id` = '0001'  [ RunTime:0.0001s ]
SQL: SELECT * FROM `sc_les_baseinfo` WHERE `lessections_id` = '0003'  [ RunTime:0.0001s ]
INFO: [ app_end ] --START--
INFO: Run Behavior\ShowPageTraceBehavior [ RunTime:0.000269s ]
INFO: [ app_end ] --END-- [ RunTime:0.000295s ]

[ 2016-02-04T10:44:41+08:00 ] 127.0.0.1 /SuperCourseServer/index.php/Home/Index/index4ios/
INFO: [ app_init ] --START--
INFO: Run Behavior\BuildLiteBehavior [ RunTime:0.000007s ]
INFO: [ app_init ] --END-- [ RunTime:0.000168s ]
INFO: [ app_begin ] --START--
INFO: Run Behavior\ReadHtmlCacheBehavior [ RunTime:0.000207s ]
INFO: [ app_begin ] --END-- [ RunTime:0.000232s ]
NOTIC: [2048] call_user_func_array() expects parameter 1 to be a valid callback, non-static method Api::LoadVideoInfo() should not be called statically /Applications/XAMPP/xamppfiles/htdocs/SuperCourseServer/Application/Home/Controller/IndexController.class.php 第 20 行.
SQL: SHOW COLUMNS FROM `sc_les_baseinfo` [ RunTime:0.0026s ]
SQL: SELECT * FROM `sc_les_baseinfo` WHERE `les_id` = '0001'  [ RunTime:0.0002s ]
SQL: SHOW COLUMNS FROM `sc_les_hotpoint` [ RunTime:0.0006s ]
NOTIC: [8] Use of undefined constant les_id - assumed 'les_id' /Applications/XAMPP/xamppfiles/htdocs/SuperCourseServer/ThinkPHP/Library/SC/VideoInfo/LoadVideoInfo.class.php 第 29 行.
SQL: SELECT * FROM `sc_les_hotpoint` WHERE `les_id` = '0001'  [ RunTime:0.0001s ]
SQL: SHOW COLUMNS FROM `sc_les_subtitle` [ RunTime:0.0006s ]
NOTIC: [8] Use of undefined constant les_id - assumed 'les_id' /Applications/XAMPP/xamppfiles/htdocs/SuperCourseServer/ThinkPHP/Library/SC/VideoInfo/LoadVideoInfo.class.php 第 34 行.
SQL: SELECT * FROM `sc_les_subtitle` WHERE `les_id` = '0001'  [ RunTime:0.0002s ]
INFO: [ app_end ] --START--
INFO: Run Behavior\ShowPageTraceBehavior [ RunTime:0.000276s ]
INFO: [ app_end ] --END-- [ RunTime:0.000303s ]

[ 2016-02-04T10:46:00+08:00 ] 127.0.0.1 /SuperCourseServer/index.php/Home/Index/index4ios/
INFO: [ app_init ] --START--
INFO: Run Behavior\BuildLiteBehavior [ RunTime:0.000007s ]
INFO: [ app_init ] --END-- [ RunTime:0.000174s ]
INFO: [ app_begin ] --START--
INFO: Run Behavior\ReadHtmlCacheBehavior [ RunTime:0.000212s ]
INFO: [ app_begin ] --END-- [ RunTime:0.000237s ]
NOTIC: [2048] call_user_func_array() expects parameter 1 to be a valid callback, non-static method Api::VideoList() should not be called statically /Applications/XAMPP/xamppfiles/htdocs/SuperCourseServer/Application/Home/Controller/IndexController.class.php 第 20 行.
SQL: SHOW COLUMNS FROM `sc_les_grouping` [ RunTime:0.0010s ]
SQL: SHOW COLUMNS FROM `sc_les_sections` [ RunTime:0.0008s ]
SQL: SHOW COLUMNS FROM `sc_les_baseinfo` [ RunTime:0.0006s ]
SQL: SELECT * FROM `sc_les_grouping`  [ RunTime:0.0001s ]
NOTIC: [8] Undefined variable: datagrouping /Applications/XAMPP/xamppfiles/htdocs/SuperCourseServer/ThinkPHP/Library/SC/VideoList/VideoList.class.php 第 66 行.
SQL: SELECT * FROM `sc_les_sections` WHERE `lesgrouping_id` = '0000'  [ RunTime:0.0001s ]
SQL: SELECT * FROM `sc_les_baseinfo` WHERE `lessections_id` = '0000'  [ RunTime:0.0001s ]
SQL: SELECT * FROM `sc_les_baseinfo` WHERE `lessections_id` = '0001'  [ RunTime:0.0001s ]
SQL: SELECT * FROM `sc_les_sections` WHERE `lesgrouping_id` = '0001'  [ RunTime:0.0001s ]
SQL: SELECT * FROM `sc_les_baseinfo` WHERE `lessections_id` = '0003'  [ RunTime:0.0001s ]
INFO: [ app_end ] --START--
INFO: Run Behavior\ShowPageTraceBehavior [ RunTime:0.000271s ]
INFO: [ app_end ] --END-- [ RunTime:0.000294s ]

[ 2016-02-04T10:46:02+08:00 ] 127.0.0.1 /SuperCourseServer/index.php/Home/Index/index4ios/
INFO: [ app_init ] --START--
INFO: Run Behavior\BuildLiteBehavior [ RunTime:0.000008s ]
INFO: [ app_init ] --END-- [ RunTime:0.000175s ]
INFO: [ app_begin ] --START--
INFO: Run Behavior\ReadHtmlCacheBehavior [ RunTime:0.000213s ]
INFO: [ app_begin ] --END-- [ RunTime:0.000240s ]
NOTIC: [2048] call_user_func_array() expects parameter 1 to be a valid callback, non-static method Api::LoadVideoInfo() should not be called statically /Applications/XAMPP/xamppfiles/htdocs/SuperCourseServer/Application/Home/Controller/IndexController.class.php 第 20 行.
SQL: SHOW COLUMNS FROM `sc_les_baseinfo` [ RunTime:0.0027s ]
SQL: SELECT * FROM `sc_les_baseinfo` WHERE `les_id` = '0001'  [ RunTime:0.0002s ]
SQL: SHOW COLUMNS FROM `sc_les_hotpoint` [ RunTime:0.0008s ]
NOTIC: [8] Use of undefined constant les_id - assumed 'les_id' /Applications/XAMPP/xamppfiles/htdocs/SuperCourseServer/ThinkPHP/Library/SC/VideoInfo/LoadVideoInfo.class.php 第 29 行.
SQL: SELECT * FROM `sc_les_hotpoint` WHERE `les_id` = '0001'  [ RunTime:0.0002s ]
SQL: SHOW COLUMNS FROM `sc_les_subtitle` [ RunTime:0.0007s ]
NOTIC: [8] Use of undefined constant les_id - assumed 'les_id' /Applications/XAMPP/xamppfiles/htdocs/SuperCourseServer/ThinkPHP/Library/SC/VideoInfo/LoadVideoInfo.class.php 第 34 行.
SQL: SELECT * FROM `sc_les_subtitle` WHERE `les_id` = '0001'  [ RunTime:0.0002s ]
INFO: [ app_end ] --START--
INFO: Run Behavior\ShowPageTraceBehavior [ RunTime:0.000274s ]
INFO: [ app_end ] --END-- [ RunTime:0.000300s ]

[ 2016-02-04T10:48:22+08:00 ] ::1 /SuperCourseServer/index.php/Home/Index/index4ios?method=LoadVideoInfo&param[Data][stu_id]=UnLoginUserSession&param[Data][stu_pwd]=&param[Data][lesson_id]=0001
INFO: [ app_init ] --START--
INFO: Run Behavior\BuildLiteBehavior [ RunTime:0.000008s ]
INFO: [ app_init ] --END-- [ RunTime:0.000178s ]
INFO: [ app_begin ] --START--
INFO: Run Behavior\ReadHtmlCacheBehavior [ RunTime:0.000216s ]
INFO: [ app_begin ] --END-- [ RunTime:0.000241s ]
NOTIC: [8] Undefined index: method /Applications/XAMPP/xamppfiles/htdocs/SuperCourseServer/Application/Home/Controller/IndexController.class.php 第 17 行.
NOTIC: [8] Undefined index: param /Applications/XAMPP/xamppfiles/htdocs/SuperCourseServer/Application/Home/Controller/IndexController.class.php 第 18 行.
NOTIC: [2048] call_user_func_array() expects parameter 1 to be a valid callback, non-static method Api::LoadVideoInfo() should not be called statically /Applications/XAMPP/xamppfiles/htdocs/SuperCourseServer/Application/Home/Controller/IndexController.class.php 第 20 行.
SQL: SHOW COLUMNS FROM `sc_les_baseinfo` [ RunTime:0.0010s ]
SQL: SELECT * FROM `sc_les_baseinfo` WHERE `les_id` = '0001'  [ RunTime:0.0002s ]
SQL: SHOW COLUMNS FROM `sc_les_hotpoint` [ RunTime:0.0008s ]
NOTIC: [8] Use of undefined constant les_id - assumed 'les_id' /Applications/XAMPP/xamppfiles/htdocs/SuperCourseServer/ThinkPHP/Library/SC/VideoInfo/LoadVideoInfo.class.php 第 29 行.
SQL: SELECT * FROM `sc_les_hotpoint` WHERE `les_id` = '0001'  [ RunTime:0.0002s ]
SQL: SHOW COLUMNS FROM `sc_les_subtitle` [ RunTime:0.0007s ]
NOTIC: [8] Use of undefined constant les_id - assumed 'les_id' /Applications/XAMPP/xamppfiles/htdocs/SuperCourseServer/ThinkPHP/Library/SC/VideoInfo/LoadVideoInfo.class.php 第 34 行.
SQL: SELECT * FROM `sc_les_subtitle` WHERE `les_id` = '0001'  [ RunTime:0.0001s ]
INFO: [ app_end ] --START--
INFO: Run Behavior\ShowPageTraceBehavior [ RunTime:0.000292s ]
INFO: [ app_end ] --END-- [ RunTime:0.000319s ]

[ 2016-02-04T10:51:27+08:00 ] ::1 /SuperCourseServer/index.php/Home/Index/index4ios?method=LoadVideoInfo&param[Data][stu_id]=UnLoginUserSession&param[Data][stu_pwd]=&param[Data][lesson_id]=0001
INFO: [ app_init ] --START--
INFO: Run Behavior\BuildLiteBehavior [ RunTime:0.000008s ]
INFO: [ app_init ] --END-- [ RunTime:0.000206s ]
INFO: [ app_begin ] --START--
INFO: Run Behavior\ReadHtmlCacheBehavior [ RunTime:0.000248s ]
INFO: [ app_begin ] --END-- [ RunTime:0.000282s ]
NOTIC: [8] Undefined index: method /Applications/XAMPP/xamppfiles/htdocs/SuperCourseServer/Application/Home/Controller/IndexController.class.php 第 17 行.
NOTIC: [8] Undefined index: param /Applications/XAMPP/xamppfiles/htdocs/SuperCourseServer/Application/Home/Controller/IndexController.class.php 第 18 行.
NOTIC: [2048] call_user_func_array() expects parameter 1 to be a valid callback, non-static method Api::LoadVideoInfo() should not be called statically /Applications/XAMPP/xamppfiles/htdocs/SuperCourseServer/Application/Home/Controller/IndexController.class.php 第 20 行.
SQL: SHOW COLUMNS FROM `sc_les_baseinfo` [ RunTime:0.0025s ]
SQL: SELECT * FROM `sc_les_baseinfo` WHERE `les_id` = '0001'  [ RunTime:0.0001s ]
SQL: SHOW COLUMNS FROM `sc_les_hotpoint` [ RunTime:0.0006s ]
NOTIC: [8] Use of undefined constant les_id - assumed 'les_id' /Applications/XAMPP/xamppfiles/htdocs/SuperCourseServer/ThinkPHP/Library/SC/VideoInfo/LoadVideoInfo.class.php 第 29 行.
SQL: SELECT * FROM `sc_les_hotpoint` WHERE `les_id` = '0001'  [ RunTime:0.0001s ]
SQL: SHOW COLUMNS FROM `sc_les_subtitle` [ RunTime:0.0005s ]
NOTIC: [8] Use of undefined constant les_id - assumed 'les_id' /Applications/XAMPP/xamppfiles/htdocs/SuperCourseServer/ThinkPHP/Library/SC/VideoInfo/LoadVideoInfo.class.php 第 34 行.
SQL: SELECT * FROM `sc_les_subtitle` WHERE `les_id` = '0001'  [ RunTime:0.0001s ]
SQL: SHOW COLUMNS FROM `sc_stu_lessubtitle` [ RunTime:0.0005s ]
NOTIC: [8] Use of undefined constant les_id - assumed 'les_id' /Applications/XAMPP/xamppfiles/htdocs/SuperCourseServer/ThinkPHP/Library/SC/VideoInfo/LoadVideoInfo.class.php 第 39 行.
SQL: SELECT * FROM `sc_stu_lessubtitle` WHERE `les_id` = '0001'  [ RunTime:0.0001s ]
INFO: [ app_end ] --START--
INFO: Run Behavior\ShowPageTraceBehavior [ RunTime:0.000247s ]
INFO: [ app_end ] --END-- [ RunTime:0.000269s ]

[ 2016-02-04T10:51:42+08:00 ] 127.0.0.1 /SuperCourseServer/index.php/Home/Index/index4ios/
INFO: [ app_init ] --START--
INFO: Run Behavior\BuildLiteBehavior [ RunTime:0.000008s ]
INFO: [ app_init ] --END-- [ RunTime:0.000175s ]
INFO: [ app_begin ] --START--
INFO: Run Behavior\ReadHtmlCacheBehavior [ RunTime:0.000212s ]
INFO: [ app_begin ] --END-- [ RunTime:0.000236s ]
NOTIC: [2048] call_user_func_array() expects parameter 1 to be a valid callback, non-static method Api::VideoList() should not be called statically /Applications/XAMPP/xamppfiles/htdocs/SuperCourseServer/Application/Home/Controller/IndexController.class.php 第 20 行.
SQL: SHOW COLUMNS FROM `sc_les_grouping` [ RunTime:0.0011s ]
SQL: SHOW COLUMNS FROM `sc_les_sections` [ RunTime:0.0007s ]
SQL: SHOW COLUMNS FROM `sc_les_baseinfo` [ RunTime:0.0009s ]
SQL: SELECT * FROM `sc_les_grouping`  [ RunTime:0.0001s ]
NOTIC: [8] Undefined variable: datagrouping /Applications/XAMPP/xamppfiles/htdocs/SuperCourseServer/ThinkPHP/Library/SC/VideoList/VideoList.class.php 第 66 行.
SQL: SELECT * FROM `sc_les_sections` WHERE `lesgrouping_id` = '0000'  [ RunTime:0.0001s ]
SQL: SELECT * FROM `sc_les_baseinfo` WHERE `lessections_id` = '0000'  [ RunTime:0.0001s ]
SQL: SELECT * FROM `sc_les_baseinfo` WHERE `lessections_id` = '0001'  [ RunTime:0.0002s ]
SQL: SELECT * FROM `sc_les_sections` WHERE `lesgrouping_id` = '0001'  [ RunTime:0.0001s ]
SQL: SELECT * FROM `sc_les_baseinfo` WHERE `lessections_id` = '0003'  [ RunTime:0.0001s ]
INFO: [ app_end ] --START--
INFO: Run Behavior\ShowPageTraceBehavior [ RunTime:0.000302s ]
INFO: [ app_end ] --END-- [ RunTime:0.000327s ]

[ 2016-02-04T10:51:44+08:00 ] 127.0.0.1 /SuperCourseServer/index.php/Home/Index/index4ios/
INFO: [ app_init ] --START--
INFO: Run Behavior\BuildLiteBehavior [ RunTime:0.000007s ]
INFO: [ app_init ] --END-- [ RunTime:0.000171s ]
INFO: [ app_begin ] --START--
INFO: Run Behavior\ReadHtmlCacheBehavior [ RunTime:0.000210s ]
INFO: [ app_begin ] --END-- [ RunTime:0.000236s ]
NOTIC: [2048] call_user_func_array() expects parameter 1 to be a valid callback, non-static method Api::LoadVideoInfo() should not be called statically /Applications/XAMPP/xamppfiles/htdocs/SuperCourseServer/Application/Home/Controller/IndexController.class.php 第 20 行.
SQL: SHOW COLUMNS FROM `sc_les_baseinfo` [ RunTime:0.0027s ]
SQL: SELECT * FROM `sc_les_baseinfo` WHERE `les_id` = '0001'  [ RunTime:0.0002s ]
SQL: SHOW COLUMNS FROM `sc_les_hotpoint` [ RunTime:0.0007s ]
NOTIC: [8] Use of undefined constant les_id - assumed 'les_id' /Applications/XAMPP/xamppfiles/htdocs/SuperCourseServer/ThinkPHP/Library/SC/VideoInfo/LoadVideoInfo.class.php 第 29 行.
SQL: SELECT * FROM `sc_les_hotpoint` WHERE `les_id` = '0001'  [ RunTime:0.0001s ]
SQL: SHOW COLUMNS FROM `sc_les_subtitle` [ RunTime:0.0009s ]
NOTIC: [8] Use of undefined constant les_id - assumed 'les_id' /Applications/XAMPP/xamppfiles/htdocs/SuperCourseServer/ThinkPHP/Library/SC/VideoInfo/LoadVideoInfo.class.php 第 34 行.
SQL: SELECT * FROM `sc_les_subtitle` WHERE `les_id` = '0001'  [ RunTime:0.0003s ]
SQL: SHOW COLUMNS FROM `sc_stu_lessubtitle` [ RunTime:0.0009s ]
NOTIC: [8] Use of undefined constant les_id - assumed 'les_id' /Applications/XAMPP/xamppfiles/htdocs/SuperCourseServer/ThinkPHP/Library/SC/VideoInfo/LoadVideoInfo.class.php 第 39 行.
SQL: SELECT * FROM `sc_stu_lessubtitle` WHERE `les_id` = '0001'  [ RunTime:0.0002s ]
INFO: [ app_end ] --START--
INFO: Run Behavior\ShowPageTraceBehavior [ RunTime:0.000321s ]
INFO: [ app_end ] --END-- [ RunTime:0.000353s ]

[ 2016-02-04T12:13:55+08:00 ] 127.0.0.1 /SuperCourseServer/index.php/Home/Index/index4ios/
INFO: [ app_init ] --START--
INFO: Run Behavior\BuildLiteBehavior [ RunTime:0.000008s ]
INFO: [ app_init ] --END-- [ RunTime:0.000181s ]
INFO: [ app_begin ] --START--
INFO: Run Behavior\ReadHtmlCacheBehavior [ RunTime:0.000217s ]
INFO: [ app_begin ] --END-- [ RunTime:0.000243s ]
NOTIC: [2048] call_user_func_array() expects parameter 1 to be a valid callback, non-static method Api::VideoList() should not be called statically /Applications/XAMPP/xamppfiles/htdocs/SuperCourseServer/Application/Home/Controller/IndexController.class.php 第 20 行.
SQL: SHOW COLUMNS FROM `sc_les_grouping` [ RunTime:0.0012s ]
SQL: SHOW COLUMNS FROM `sc_les_sections` [ RunTime:0.0009s ]
SQL: SHOW COLUMNS FROM `sc_les_baseinfo` [ RunTime:0.0007s ]
SQL: SELECT * FROM `sc_les_grouping`  [ RunTime:0.0001s ]
NOTIC: [8] Undefined variable: datagrouping /Applications/XAMPP/xamppfiles/htdocs/SuperCourseServer/ThinkPHP/Library/SC/VideoList/VideoList.class.php 第 66 行.
SQL: SELECT * FROM `sc_les_sections` WHERE `lesgrouping_id` = '0000'  [ RunTime:0.0001s ]
SQL: SELECT * FROM `sc_les_baseinfo` WHERE `lessections_id` = '0000'  [ RunTime:0.0001s ]
SQL: SELECT * FROM `sc_les_baseinfo` WHERE `lessections_id` = '0001'  [ RunTime:0.0001s ]
SQL: SELECT * FROM `sc_les_sections` WHERE `lesgrouping_id` = '0001'  [ RunTime:0.0001s ]
SQL: SELECT * FROM `sc_les_baseinfo` WHERE `lessections_id` = '0003'  [ RunTime:0.0001s ]
INFO: [ app_end ] --START--
INFO: Run Behavior\ShowPageTraceBehavior [ RunTime:0.000286s ]
INFO: [ app_end ] --END-- [ RunTime:0.000310s ]

[ 2016-02-04T12:17:21+08:00 ] 127.0.0.1 /SuperCourseServer/index.php/Home/Index/index4ios/
INFO: [ app_init ] --START--
INFO: Run Behavior\BuildLiteBehavior [ RunTime:0.000013s ]
INFO: [ app_init ] --END-- [ RunTime:0.000281s ]
INFO: [ app_begin ] --START--
INFO: Run Behavior\ReadHtmlCacheBehavior [ RunTime:0.000279s ]
INFO: [ app_begin ] --END-- [ RunTime:0.000328s ]
NOTIC: [2048] call_user_func_array() expects parameter 1 to be a valid callback, non-static method Api::VideoList() should not be called statically /Applications/XAMPP/xamppfiles/htdocs/SuperCourseServer/Application/Home/Controller/IndexController.class.php 第 20 行.
SQL: SHOW COLUMNS FROM `sc_les_grouping` [ RunTime:0.0010s ]
SQL: SHOW COLUMNS FROM `sc_les_sections` [ RunTime:0.0006s ]
SQL: SHOW COLUMNS FROM `sc_les_baseinfo` [ RunTime:0.0007s ]
SQL: SELECT * FROM `sc_les_grouping`  [ RunTime:0.0001s ]
NOTIC: [8] Undefined variable: datagrouping /Applications/XAMPP/xamppfiles/htdocs/SuperCourseServer/ThinkPHP/Library/SC/VideoList/VideoList.class.php 第 66 行.
SQL: SELECT * FROM `sc_les_sections` WHERE `lesgrouping_id` = '0000'  [ RunTime:0.0001s ]
SQL: SELECT * FROM `sc_les_baseinfo` WHERE `lessections_id` = '0000'  [ RunTime:0.0001s ]
SQL: SELECT * FROM `sc_les_baseinfo` WHERE `lessections_id` = '0001'  [ RunTime:0.0001s ]
SQL: SELECT * FROM `sc_les_sections` WHERE `lesgrouping_id` = '0001'  [ RunTime:0.0001s ]
SQL: SELECT * FROM `sc_les_baseinfo` WHERE `lessections_id` = '0003'  [ RunTime:0.0002s ]
INFO: [ app_end ] --START--
INFO: Run Behavior\ShowPageTraceBehavior [ RunTime:0.000265s ]
INFO: [ app_end ] --END-- [ RunTime:0.000289s ]

[ 2016-02-04T12:17:23+08:00 ] 127.0.0.1 /SuperCourseServer/index.php/Home/Index/index4ios/
INFO: [ app_init ] --START--
INFO: Run Behavior\BuildLiteBehavior [ RunTime:0.000007s ]
INFO: [ app_init ] --END-- [ RunTime:0.000167s ]
INFO: [ app_begin ] --START--
INFO: Run Behavior\ReadHtmlCacheBehavior [ RunTime:0.000209s ]
INFO: [ app_begin ] --END-- [ RunTime:0.000232s ]
NOTIC: [2048] call_user_func_array() expects parameter 1 to be a valid callback, non-static method Api::LoadVideoInfo() should not be called statically /Applications/XAMPP/xamppfiles/htdocs/SuperCourseServer/Application/Home/Controller/IndexController.class.php 第 20 行.
SQL: SHOW COLUMNS FROM `sc_les_baseinfo` [ RunTime:0.0026s ]
SQL: SELECT * FROM `sc_les_baseinfo` WHERE `les_id` = '0001'  [ RunTime:0.0002s ]
SQL: SHOW COLUMNS FROM `sc_les_hotpoint` [ RunTime:0.0006s ]
NOTIC: [8] Use of undefined constant les_id - assumed 'les_id' /Applications/XAMPP/xamppfiles/htdocs/SuperCourseServer/ThinkPHP/Library/SC/VideoInfo/LoadVideoInfo.class.php 第 29 行.
SQL: SELECT * FROM `sc_les_hotpoint` WHERE `les_id` = '0001'  [ RunTime:0.0001s ]
SQL: SHOW COLUMNS FROM `sc_les_subtitle` [ RunTime:0.0007s ]
NOTIC: [8] Use of undefined constant les_id - assumed 'les_id' /Applications/XAMPP/xamppfiles/htdocs/SuperCourseServer/ThinkPHP/Library/SC/VideoInfo/LoadVideoInfo.class.php 第 34 行.
SQL: SELECT * FROM `sc_les_subtitle` WHERE `les_id` = '0001'  [ RunTime:0.0002s ]
SQL: SHOW COLUMNS FROM `sc_stu_lessubtitle` [ RunTime:0.0008s ]
NOTIC: [8] Use of undefined constant les_id - assumed 'les_id' /Applications/XAMPP/xamppfiles/htdocs/SuperCourseServer/ThinkPHP/Library/SC/VideoInfo/LoadVideoInfo.class.php 第 39 行.
SQL: SELECT * FROM `sc_stu_lessubtitle` WHERE `les_id` = '0001'  [ RunTime:0.0001s ]
INFO: [ app_end ] --START--
INFO: Run Behavior\ShowPageTraceBehavior [ RunTime:0.000447s ]
INFO: [ app_end ] --END-- [ RunTime:0.000481s ]

[ 2016-02-04T12:19:42+08:00 ] 127.0.0.1 /SuperCourseServer/index.php/Home/Index/index4ios/
INFO: [ app_init ] --START--
INFO: Run Behavior\BuildLiteBehavior [ RunTime:0.000008s ]
INFO: [ app_init ] --END-- [ RunTime:0.000180s ]
INFO: [ app_begin ] --START--
INFO: Run Behavior\ReadHtmlCacheBehavior [ RunTime:0.000212s ]
INFO: [ app_begin ] --END-- [ RunTime:0.000239s ]
NOTIC: [2048] call_user_func_array() expects parameter 1 to be a valid callback, non-static method Api::VideoList() should not be called statically /Applications/XAMPP/xamppfiles/htdocs/SuperCourseServer/Application/Home/Controller/IndexController.class.php 第 20 行.
SQL: SHOW COLUMNS FROM `sc_les_grouping` [ RunTime:0.0011s ]
SQL: SHOW COLUMNS FROM `sc_les_sections` [ RunTime:0.0006s ]
SQL: SHOW COLUMNS FROM `sc_les_baseinfo` [ RunTime:0.0006s ]
SQL: SELECT * FROM `sc_les_grouping`  [ RunTime:0.0001s ]
NOTIC: [8] Undefined variable: datagrouping /Applications/XAMPP/xamppfiles/htdocs/SuperCourseServer/ThinkPHP/Library/SC/VideoList/VideoList.class.php 第 66 行.
SQL: SELECT * FROM `sc_les_sections` WHERE `lesgrouping_id` = '0000'  [ RunTime:0.0001s ]
SQL: SELECT * FROM `sc_les_baseinfo` WHERE `lessections_id` = '0000'  [ RunTime:0.0001s ]
SQL: SELECT * FROM `sc_les_baseinfo` WHERE `lessections_id` = '0001'  [ RunTime:0.0001s ]
SQL: SELECT * FROM `sc_les_sections` WHERE `lesgrouping_id` = '0001'  [ RunTime:0.0001s ]
SQL: SELECT * FROM `sc_les_baseinfo` WHERE `lessections_id` = '0003'  [ RunTime:0.0001s ]
INFO: [ app_end ] --START--
INFO: Run Behavior\ShowPageTraceBehavior [ RunTime:0.000264s ]
INFO: [ app_end ] --END-- [ RunTime:0.000290s ]

[ 2016-02-04T12:19:43+08:00 ] 127.0.0.1 /SuperCourseServer/index.php/Home/Index/index4ios/
INFO: [ app_init ] --START--
INFO: Run Behavior\BuildLiteBehavior [ RunTime:0.000007s ]
INFO: [ app_init ] --END-- [ RunTime:0.000167s ]
INFO: [ app_begin ] --START--
INFO: Run Behavior\ReadHtmlCacheBehavior [ RunTime:0.000205s ]
INFO: [ app_begin ] --END-- [ RunTime:0.000230s ]
NOTIC: [2048] call_user_func_array() expects parameter 1 to be a valid callback, non-static method Api::LoadVideoInfo() should not be called statically /Applications/XAMPP/xamppfiles/htdocs/SuperCourseServer/Application/Home/Controller/IndexController.class.php 第 20 行.
SQL: SHOW COLUMNS FROM `sc_les_baseinfo` [ RunTime:0.0026s ]
SQL: SELECT * FROM `sc_les_baseinfo` WHERE `les_id` = '0001'  [ RunTime:0.0002s ]
SQL: SHOW COLUMNS FROM `sc_les_hotpoint` [ RunTime:0.0007s ]
NOTIC: [8] Use of undefined constant les_id - assumed 'les_id' /Applications/XAMPP/xamppfiles/htdocs/SuperCourseServer/ThinkPHP/Library/SC/VideoInfo/LoadVideoInfo.class.php 第 29 行.
SQL: SELECT * FROM `sc_les_hotpoint` WHERE `les_id` = '0001'  [ RunTime:0.0001s ]
SQL: SHOW COLUMNS FROM `sc_les_subtitle` [ RunTime:0.0007s ]
NOTIC: [8] Use of undefined constant les_id - assumed 'les_id' /Applications/XAMPP/xamppfiles/htdocs/SuperCourseServer/ThinkPHP/Library/SC/VideoInfo/LoadVideoInfo.class.php 第 34 行.
SQL: SELECT * FROM `sc_les_subtitle` WHERE `les_id` = '0001'  [ RunTime:0.0001s ]
SQL: SHOW COLUMNS FROM `sc_stu_lessubtitle` [ RunTime:0.0007s ]
NOTIC: [8] Use of undefined constant les_id - assumed 'les_id' /Applications/XAMPP/xamppfiles/htdocs/SuperCourseServer/ThinkPHP/Library/SC/VideoInfo/LoadVideoInfo.class.php 第 39 行.
SQL: SELECT * FROM `sc_stu_lessubtitle` WHERE `les_id` = '0001'  [ RunTime:0.0001s ]
INFO: [ app_end ] --START--
INFO: Run Behavior\ShowPageTraceBehavior [ RunTime:0.000379s ]
INFO: [ app_end ] --END-- [ RunTime:0.000426s ]

[ 2016-02-04T12:20:29+08:00 ] 127.0.0.1 /SuperCourseServer/index.php/Home/Index/index4ios/
INFO: [ app_init ] --START--
INFO: Run Behavior\BuildLiteBehavior [ RunTime:0.000008s ]
INFO: [ app_init ] --END-- [ RunTime:0.000180s ]
INFO: [ app_begin ] --START--
INFO: Run Behavior\ReadHtmlCacheBehavior [ RunTime:0.000217s ]
INFO: [ app_begin ] --END-- [ RunTime:0.000242s ]
NOTIC: [2048] call_user_func_array() expects parameter 1 to be a valid callback, non-static method Api::VideoList() should not be called statically /Applications/XAMPP/xamppfiles/htdocs/SuperCourseServer/Application/Home/Controller/IndexController.class.php 第 20 行.
SQL: SHOW COLUMNS FROM `sc_les_grouping` [ RunTime:0.0009s ]
SQL: SHOW COLUMNS FROM `sc_les_sections` [ RunTime:0.0006s ]
SQL: SHOW COLUMNS FROM `sc_les_baseinfo` [ RunTime:0.0007s ]
SQL: SELECT * FROM `sc_les_grouping`  [ RunTime:0.0001s ]
NOTIC: [8] Undefined variable: datagrouping /Applications/XAMPP/xamppfiles/htdocs/SuperCourseServer/ThinkPHP/Library/SC/VideoList/VideoList.class.php 第 66 行.
SQL: SELECT * FROM `sc_les_sections` WHERE `lesgrouping_id` = '0000'  [ RunTime:0.0001s ]
SQL: SELECT * FROM `sc_les_baseinfo` WHERE `lessections_id` = '0000'  [ RunTime:0.0001s ]
SQL: SELECT * FROM `sc_les_baseinfo` WHERE `lessections_id` = '0001'  [ RunTime:0.0001s ]
SQL: SELECT * FROM `sc_les_sections` WHERE `lesgrouping_id` = '0001'  [ RunTime:0.0001s ]
SQL: SELECT * FROM `sc_les_baseinfo` WHERE `lessections_id` = '0003'  [ RunTime:0.0001s ]
INFO: [ app_end ] --START--
INFO: Run Behavior\ShowPageTraceBehavior [ RunTime:0.000294s ]
INFO: [ app_end ] --END-- [ RunTime:0.000320s ]

[ 2016-02-04T12:20:30+08:00 ] 127.0.0.1 /SuperCourseServer/index.php/Home/Index/index4ios/
INFO: [ app_init ] --START--
INFO: Run Behavior\BuildLiteBehavior [ RunTime:0.000007s ]
INFO: [ app_init ] --END-- [ RunTime:0.000172s ]
INFO: [ app_begin ] --START--
INFO: Run Behavior\ReadHtmlCacheBehavior [ RunTime:0.000296s ]
INFO: [ app_begin ] --END-- [ RunTime:0.000332s ]
NOTIC: [2048] call_user_func_array() expects parameter 1 to be a valid callback, non-static method Api::LoadVideoInfo() should not be called statically /Applications/XAMPP/xamppfiles/htdocs/SuperCourseServer/Application/Home/Controller/IndexController.class.php 第 20 行.
SQL: SHOW COLUMNS FROM `sc_les_baseinfo` [ RunTime:0.0026s ]
SQL: SELECT * FROM `sc_les_baseinfo` WHERE `les_id` = '0001'  [ RunTime:0.0002s ]
SQL: SHOW COLUMNS FROM `sc_les_hotpoint` [ RunTime:0.0006s ]
NOTIC: [8] Use of undefined constant les_id - assumed 'les_id' /Applications/XAMPP/xamppfiles/htdocs/SuperCourseServer/ThinkPHP/Library/SC/VideoInfo/LoadVideoInfo.class.php 第 29 行.
SQL: SELECT * FROM `sc_les_hotpoint` WHERE `les_id` = '0001'  [ RunTime:0.0001s ]
SQL: SHOW COLUMNS FROM `sc_les_subtitle` [ RunTime:0.0007s ]
NOTIC: [8] Use of undefined constant les_id - assumed 'les_id' /Applications/XAMPP/xamppfiles/htdocs/SuperCourseServer/ThinkPHP/Library/SC/VideoInfo/LoadVideoInfo.class.php 第 34 行.
SQL: SELECT * FROM `sc_les_subtitle` WHERE `les_id` = '0001'  [ RunTime:0.0002s ]
SQL: SHOW COLUMNS FROM `sc_stu_lessubtitle` [ RunTime:0.0011s ]
NOTIC: [8] Use of undefined constant les_id - assumed 'les_id' /Applications/XAMPP/xamppfiles/htdocs/SuperCourseServer/ThinkPHP/Library/SC/VideoInfo/LoadVideoInfo.class.php 第 39 行.
SQL: SELECT * FROM `sc_stu_lessubtitle` WHERE `les_id` = '0001'  [ RunTime:0.0002s ]
INFO: [ app_end ] --START--
INFO: Run Behavior\ShowPageTraceBehavior [ RunTime:0.000369s ]
INFO: [ app_end ] --END-- [ RunTime:0.000408s ]

[ 2016-02-04T12:20:37+08:00 ] 127.0.0.1 /SuperCourseServer/index.php/Home/Index/index4ios/
INFO: [ app_init ] --START--
INFO: Run Behavior\BuildLiteBehavior [ RunTime:0.000009s ]
INFO: [ app_init ] --END-- [ RunTime:0.000201s ]
INFO: [ app_begin ] --START--
INFO: Run Behavior\ReadHtmlCacheBehavior [ RunTime:0.000212s ]
INFO: [ app_begin ] --END-- [ RunTime:0.000237s ]
NOTIC: [2048] call_user_func_array() expects parameter 1 to be a valid callback, non-static method Api::AddStudentStopTime() should not be called statically /Applications/XAMPP/xamppfiles/htdocs/SuperCourseServer/Application/Home/Controller/IndexController.class.php 第 20 行.
SQL: SHOW COLUMNS FROM `sc_stu_lesrecord` [ RunTime:0.0029s ]
SQL: SELECT MAX(num) AS tp_max FROM `sc_stu_lesrecord` WHERE `stu_id` = 'UnLoginUserSession' AND `les_id` = '0001' LIMIT 1   [ RunTime:0.0002s ]
SQL: INSERT INTO `sc_stu_lesrecord` (`stu_id`,`les_id`,`oversty_time`,`num`) VALUES ('UnLoginUserSession','0001','1.42987','65') [ RunTime:0.0002s ]
INFO: [ app_end ] --START--
INFO: Run Behavior\ShowPageTraceBehavior [ RunTime:0.000261s ]
INFO: [ app_end ] --END-- [ RunTime:0.000285s ]

[ 2016-02-04T12:21:10+08:00 ] 127.0.0.1 /SuperCourseServer/index.php/Home/Index/index4ios/
INFO: [ app_init ] --START--
INFO: Run Behavior\BuildLiteBehavior [ RunTime:0.000007s ]
INFO: [ app_init ] --END-- [ RunTime:0.000175s ]
INFO: [ app_begin ] --START--
INFO: Run Behavior\ReadHtmlCacheBehavior [ RunTime:0.000254s ]
INFO: [ app_begin ] --END-- [ RunTime:0.000280s ]
NOTIC: [2048] call_user_func_array() expects parameter 1 to be a valid callback, non-static method Api::VideoList() should not be called statically /Applications/XAMPP/xamppfiles/htdocs/SuperCourseServer/Application/Home/Controller/IndexController.class.php 第 20 行.
SQL: SHOW COLUMNS FROM `sc_les_grouping` [ RunTime:0.0009s ]
SQL: SHOW COLUMNS FROM `sc_les_sections` [ RunTime:0.0006s ]
SQL: SHOW COLUMNS FROM `sc_les_baseinfo` [ RunTime:0.0007s ]
SQL: SELECT * FROM `sc_les_grouping`  [ RunTime:0.0001s ]
NOTIC: [8] Undefined variable: datagrouping /Applications/XAMPP/xamppfiles/htdocs/SuperCourseServer/ThinkPHP/Library/SC/VideoList/VideoList.class.php 第 66 行.
SQL: SELECT * FROM `sc_les_sections` WHERE `lesgrouping_id` = '0000'  [ RunTime:0.0001s ]
SQL: SELECT * FROM `sc_les_baseinfo` WHERE `lessections_id` = '0000'  [ RunTime:0.0001s ]
SQL: SELECT * FROM `sc_les_baseinfo` WHERE `lessections_id` = '0001'  [ RunTime:0.0001s ]
SQL: SELECT * FROM `sc_les_sections` WHERE `lesgrouping_id` = '0001'  [ RunTime:0.0001s ]
SQL: SELECT * FROM `sc_les_baseinfo` WHERE `lessections_id` = '0003'  [ RunTime:0.0001s ]
INFO: [ app_end ] --START--
INFO: Run Behavior\ShowPageTraceBehavior [ RunTime:0.000302s ]
INFO: [ app_end ] --END-- [ RunTime:0.000328s ]

[ 2016-02-04T12:21:11+08:00 ] 127.0.0.1 /SuperCourseServer/index.php/Home/Index/index4ios/
INFO: [ app_init ] --START--
INFO: Run Behavior\BuildLiteBehavior [ RunTime:0.000008s ]
INFO: [ app_init ] --END-- [ RunTime:0.000172s ]
INFO: [ app_begin ] --START--
INFO: Run Behavior\ReadHtmlCacheBehavior [ RunTime:0.000210s ]
INFO: [ app_begin ] --END-- [ RunTime:0.000237s ]
NOTIC: [2048] call_user_func_array() expects parameter 1 to be a valid callback, non-static method Api::LoadVideoInfo() should not be called statically /Applications/XAMPP/xamppfiles/htdocs/SuperCourseServer/Application/Home/Controller/IndexController.class.php 第 20 行.
SQL: SHOW COLUMNS FROM `sc_les_baseinfo` [ RunTime:0.0026s ]
SQL: SELECT * FROM `sc_les_baseinfo` WHERE `les_id` = '0001'  [ RunTime:0.0002s ]
SQL: SHOW COLUMNS FROM `sc_les_hotpoint` [ RunTime:0.0007s ]
NOTIC: [8] Use of undefined constant les_id - assumed 'les_id' /Applications/XAMPP/xamppfiles/htdocs/SuperCourseServer/ThinkPHP/Library/SC/VideoInfo/LoadVideoInfo.class.php 第 29 行.
SQL: SELECT * FROM `sc_les_hotpoint` WHERE `les_id` = '0001'  [ RunTime:0.0001s ]
SQL: SHOW COLUMNS FROM `sc_les_subtitle` [ RunTime:0.0008s ]
NOTIC: [8] Use of undefined constant les_id - assumed 'les_id' /Applications/XAMPP/xamppfiles/htdocs/SuperCourseServer/ThinkPHP/Library/SC/Video