[ 2016-01-21T10:16:59+08:00 ] ::1 /SV/
INFO: [ app_init ] --START--
INFO: Run Behavior\BuildLiteBehavior [ RunTime:0.000012s ]
INFO: [ app_init ] --END-- [ RunTime:0.000649s ]
INFO: [ app_begin ] --START--
INFO: Run Behavior\ReadHtmlCacheBehavior [ RunTime:0.000731s ]
INFO: [ app_begin ] --END-- [ RunTime:0.000772s ]
NOTIC: [8] Undefined index: method /Applications/XAMPP/xamppfiles/htdocs/SV/Application/Home/Controller/IndexController.class.php 第 8 行.
NOTIC: [8] Undefined index: method /Applications/XAMPP/xamppfiles/htdocs/SV/Application/Home/Controller/IndexController.class.php 第 8 行.
NOTIC: [8] Undefined index: param /Applications/XAMPP/xamppfiles/htdocs/SV/Application/Home/Controller/IndexController.class.php 第 9 行.
NOTIC: [8] Undefined index: param /Applications/XAMPP/xamppfiles/htdocs/SV/Application/Home/Controller/IndexController.class.php 第 9 行.
NOTIC: [2] call_user_func_array() expects parameter 1 to be a valid callback, second array member is not a valid method /Applications/XAMPP/xamppfiles/htdocs/SV/Application/Home/Controller/IndexController.class.php 第 14 行.
INFO: [ app_end ] --START--
INFO: Run Behavior\ShowPageTraceBehavior [ RunTime:0.000775s ]
INFO: [ app_end ] --END-- [ RunTime:0.000819s ]

[ 2016-01-21T10:20:09+08:00 ] ::1 /SV/
INFO: [ app_init ] --START--
INFO: Run Behavior\BuildLiteBehavior [ RunTime:0.000038s ]
INFO: [ app_init ] --END-- [ RunTime:0.000409s ]
INFO: [ app_begin ] --START--
INFO: Run Behavior\ReadHtmlCacheBehavior [ RunTime:0.000430s ]
INFO: [ app_begin ] --END-- [ RunTime:0.000476s ]
NOTIC: [8] Undefined index: method /Applications/XAMPP/xamppfiles/htdocs/SV/Application/Home/Controller/IndexController.class.php 第 8 行.
NOTIC: [8] Undefined index: method /Applications/XAMPP/xamppfiles/htdocs/SV/Application/Home/Controller/IndexController.class.php 第 8 行.
NOTIC: [8] Undefined index: param /Applications/XAMPP/xamppfiles/htdocs/SV/Application/Home/Controller/IndexController.class.php 第 9 行.
NOTIC: [8] Undefined index: param /Applications/XAMPP/xamppfiles/htdocs/SV/Application/Home/Controller/IndexController.class.php 第 9 行.
NOTIC: [2] call_user_func_array() expects parameter 1 to be a valid callback, second array member is not a valid method /Applications/XAMPP/xamppfiles/htdocs/SV/Application/Home/Controller/IndexController.class.php 第 14 行.
INFO: [ app_end ] --START--
INFO: Run Behavior\ShowPageTraceBehavior [ RunTime:0.000408s ]
INFO: [ app_end ] --END-- [ RunTime:0.000456s ]

[ 2016-01-21T10:20:09+08:00 ] ::1 /SV/
INFO: [ app_init ] --START--
INFO: Run Behavior\BuildLiteBehavior [ RunTime:0.000011s ]
INFO: [ app_init ] --END-- [ RunTime:0.000244s ]
INFO: [ app_begin ] --START--
INFO: Run Behavior\ReadHtmlCacheBehavior [ RunTime:0.000411s ]
INFO: [ app_begin ] --END-- [ RunTime:0.000454s ]
NOTIC: [8] Undefined index: method /Applications/XAMPP/xamppfiles/htdocs/SV/Application/Home/Controller/IndexController.class.php 第 8 行.
NOTIC: [8] Undefined index: method /Applications/XAMPP/xamppfiles/htdocs/SV/Application/Home/Controller/IndexController.class.php 第 8 行.
NOTIC: [8] Undefined index: param /Applications/XAMPP/xamppfiles/htdocs/SV/Application/Home/Controller/IndexController.class.php 第 9 行.
NOTIC: [8] Undefined index: param /Applications/XAMPP/xamppfiles/htdocs/SV/Application/Home/Controller/IndexController.class.php 第 9 行.
NOTIC: [2] call_user_func_array() expects parameter 1 to be a valid callback, second array member is not a valid method /Applications/XAMPP/xamppfiles/htdocs/SV/Application/Home/Controller/IndexController.class.php 第 14 行.
INFO: [ app_end ] --START--
INFO: Run Behavior\ShowPageTraceBehavior [ RunTime:0.000403s ]
INFO: [ app_end ] --END-- [ RunTime:0.000446s ]

[ 2016-01-21T10:20:24+08:00 ] ::1 /SV/index.php/Home/Index/index4ios?method=Login&param%5BData%5D%5Bphone%5D=13800001111&param%5BData%5D%5Bpassword%5D=1111
INFO: [ app_init ] --START--
INFO: Run Behavior\BuildLiteBehavior [ RunTime:0.000023s ]
INFO: [ app_init ] --END-- [ RunTime:0.000397s ]
INFO: [ app_begin ] --START--
INFO: Run Behavior\ReadHtmlCacheBehavior [ RunTime:0.000425s ]
INFO: [ app_begin ] --END-- [ RunTime:0.000472s ]
NOTIC: [8] Undefined index: method /Applications/XAMPP/xamppfiles/htdocs/SV/Application/Home/Controller/IndexController.class.php 第 17 行.
NOTIC: [8] Undefined index: param /Applications/XAMPP/xamppfiles/htdocs/SV/Application/Home/Controller/IndexController.class.php 第 18 行.
NOTIC: [2048] call_user_func_array() expects parameter 1 to be a valid callback, non-static method Api::Login() should not be called statically /Applications/XAMPP/xamppfiles/htdocs/SV/Application/Home/Controller/IndexController.class.php 第 19 行.
SQL: SHOW COLUMNS FROM `user_info` [ RunTime:0.0077s ]
SQL: SELECT * FROM `user_info` WHERE `phone` = '13800001111' LIMIT 1   [ RunTime:0.0023s ]
INFO: [ app_end ] --START--
INFO: Run Behavior\ShowPageTraceBehavior [ RunTime:0.000560s ]
INFO: [ app_end ] --END-- [ RunTime:0.000602s ]

[ 2016-01-21T10:20:43+08:00 ] ::1 /SV/index.php/Home/Index/index4ios?method=Login&param%5BData%5D%5Bphone%5D=13800001111&param%5BData%5D%5Bpassword%5D=1111
INFO: [ app_init ] --START--
INFO: Run Behavior\BuildLiteBehavior [ RunTime:0.000021s ]
INFO: [ app_init ] --END-- [ RunTime:0.000396s ]
INFO: [ app_begin ] --START--
INFO: Run Behavior\ReadHtmlCacheBehavior [ RunTime:0.000439s ]
INFO: [ app_begin ] --END-- [ RunTime:0.000486s ]
NOTIC: [8] Undefined index: method /Applications/XAMPP/xamppfiles/htdocs/SV/Application/Home/Controller/IndexController.class.php 第 17 行.
NOTIC: [8] Undefined index: param /Applications/XAMPP/xamppfiles/htdocs/SV/Application/Home/Controller/IndexController.class.php 第 18 行.
NOTIC: [2048] call_user_func_array() expects parameter 1 to be a valid callback, non-static method Api::Login() should not be called statically /Applications/XAMPP/xamppfiles/htdocs/SV/Application/Home/Controller/IndexController.class.php 第 19 行.
SQL: SHOW COLUMNS FROM `user_info` [ RunTime:0.0023s ]
SQL: SELECT * FROM `user_info` WHERE `phone` = '13800001111' LIMIT 1   [ RunTime:0.0003s ]
INFO: [ app_end ] --START--
INFO: Run Behavior\ShowPageTraceBehavior [ RunTime:0.000510s ]
INFO: [ app_end ] --END-- [ RunTime:0.000550s ]

[ 2016-01-21T10:20:43+08:00 ] ::1 /SV/index.php/Home/Index/index4ios?method=Login&param%5BData%5D%5Bphone%5D=13800001111&param%5BData%5D%5Bpassword%5D=1111
INFO: [ app_init ] --START--
INFO: Run Behavior\BuildLiteBehavior [ RunTime:0.000030s ]
INFO: [ app_init ] --END-- [ RunTime:0.000606s ]
INFO: [ app_begin ] --START--
INFO: Run Behavior\ReadHtmlCacheBehavior [ RunTime:0.000616s ]
INFO: [ app_begin ] --END-- [ RunTime:0.000687s ]
NOTIC: [8] Undefined index: method /Applications/XAMPP/xamppfiles/htdocs/SV/Application/Home/Controller/IndexController.class.php 第 17 行.
NOTIC: [8] Undefined index: param /Applications/XAMPP/xamppfiles/htdocs/SV/Application/Home/Controller/IndexController.class.php 第 18 行.
NOTIC: [2048] call_user_func_array() expects parameter 1 to be a valid callback, non-static method Api::Login() should not be called statically /Applications/XAMPP/xamppfiles/htdocs/SV/Application/Home/Controller/IndexController.class.php 第 19 行.
SQL: SHOW COLUMNS FROM `user_info` [ RunTime:0.0030s ]
SQL: SELECT * FROM `user_info` WHERE `phone` = '13800001111' LIMIT 1   [ RunTime:0.0005s ]
INFO: [ app_end ] --START--
INFO: Run Behavior\ShowPageTraceBehavior [ RunTime:0.000748s ]
INFO: [ app_end ] --END-- [ RunTime:0.000803s ]

[ 2016-01-21T10:21:20+08:00 ] ::1 /SV/index.php/Home/Index/index4ios?method=Login&param%5BData%5D%5Bphone%5D=13800001111&param%5BData%5D%5Bpassword%5D=1111
INFO: [ app_init ] --START--
INFO: Run Behavior\BuildLiteBehavior [ RunTime:0.000021s ]
INFO: [ app_init ] --END-- [ RunTime:0.000377s ]
INFO: [ app_begin ] --START--
INFO: Run Behavior\ReadHtmlCacheBehavior [ RunTime:0.000401s ]
INFO: [ app_begin ] --END-- [ RunTime:0.000452s ]
NOTIC: [8] Undefined index: method /Applications/XAMPP/xamppfiles/htdocs/SV/Application/Home/Controller/IndexController.class.php 第 17 行.
NOTIC: [8] Undefined index: param /Applications/XAMPP/xamppfiles/htdocs/SV/Application/Home/Controller/IndexController.class.php 第 18 行.
NOTIC: [2048] call_user_func_array() expects parameter 1 to be a valid callback, non-static method Api::Login() should not be called statically /Applications/XAMPP/xamppfiles/htdocs/SV/Application/Home/Controller/IndexController.class.php 第 19 行.
SQL: SHOW COLUMNS FROM `user_info` [ RunTime:0.0018s ]
SQL: SELECT * FROM `user_info` WHERE `phone` = '13800001111' LIMIT 1   [ RunTime:0.0003s ]
INFO: [ app_end ] --START--
INFO: Run Behavior\ShowPageTraceBehavior [ RunTime:0.000492s ]
INFO: [ app_end ] --END-- [ RunTime:0.000532s ]

[ 2016-01-21T10:21:35+08:00 ] ::1 /SV/index.php/Home/Index/index4ios?method=Login&param%5BData%5D%5Bphone%5D=13800001111&param%5BData%5D%5Bpassword%5D=1111
INFO: [ app_init ] --START--
INFO: Run Behavior\BuildLiteBehavior [ RunTime:0.000012s ]
INFO: [ app_init ] --END-- [ RunTime:0.000265s ]
INFO: [ app_begin ] --START--
INFO: Run Behavior\ReadHtmlCacheBehavior [ RunTime:0.000350s ]
INFO: [ app_begin ] --END-- [ RunTime:0.000388s ]
NOTIC: [8] Undefined index: method /Applications/XAMPP/xamppfiles/htdocs/SV/Application/Home/Controller/IndexController.class.php 第 17 行.
NOTIC: [8] Undefined index: param /Applications/XAMPP/xamppfiles/htdocs/SV/Application/Home/Controller/IndexController.class.php 第 18 行.
NOTIC: [2048] call_user_func_array() expects parameter 1 to be a valid callback, non-static method Api::Login() should not be called statically /Applications/XAMPP/xamppfiles/htdocs/SV/Application/Home/Controller/IndexController.class.php 第 19 行.
SQL: SHOW COLUMNS FROM `user_info` [ RunTime:0.0019s ]
SQL: SELECT * FROM `user_info` WHERE `phone` = '13800001111' LIMIT 1   [ RunTime:0.0004s ]
INFO: [ app_end ] --START--
INFO: Run Behavior\ShowPageTraceBehavior [ RunTime:0.000632s ]
INFO: [ app_end ] --END-- [ RunTime:0.000719s ]

[ 2016-01-21T10:42:45+08:00 ] 127.0.0.1 /SV/index.php/Home/Index/index4ios/
INFO: [ app_init ] --START--
INFO: Run Behavior\BuildLiteBehavior [ RunTime:0.000098s ]
INFO: [ app_init ] --END-- [ RunTime:0.000606s ]
INFO: [ app_begin ] --START--
INFO: Run Behavior\ReadHtmlCacheBehavior [ RunTime:0.000496s ]
INFO: [ app_begin ] --END-- [ RunTime:0.000561s ]
NOTIC: [2048] call_user_func_array() expects parameter 1 to be a valid callback, non-static method Api::Login() should not be called statically /Applications/XAMPP/xamppfiles/htdocs/SV/Application/Home/Controller/IndexController.class.php 第 19 行.
SQL: SHOW COLUMNS FROM `user_info` [ RunTime:0.0034s ]
SQL: SELECT * FROM `user_info` WHERE `phone` = '13800001' LIMIT 1   [ RunTime:0.0005s ]
INFO: [ app_end ] --START--
INFO: Run Behavior\ShowPageTraceBehavior [ RunTime:0.000830s ]
INFO: [ app_end ] --END-- [ RunTime:0.000889s ]

