[ 2016-01-25T10:43:53+08:00 ] ::1 /superCourse/index.php/Home/Index/index4ios/index.php?method=loadForumList&param={%22Data%22:{%22community_id%22:%220001%22}}
INFO: [ app_init ] --START--
INFO: Run Behavior\BuildLiteBehavior [ RunTime:0.000021s ]
INFO: [ app_init ] --END-- [ RunTime:0.000344s ]
INFO: [ app_begin ] --START--
INFO: Run Behavior\ReadHtmlCacheBehavior [ RunTime:0.000340s ]
INFO: [ app_begin ] --END-- [ RunTime:0.000382s ]
NOTIC: [8] Undefined index: method /Applications/XAMPP/xamppfiles/htdocs/superCourse/Application/Home/Controller/IndexController.class.php 第 17 行.
NOTIC: [8] Undefined index: param /Applications/XAMPP/xamppfiles/htdocs/superCourse/Application/Home/Controller/IndexController.class.php 第 18 行.
NOTIC: [2] call_user_func_array() expects parameter 1 to be a valid callback, class 'Api' does not have a method 'loadForumList' /Applications/XAMPP/xamppfiles/htdocs/superCourse/Application/Home/Controller/IndexController.class.php 第 19 行.
INFO: [ app_end ] --START--
INFO: Run Behavior\ShowPageTraceBehavior [ RunTime:0.000432s ]
INFO: [ app_end ] --END-- [ RunTime:0.000477s ]

[ 2016-01-25T10:44:18+08:00 ] ::1 /superCourse/index.php/Home/Index/index4ios/index.php?method=loadForumList&param={%22Data%22:{%22community_id%22:%220001%22}}
INFO: [ app_init ] --START--
INFO: Run Behavior\BuildLiteBehavior [ RunTime:0.000024s ]
INFO: [ app_init ] --END-- [ RunTime:0.000425s ]
INFO: [ app_begin ] --START--
INFO: Run Behavior\ReadHtmlCacheBehavior [ RunTime:0.000472s ]
INFO: [ app_begin ] --END-- [ RunTime:0.000526s ]
NOTIC: [8] Undefined index: method /Applications/XAMPP/xamppfiles/htdocs/superCourse/Application/Home/Controller/IndexController.class.php 第 17 行.
NOTIC: [8] Undefined index: param /Applications/XAMPP/xamppfiles/htdocs/superCourse/Application/Home/Controller/IndexController.class.php 第 18 行.
NOTIC: [2] call_user_func_array() expects parameter 1 to be a valid callback, class 'Api' does not have a method 'loadForumList' /Applications/XAMPP/xamppfiles/htdocs/superCourse/Application/Home/Controller/IndexController.class.php 第 20 行.
INFO: [ app_end ] --START--
INFO: Run Behavior\ShowPageTraceBehavior [ RunTime:0.000483s ]
INFO: [ app_end ] --END-- [ RunTime:0.000532s ]

[ 2016-01-25T10:45:04+08:00 ] ::1 /superCourse/index.php/Home/Index/index4ios/index.php?method=loadForumList&param={%22Data%22:{%22community_id%22:%220001%22}}
INFO: [ app_init ] --START--
INFO: Run Behavior\BuildLiteBehavior [ RunTime:0.000029s ]
INFO: [ app_init ] --END-- [ RunTime:0.000543s ]
INFO: [ app_begin ] --START--
INFO: Run Behavior\ReadHtmlCacheBehavior [ RunTime:0.000557s ]
INFO: [ app_begin ] --END-- [ RunTime:0.000623s ]
NOTIC: [8] Undefined index: method /Applications/XAMPP/xamppfiles/htdocs/superCourse/Application/Home/Controller/IndexController.class.php 第 17 行.
NOTIC: [8] Undefined index: param /Applications/XAMPP/xamppfiles/htdocs/superCourse/Application/Home/Controller/IndexController.class.php 第 18 行.
NOTIC: [2] call_user_func_array() expects parameter 1 to be a valid callback, class 'Api' does not have a method 'loadForumList' /Applications/XAMPP/xamppfiles/htdocs/superCourse/Application/Home/Controller/IndexController.class.php 第 19 行.
INFO: [ app_end ] --START--
INFO: Run Behavior\ShowPageTraceBehavior [ RunTime:0.000576s ]
INFO: [ app_end ] --END-- [ RunTime:0.000633s ]

[ 2016-01-25T10:46:41+08:00 ] ::1 /superCourse/index.php/Home/Index/index4ios/index.php?method=loadForumList&param={%22Data%22:{%22community_id%22:%220001%22}}
INFO: [ app_init ] --START--
INFO: Run Behavior\BuildLiteBehavior [ RunTime:0.000030s ]
INFO: [ app_init ] --END-- [ RunTime:0.000788s ]
INFO: [ app_begin ] --START--
INFO: Run Behavior\ReadHtmlCacheBehavior [ RunTime:0.000502s ]
INFO: [ app_begin ] --END-- [ RunTime:0.000563s ]
NOTIC: [8] Undefined index: method /Applications/XAMPP/xamppfiles/htdocs/superCourse/Application/Home/Controller/IndexController.class.php 第 17 行.
NOTIC: [8] Undefined index: param /Applications/XAMPP/xamppfiles/htdocs/superCourse/Application/Home/Controller/IndexController.class.php 第 18 行.
NOTIC: [2] call_user_func_array() expects parameter 1 to be a valid callback, class 'Api' does not have a method 'loadForumList' /Applications/XAMPP/xamppfiles/htdocs/superCourse/Application/Home/Controller/IndexController.class.php 第 19 行.
INFO: [ app_end ] --START--
INFO: Run Behavior\ShowPageTraceBehavior [ RunTime:0.000391s ]
INFO: [ app_end ] --END-- [ RunTime:0.000428s ]

[ 2016-01-25T10:46:54+08:00 ] ::1 /superCourse/index.php/Home/index.php?method=loadForumList&param={%22Data%22:{%22community_id%22:%220001%22}}
INFO: [ app_init ] --START--
INFO: Run Behavior\BuildLiteBehavior [ RunTime:0.000017s ]
INFO: [ app_init ] --END-- [ RunTime:0.000412s ]
INFO: [ app_begin ] --START--
INFO: Run Behavior\ReadHtmlCacheBehavior [ RunTime:0.000488s ]
INFO: [ app_begin ] --END-- [ RunTime:0.000540s ]
ERR: 无法加载控制器:Index.php

[ 2016-01-25T10:50:24+08:00 ] 127.0.0.1 /superCourse/index.php/Home/Index/index4ios/
INFO: [ app_init ] --START--
INFO: Run Behavior\BuildLiteBehavior [ RunTime:0.000014s ]
INFO: [ app_init ] --END-- [ RunTime:0.000279s ]
INFO: [ app_begin ] --START--
INFO: Run Behavior\ReadHtmlCacheBehavior [ RunTime:0.000383s ]
INFO: [ app_begin ] --END-- [ RunTime:0.000425s ]
NOTIC: [2048] call_user_func_array() expects parameter 1 to be a valid callback, non-static method Api::Login() should not be called statically /Applications/XAMPP/xamppfiles/htdocs/superCourse/Application/Home/Controller/IndexController.class.php 第 19 行.
SQL: SHOW COLUMNS FROM `sc_stu_info` [ RunTime:0.0025s ]
SQL: SELECT * FROM `sc_stu_info` WHERE `phone` = '13800001' LIMIT 1   [ RunTime:0.0008s ]
INFO: [ app_end ] --START--
INFO: Run Behavior\ShowPageTraceBehavior [ RunTime:0.000605s ]
INFO: [ app_end ] --END-- [ RunTime:0.000649s ]

